<?xml version="1.0" encoding="UTF-8"?>
<coverage generated="1773988124441" clover="3.2.0">
  <project timestamp="1773988124441" name="All files">
    <metrics statements="157" coveredstatements="132" conditionals="104" coveredconditionals="70" methods="42" coveredmethods="35" elements="303" coveredelements="237" complexity="0" loc="157" ncloc="157" packages="1" files="3" classes="3"/>
    <file name="BoardSelector.tsx" path="/home/samuel/Development/GTO-Wizard/frontend/src/components/BoardSelector.tsx">
      <metrics statements="9" coveredstatements="9" conditionals="5" coveredconditionals="5" methods="4" coveredmethods="4"/>
      <line num="9" count="1" type="cond" truecount="1" falsecount="0"/>
      <line num="10" count="30" type="stmt"/>
      <line num="17" count="30" type="stmt"/>
      <line num="19" count="30" type="stmt"/>
      <line num="22" count="120" type="stmt"/>
      <line num="24" count="1560" type="stmt"/>
      <line num="25" count="1560" type="stmt"/>
      <line num="27" count="1560" type="stmt"/>
      <line num="30" count="1" type="cond" truecount="2" falsecount="0"/>
    </file>
    <file name="DashboardView.tsx" path="/home/samuel/Development/GTO-Wizard/frontend/src/components/DashboardView.tsx">
      <metrics statements="79" coveredstatements="69" conditionals="40" coveredconditionals="30" methods="24" coveredmethods="21"/>
      <line num="17" count="1" type="stmt"/>
      <line num="59" count="1" type="stmt"/>
      <line num="60" count="41" type="stmt"/>
      <line num="61" count="41" type="stmt"/>
      <line num="62" count="41" type="stmt"/>
      <line num="63" count="41" type="stmt"/>
      <line num="64" count="41" type="stmt"/>
      <line num="65" count="41" type="stmt"/>
      <line num="68" count="41" type="stmt"/>
      <line num="69" count="41" type="stmt"/>
      <line num="70" count="41" type="stmt"/>
      <line num="73" count="41" type="stmt"/>
      <line num="74" count="12" type="stmt"/>
      <line num="76" count="12" type="stmt"/>
      <line num="77" count="12" type="stmt"/>
      <line num="78" count="12" type="cond" truecount="2" falsecount="0"/>
      <line num="80" count="11" type="stmt"/>
      <line num="83" count="12" type="stmt"/>
      <line num="84" count="12" type="stmt"/>
      <line num="85" count="11" type="cond" truecount="3" falsecount="1"/>
      <line num="86" count="11" type="stmt"/>
      <line num="87" count="11" type="stmt"/>
      <line num="88" count="0" type="cond" truecount="0" falsecount="2"/>
      <line num="90" count="0" type="stmt"/>
      <line num="92" count="0" type="stmt"/>
      <line num="95" count="1" type="stmt"/>
      <line num="99" count="12" type="stmt"/>
      <line num="102" count="41" type="stmt"/>
      <line num="103" count="17" type="stmt"/>
      <line num="104" count="17" type="cond" truecount="2" falsecount="0"/>
      <line num="105" count="9" type="stmt"/>
      <line num="106" count="9" type="stmt"/>
      <line num="107" count="9" type="stmt"/>
      <line num="109" count="8" type="stmt"/>
      <line num="110" count="8" type="stmt"/>
      <line num="111" count="8" type="stmt"/>
      <line num="115" count="8" type="stmt"/>
      <line num="117" count="0" type="stmt"/>
      <line num="119" count="8" type="stmt"/>
      <line num="120" count="8" type="stmt"/>
      <line num="123" count="17" type="stmt"/>
      <line num="126" count="41" type="stmt"/>
      <line num="127" count="41" type="stmt"/>
      <line num="129" count="41" type="cond" truecount="1" falsecount="1"/>
      <line num="131" count="41" type="stmt"/>
      <line num="132" count="1" type="stmt"/>
      <line num="133" count="1" type="stmt"/>
      <line num="134" count="1" type="cond" truecount="3" falsecount="1"/>
      <line num="135" count="1" type="stmt"/>
      <line num="137" count="0" type="stmt"/>
      <line num="141" count="41" type="stmt"/>
      <line num="142" count="1" type="stmt"/>
      <line num="143" count="1" type="stmt"/>
      <line num="144" count="1" type="cond" truecount="3" falsecount="1"/>
      <line num="145" count="0" type="stmt"/>
      <line num="146" count="0" type="cond" truecount="0" falsecount="2"/>
      <line num="147" count="0" type="stmt"/>
      <line num="150" count="1" type="stmt"/>
      <line num="154" count="41" type="stmt"/>
      <line num="155" count="1" type="stmt"/>
      <line num="156" count="1" type="cond" truecount="1" falsecount="1"/>
      <line num="157" count="0" type="stmt"/>
      <line num="162" count="41" type="stmt"/>
      <line num="163" count="1" type="stmt"/>
      <line num="166" count="41" type="stmt"/>
      <line num="167" count="1" type="stmt"/>
      <line num="169" count="1" type="stmt"/>
      <line num="172" count="41" type="cond" truecount="2" falsecount="0"/>
      <line num="173" count="9" type="stmt"/>
      <line num="181" count="32" type="stmt"/>
      <line num="188" count="128" type="stmt"/>
      <line num="191" count="1" type="stmt"/>
      <line num="205" count="64" type="stmt"/>
      <line num="207" count="1" type="stmt"/>
      <line num="211" count="192" type="stmt"/>
      <line num="219" count="32" type="cond" truecount="2" falsecount="0"/>
      <line num="227" count="234" type="stmt"/>
      <line num="229" count="1" type="stmt"/>
      <line num="297" count="0" type="stmt"/>
    </file>
    <file name="StrategyMatrix.tsx" path="/home/samuel/Development/GTO-Wizard/frontend/src/components/StrategyMatrix.tsx">
      <metrics statements="69" coveredstatements="54" conditionals="59" coveredconditionals="35" methods="14" coveredmethods="10"/>
      <line num="28" count="1" type="stmt"/>
      <line num="31" count="1" type="stmt"/>
      <line num="39" count="1" type="stmt"/>
      <line num="40" count="34" type="stmt"/>
      <line num="41" count="34" type="stmt"/>
      <line num="43" count="34" type="stmt"/>
      <line num="44" count="17" type="stmt"/>
      <line num="45" count="8" type="stmt"/>
      <line num="46" count="8" type="stmt"/>
      <line num="47" count="8" type="cond" truecount="1" falsecount="1"/>
      <line num="48" count="8" type="stmt"/>
      <line num="49" count="8" type="stmt"/>
      <line num="50" count="6" type="stmt"/>
      <line num="51" count="4" type="cond" truecount="1" falsecount="1"/>
      <line num="53" count="8" type="stmt"/>
      <line num="56" count="0" type="stmt"/>
      <line num="59" count="17" type="cond" truecount="2" falsecount="0"/>
      <line num="62" count="34" type="stmt"/>
      <line num="63" count="0" type="stmt"/>
      <line num="64" count="0" type="stmt"/>
      <line num="65" count="0" type="cond" truecount="0" falsecount="2"/>
      <line num="66" count="0" type="stmt"/>
      <line num="67" count="0" type="stmt"/>
      <line num="68" count="0" type="stmt"/>
      <line num="69" count="0" type="stmt"/>
      <line num="71" count="0" type="stmt"/>
      <line num="76" count="0" type="stmt"/>
      <line num="79" count="0" type="stmt"/>
      <line num="83" count="34" type="stmt"/>
      <line num="84" count="34" type="cond" truecount="1" falsecount="1"/>
      <line num="86" count="34" type="stmt"/>
      <line num="87" count="5746" type="stmt"/>
      <line num="88" count="5746" type="stmt"/>
      <line num="89" count="5746" type="cond" truecount="4" falsecount="0"/>
      <line num="91" count="5746" type="stmt"/>
      <line num="92" count="5746" type="stmt"/>
      <line num="93" count="5746" type="stmt"/>
      <line num="96" count="5746" type="cond" truecount="2" falsecount="0"/>
      <line num="99" count="5746" type="cond" truecount="3" falsecount="0"/>
      <line num="100" count="5746" type="cond" truecount="3" falsecount="0"/>
      <line num="101" count="5746" type="cond" truecount="3" falsecount="0"/>
      <line num="103" count="5746" type="stmt"/>
      <line num="104" count="5746" type="stmt"/>
      <line num="105" count="5746" type="stmt"/>
      <line num="107" count="5746" type="stmt"/>
      <line num="108" count="5746" type="stmt"/>
      <line num="109" count="5746" type="cond" truecount="2" falsecount="0"/>
      <line num="110" count="8" type="stmt"/>
      <line num="111" count="8" type="stmt"/>
      <line num="113" count="5746" type="cond" truecount="2" falsecount="0"/>
      <line num="114" count="8" type="stmt"/>
      <line num="115" count="8" type="stmt"/>
      <line num="117" count="5746" type="cond" truecount="2" falsecount="0"/>
      <line num="118" count="5738" type="stmt"/>
      <line num="121" count="5746" type="cond" truecount="1" falsecount="1"/>
      <line num="126" count="5746" type="stmt"/>
      <line num="127" count="5746" type="cond" truecount="2" falsecount="0"/>
      <line num="128" count="5738" type="stmt"/>
      <line num="129" count="5738" type="cond" truecount="1" falsecount="1"/>
      <line num="130" count="5738" type="stmt"/>
      <line num="131" count="5738" type="stmt"/>
      <line num="135" count="5746" type="stmt"/>
      <line num="139" count="0" type="stmt"/>
      <line num="140" count="0" type="cond" truecount="0" falsecount="2"/>
      <line num="164" count="34" type="stmt"/>
      <line num="179" count="442" type="stmt"/>
      <line num="180" count="5746" type="stmt"/>
      <line num="197" count="0" type="stmt"/>
      <line num="221" count="0" type="stmt"/>
    </file>
  </project>
</coverage>
