<?xml version="1.0" encoding="UTF-8"?>
<coverage generated="1774013084127" clover="3.2.0">
  <project timestamp="1774013084127" name="All files">
    <metrics statements="342" coveredstatements="298" conditionals="242" coveredconditionals="187" methods="95" coveredmethods="76" elements="679" coveredelements="561" complexity="0" loc="342" ncloc="342" packages="3" files="8" classes="8"/>
    <package name="api">
      <metrics statements="35" coveredstatements="27" conditionals="28" coveredconditionals="22" methods="6" coveredmethods="4"/>
      <file name="client.ts" path="/home/samuel/Development/GTO-Wizard/frontend/src/api/client.ts">
        <metrics statements="35" coveredstatements="27" conditionals="28" coveredconditionals="22" methods="6" coveredmethods="4"/>
        <line num="1" count="1" type="cond" truecount="2" falsecount="0"/>
        <line num="7" count="1" type="stmt"/>
        <line num="9" count="6" type="stmt"/>
        <line num="10" count="6" type="stmt"/>
        <line num="12" count="6" type="cond" truecount="1" falsecount="1"/>
        <line num="13" count="6" type="cond" truecount="2" falsecount="0"/>
        <line num="14" count="1" type="stmt"/>
        <line num="15" count="1" type="stmt"/>
        <line num="16" count="2" type="cond" truecount="5" falsecount="0"/>
        <line num="17" count="1" type="stmt"/>
        <line num="20" count="1" type="stmt"/>
        <line num="21" count="1" type="cond" truecount="1" falsecount="1"/>
        <line num="24" count="6" type="stmt"/>
        <line num="25" count="6" type="cond" truecount="1" falsecount="1"/>
        <line num="26" count="0" type="stmt"/>
        <line num="28" count="6" type="cond" truecount="4" falsecount="0"/>
        <line num="29" count="5" type="stmt"/>
        <line num="32" count="6" type="stmt"/>
        <line num="37" count="6" type="cond" truecount="1" falsecount="1"/>
        <line num="38" count="0" type="stmt"/>
        <line num="39" count="0" type="stmt"/>
        <line num="40" count="0" type="stmt"/>
        <line num="41" count="0" type="stmt"/>
        <line num="44" count="6" type="cond" truecount="2" falsecount="0"/>
        <line num="46" count="2" type="stmt"/>
        <line num="47" count="2" type="stmt"/>
        <line num="49" count="1" type="stmt"/>
        <line num="51" count="2" type="stmt"/>
        <line num="54" count="4" type="stmt"/>
        <line num="58" count="4" type="stmt"/>
        <line num="62" count="2" type="stmt"/>
        <line num="63" count="2" type="stmt"/>
        <line num="71" count="0" type="stmt"/>
        <line num="72" count="0" type="stmt"/>
        <line num="80" count="0" type="stmt"/>
      </file>
    </package>
    <package name="components">
      <metrics statements="288" coveredstatements="254" conditionals="205" coveredconditionals="159" methods="84" coveredmethods="67"/>
      <file name="BoardSelector.tsx" path="/home/samuel/Development/GTO-Wizard/frontend/src/components/BoardSelector.tsx">
        <metrics statements="9" coveredstatements="9" conditionals="5" coveredconditionals="5" methods="4" coveredmethods="4"/>
        <line num="9" count="2" type="cond" truecount="1" falsecount="0"/>
        <line num="10" count="50" type="stmt"/>
        <line num="17" count="50" type="stmt"/>
        <line num="19" count="50" type="stmt"/>
        <line num="22" count="200" type="stmt"/>
        <line num="24" count="2600" type="stmt"/>
        <line num="25" count="2600" type="stmt"/>
        <line num="27" count="2600" type="stmt"/>
        <line num="31" count="4" type="cond" truecount="2" falsecount="0"/>
      </file>
      <file name="DashboardView.tsx" path="/home/samuel/Development/GTO-Wizard/frontend/src/components/DashboardView.tsx">
        <metrics statements="108" coveredstatements="88" conditionals="73" coveredconditionals="48" methods="34" coveredmethods="23"/>
        <line num="24" count="1" type="stmt"/>
        <line num="66" count="1" type="stmt"/>
        <line num="67" count="68" type="stmt"/>
        <line num="68" count="68" type="stmt"/>
        <line num="69" count="68" type="stmt"/>
        <line num="70" count="68" type="stmt"/>
        <line num="71" count="68" type="stmt"/>
        <line num="72" count="68" type="stmt"/>
        <line num="75" count="68" type="stmt"/>
        <line num="76" count="68" type="stmt"/>
        <line num="77" count="68" type="stmt"/>
        <line num="78" count="68" type="stmt"/>
        <line num="79" count="68" type="stmt"/>
        <line num="80" count="68" type="stmt"/>
        <line num="82" count="68" type="stmt"/>
        <line num="83" count="22" type="cond" truecount="1" falsecount="1"/>
        <line num="84" count="0" type="stmt"/>
        <line num="85" count="0" type="cond" truecount="0" falsecount="2"/>
        <line num="86" count="0" type="stmt"/>
        <line num="87" count="0" type="stmt"/>
        <line num="88" count="0" type="cond" truecount="0" falsecount="2"/>
        <line num="89" count="0" type="cond" truecount="0" falsecount="2"/>
        <line num="93" count="68" type="stmt"/>
        <line num="94" count="22" type="stmt"/>
        <line num="96" count="22" type="stmt"/>
        <line num="97" count="22" type="stmt"/>
        <line num="98" count="22" type="cond" truecount="1" falsecount="1"/>
        <line num="99" count="0" type="stmt"/>
        <line num="101" count="22" type="stmt"/>
        <line num="103" count="22" type="stmt"/>
        <line num="105" count="22" type="cond" truecount="2" falsecount="0"/>
        <line num="106" count="21" type="stmt"/>
        <line num="109" count="22" type="stmt"/>
        <line num="111" count="22" type="stmt"/>
        <line num="112" count="22" type="stmt"/>
        <line num="113" count="21" type="cond" truecount="4" falsecount="0"/>
        <line num="114" count="20" type="stmt"/>
        <line num="115" count="20" type="stmt"/>
        <line num="116" count="1" type="cond" truecount="1" falsecount="1"/>
        <line num="118" count="0" type="stmt"/>
        <line num="120" count="1" type="stmt"/>
        <line num="123" count="1" type="stmt"/>
        <line num="127" count="22" type="stmt"/>
        <line num="130" count="68" type="stmt"/>
        <line num="131" count="26" type="stmt"/>
        <line num="132" count="26" type="cond" truecount="2" falsecount="0"/>
        <line num="133" count="14" type="stmt"/>
        <line num="134" count="14" type="stmt"/>
        <line num="135" count="14" type="stmt"/>
        <line num="137" count="12" type="stmt"/>
        <line num="138" count="12" type="stmt"/>
        <line num="139" count="12" type="stmt"/>
        <line num="140" count="12" type="stmt"/>
        <line num="144" count="11" type="stmt"/>
        <line num="146" count="1" type="stmt"/>
        <line num="147" count="1" type="stmt"/>
        <line num="149" count="12" type="stmt"/>
        <line num="150" count="12" type="stmt"/>
        <line num="153" count="26" type="stmt"/>
        <line num="156" count="68" type="stmt"/>
        <line num="160" count="0" type="cond" truecount="0" falsecount="2"/>
        <line num="161" count="0" type="stmt"/>
        <line num="162" count="0" type="stmt"/>
        <line num="165" count="68" type="stmt"/>
        <line num="166" count="68" type="stmt"/>
        <line num="168" count="68" type="cond" truecount="1" falsecount="1"/>
        <line num="170" count="68" type="stmt"/>
        <line num="171" count="1" type="stmt"/>
        <line num="172" count="1" type="stmt"/>
        <line num="173" count="1" type="cond" truecount="3" falsecount="1"/>
        <line num="174" count="1" type="stmt"/>
        <line num="176" count="0" type="stmt"/>
        <line num="180" count="68" type="stmt"/>
        <line num="181" count="1" type="stmt"/>
        <line num="182" count="1" type="stmt"/>
        <line num="183" count="1" type="cond" truecount="3" falsecount="1"/>
        <line num="184" count="0" type="stmt"/>
        <line num="185" count="0" type="cond" truecount="0" falsecount="2"/>
        <line num="186" count="0" type="stmt"/>
        <line num="189" count="1" type="stmt"/>
        <line num="193" count="68" type="stmt"/>
        <line num="194" count="3" type="stmt"/>
        <line num="195" count="3" type="cond" truecount="1" falsecount="1"/>
        <line num="196" count="0" type="stmt"/>
        <line num="201" count="68" type="stmt"/>
        <line num="202" count="2" type="stmt"/>
        <line num="205" count="68" type="stmt"/>
        <line num="206" count="1" type="stmt"/>
        <line num="208" count="1" type="stmt"/>
        <line num="211" count="68" type="cond" truecount="2" falsecount="0"/>
        <line num="212" count="14" type="stmt"/>
        <line num="220" count="54" type="stmt"/>
        <line num="227" count="216" type="stmt"/>
        <line num="230" count="1" type="stmt"/>
        <line num="244" count="108" type="stmt"/>
        <line num="246" count="1" type="stmt"/>
        <line num="250" count="324" type="stmt"/>
        <line num="259" count="0" type="stmt"/>
        <line num="270" count="54" type="cond" truecount="2" falsecount="0"/>
        <line num="278" count="388" type="stmt"/>
        <line num="280" count="1" type="stmt"/>
        <line num="323" count="9" type="stmt"/>
        <line num="324" count="9" type="stmt"/>
        <line num="325" count="9" type="stmt"/>
        <line num="326" count="9" type="stmt"/>
        <line num="386" count="0" type="stmt"/>
        <line num="392" count="0" type="stmt"/>
        <line num="403" count="0" type="stmt"/>
      </file>
      <file name="LibraryView.tsx" path="/home/samuel/Development/GTO-Wizard/frontend/src/components/LibraryView.tsx">
        <metrics statements="47" coveredstatements="42" conditionals="22" coveredconditionals="19" methods="15" coveredmethods="10"/>
        <line num="7" count="1" type="stmt"/>
        <line num="8" count="19" type="stmt"/>
        <line num="9" count="19" type="stmt"/>
        <line num="10" count="19" type="stmt"/>
        <line num="11" count="19" type="stmt"/>
        <line num="12" count="19" type="stmt"/>
        <line num="13" count="19" type="stmt"/>
        <line num="14" count="19" type="stmt"/>
        <line num="15" count="19" type="stmt"/>
        <line num="16" count="19" type="stmt"/>
        <line num="17" count="19" type="stmt"/>
        <line num="19" count="19" type="stmt"/>
        <line num="20" count="6" type="stmt"/>
        <line num="21" count="6" type="stmt"/>
        <line num="22" count="6" type="stmt"/>
        <line num="26" count="6" type="stmt"/>
        <line num="28" count="0" type="stmt"/>
        <line num="30" count="6" type="stmt"/>
        <line num="34" count="19" type="stmt"/>
        <line num="35" count="5" type="stmt"/>
        <line num="38" count="19" type="stmt"/>
        <line num="39" count="2" type="stmt"/>
        <line num="40" count="2" type="cond" truecount="1" falsecount="1"/>
        <line num="42" count="2" type="stmt"/>
        <line num="43" count="2" type="stmt"/>
        <line num="44" count="2" type="stmt"/>
        <line num="45" count="2" type="stmt"/>
        <line num="47" count="2" type="stmt"/>
        <line num="48" count="2" type="stmt"/>
        <line num="50" count="2" type="stmt"/>
        <line num="52" count="1" type="stmt"/>
        <line num="53" count="1" type="stmt"/>
        <line num="54" count="1" type="stmt"/>
        <line num="56" count="1" type="cond" truecount="1" falsecount="1"/>
        <line num="58" count="2" type="stmt"/>
        <line num="62" count="19" type="stmt"/>
        <line num="63" count="28" type="stmt"/>
        <line num="66" count="19" type="stmt"/>
        <line num="77" count="2" type="stmt"/>
        <line num="90" count="2" type="stmt"/>
        <line num="104" count="0" type="stmt"/>
        <line num="118" count="0" type="stmt"/>
        <line num="139" count="30" type="stmt"/>
        <line num="143" count="25" type="stmt"/>
        <line num="145" count="0" type="stmt"/>
        <line num="185" count="1" type="stmt"/>
        <line num="199" count="0" type="stmt"/>
      </file>
      <file name="LoginView.tsx" path="/home/samuel/Development/GTO-Wizard/frontend/src/components/LoginView.tsx">
        <metrics statements="26" coveredstatements="24" conditionals="12" coveredconditionals="9" methods="5" coveredmethods="4"/>
        <line num="5" count="1" type="stmt"/>
        <line num="6" count="14" type="stmt"/>
        <line num="7" count="14" type="stmt"/>
        <line num="8" count="14" type="stmt"/>
        <line num="9" count="14" type="stmt"/>
        <line num="10" count="14" type="stmt"/>
        <line num="11" count="14" type="stmt"/>
        <line num="13" count="14" type="stmt"/>
        <line num="14" count="2" type="stmt"/>
        <line num="15" count="2" type="stmt"/>
        <line num="16" count="2" type="stmt"/>
        <line num="18" count="2" type="stmt"/>
        <line num="19" count="2" type="stmt"/>
        <line num="28" count="2" type="cond" truecount="2" falsecount="0"/>
        <line num="29" count="1" type="stmt"/>
        <line num="30" count="1" type="stmt"/>
        <line num="31" count="1" type="stmt"/>
        <line num="32" count="1" type="stmt"/>
        <line num="34" count="1" type="stmt"/>
        <line num="35" count="1" type="cond" truecount="1" falsecount="1"/>
        <line num="38" count="0" type="stmt"/>
        <line num="40" count="2" type="stmt"/>
        <line num="44" count="14" type="stmt"/>
        <line num="77" count="3" type="stmt"/>
        <line num="95" count="2" type="stmt"/>
        <line num="99" count="0" type="stmt"/>
      </file>
      <file name="StrategyMatrix.tsx" path="/home/samuel/Development/GTO-Wizard/frontend/src/components/StrategyMatrix.tsx">
        <metrics statements="77" coveredstatements="70" conditionals="75" coveredconditionals="63" methods="19" coveredmethods="19"/>
        <line num="28" count="2" type="stmt"/>
        <line num="31" count="2" type="stmt"/>
        <line num="45" count="2" type="stmt"/>
        <line num="46" count="59" type="stmt"/>
        <line num="47" count="59" type="cond" truecount="2" falsecount="0"/>
        <line num="48" count="57" type="cond" truecount="4" falsecount="0"/>
        <line num="51" count="34" type="cond" truecount="5" falsecount="0"/>
        <line num="52" count="4" type="cond" truecount="3" falsecount="1"/>
        <line num="54" count="4" type="stmt"/>
        <line num="55" count="4" type="cond" truecount="1" falsecount="1"/>
        <line num="56" count="4" type="stmt"/>
        <line num="57" count="4" type="cond" truecount="2" falsecount="0"/>
        <line num="58" count="2" type="cond" truecount="1" falsecount="1"/>
        <line num="60" count="2" type="stmt"/>
        <line num="62" count="0" type="stmt"/>
        <line num="65" count="2" type="stmt"/>
        <line num="66" count="45" type="stmt"/>
        <line num="67" count="45" type="stmt"/>
        <line num="69" count="45" type="stmt"/>
        <line num="70" count="26" type="stmt"/>
        <line num="71" count="14" type="stmt"/>
        <line num="72" count="14" type="stmt"/>
        <line num="73" count="14" type="cond" truecount="1" falsecount="1"/>
        <line num="74" count="14" type="stmt"/>
        <line num="75" count="14" type="stmt"/>
        <line num="76" count="8" type="stmt"/>
        <line num="77" count="6" type="cond" truecount="1" falsecount="1"/>
        <line num="79" count="14" type="stmt"/>
        <line num="82" count="0" type="stmt"/>
        <line num="85" count="26" type="cond" truecount="2" falsecount="0"/>
        <line num="88" count="45" type="stmt"/>
        <line num="89" count="1" type="stmt"/>
        <line num="90" count="1" type="stmt"/>
        <line num="91" count="1" type="cond" truecount="1" falsecount="1"/>
        <line num="92" count="0" type="stmt"/>
        <line num="93" count="0" type="stmt"/>
        <line num="94" count="0" type="stmt"/>
        <line num="95" count="0" type="stmt"/>
        <line num="97" count="1" type="stmt"/>
        <line num="102" count="1" type="stmt"/>
        <line num="105" count="0" type="stmt"/>
        <line num="109" count="45" type="stmt"/>
        <line num="110" count="45" type="cond" truecount="2" falsecount="0"/>
        <line num="112" count="45" type="stmt"/>
        <line num="113" count="7605" type="stmt"/>
        <line num="114" count="7605" type="stmt"/>
        <line num="115" count="7605" type="cond" truecount="4" falsecount="0"/>
        <line num="117" count="7605" type="stmt"/>
        <line num="118" count="7605" type="stmt"/>
        <line num="119" count="7605" type="stmt"/>
        <line num="122" count="7605" type="cond" truecount="2" falsecount="0"/>
        <line num="123" count="7605" type="stmt"/>
        <line num="125" count="56" type="stmt"/>
        <line num="126" count="112" type="stmt"/>
        <line num="127" count="112" type="cond" truecount="2" falsecount="0"/>
        <line num="128" count="83" type="cond" truecount="4" falsecount="0"/>
        <line num="129" count="44" type="stmt"/>
        <line num="131" count="56" type="stmt"/>
        <line num="134" count="7605" type="stmt"/>
        <line num="135" count="7605" type="stmt"/>
        <line num="137" count="7605" type="stmt"/>
        <line num="138" count="63" type="stmt"/>
        <line num="139" count="63" type="cond" truecount="2" falsecount="0"/>
        <line num="140" count="42" type="stmt"/>
        <line num="141" count="42" type="stmt"/>
        <line num="142" count="42" type="stmt"/>
        <line num="146" count="7605" type="cond" truecount="2" falsecount="0"/>
        <line num="151" count="7605" type="cond" truecount="2" falsecount="0"/>
        <line num="152" count="63" type="stmt"/>
        <line num="155" count="7605" type="stmt"/>
        <line num="159" count="2" type="stmt"/>
        <line num="160" count="2" type="cond" truecount="2" falsecount="0"/>
        <line num="184" count="45" type="stmt"/>
        <line num="199" count="585" type="stmt"/>
        <line num="200" count="7605" type="stmt"/>
        <line num="217" count="1" type="stmt"/>
        <line num="241" count="12" type="stmt"/>
      </file>
      <file name="SummaryStats.tsx" path="/home/samuel/Development/GTO-Wizard/frontend/src/components/SummaryStats.tsx">
        <metrics statements="21" coveredstatements="21" conditionals="18" coveredconditionals="15" methods="7" coveredmethods="7"/>
        <line num="9" count="1" type="stmt"/>
        <line num="10" count="33" type="stmt"/>
        <line num="11" count="23" type="cond" truecount="4" falsecount="0"/>
        <line num="13" count="11" type="stmt"/>
        <line num="14" count="11" type="stmt"/>
        <line num="15" count="11" type="stmt"/>
        <line num="17" count="11" type="stmt"/>
        <line num="18" count="12" type="cond" truecount="2" falsecount="0"/>
        <line num="19" count="6" type="stmt"/>
        <line num="20" count="15" type="cond" truecount="2" falsecount="0"/>
        <line num="21" count="15" type="cond" truecount="1" falsecount="1"/>
        <line num="22" count="15" type="cond" truecount="2" falsecount="0"/>
        <line num="27" count="11" type="stmt"/>
        <line num="28" count="15" type="stmt"/>
        <line num="29" count="15" type="stmt"/>
        <line num="30" count="15" type="cond" truecount="2" falsecount="2"/>
        <line num="32" count="15" type="stmt"/>
        <line num="39" count="11" type="stmt"/>
        <line num="42" count="33" type="cond" truecount="2" falsecount="0"/>
        <line num="44" count="13" type="stmt"/>
        <line num="47" count="17" type="stmt"/>
      </file>
    </package>
    <package name="contexts">
      <metrics statements="19" coveredstatements="17" conditionals="9" coveredconditionals="6" methods="5" coveredmethods="5"/>
      <file name="SolutionContext.tsx" path="/home/samuel/Development/GTO-Wizard/frontend/src/contexts/SolutionContext.tsx">
        <metrics statements="19" coveredstatements="17" conditionals="9" coveredconditionals="6" methods="5" coveredmethods="5"/>
        <line num="9" count="2" type="stmt"/>
        <line num="11" count="2" type="stmt"/>
        <line num="12" count="17" type="stmt"/>
        <line num="13" count="16" type="stmt"/>
        <line num="15" count="17" type="stmt"/>
        <line num="18" count="17" type="stmt"/>
        <line num="19" count="17" type="cond" truecount="2" falsecount="0"/>
        <line num="20" count="3" type="stmt"/>
        <line num="22" count="14" type="stmt"/>
        <line num="27" count="17" type="stmt"/>
        <line num="28" count="16" type="stmt"/>
        <line num="29" count="16" type="cond" truecount="3" falsecount="2"/>
        <line num="30" count="0" type="stmt"/>
        <line num="34" count="17" type="stmt"/>
        <line num="41" count="2" type="stmt"/>
        <line num="42" count="3" type="stmt"/>
        <line num="43" count="3" type="cond" truecount="1" falsecount="1"/>
        <line num="44" count="0" type="stmt"/>
        <line num="46" count="3" type="stmt"/>
      </file>
    </package>
  </project>
</coverage>
