{"/home/samuel/Development/GTO-Wizard/frontend/src/api/client.ts": {"path":"/home/samuel/Development/GTO-Wizard/frontend/src/api/client.ts","statementMap":{"0":{"start":{"line":1,"column":17},"end":{"line":1,"column":null}},"1":{"start":{"line":7,"column":25},"end":{"line":82,"column":null}},"2":{"start":{"line":9,"column":32},"end":{"line":9,"column":null}},"3":{"start":{"line":10,"column":18},"end":{"line":10,"column":51}},"4":{"start":{"line":12,"column":14},"end":{"line":12,"column":null}},"5":{"start":{"line":13,"column":4},"end":{"line":21,"column":null}},"6":{"start":{"line":14,"column":27},"end":{"line":14,"column":48}},"7":{"start":{"line":15,"column":6},"end":{"line":19,"column":null}},"8":{"start":{"line":16,"column":8},"end":{"line":17,"column":null}},"9":{"start":{"line":17,"column":10},"end":{"line":17,"column":null}},"10":{"start":{"line":20,"column":26},"end":{"line":20,"column":49}},"11":{"start":{"line":21,"column":6},"end":{"line":21,"column":null}},"12":{"start":{"line":21,"column":23},"end":{"line":21,"column":null}},"13":{"start":{"line":24,"column":20},"end":{"line":24,"column":45}},"14":{"start":{"line":25,"column":4},"end":{"line":26,"column":null}},"15":{"start":{"line":26,"column":6},"end":{"line":26,"column":null}},"16":{"start":{"line":28,"column":4},"end":{"line":29,"column":null}},"17":{"start":{"line":29,"column":6},"end":{"line":29,"column":null}},"18":{"start":{"line":32,"column":21},"end":{"line":35,"column":6}},"19":{"start":{"line":37,"column":4},"end":{"line":41,"column":null}},"20":{"start":{"line":38,"column":6},"end":{"line":38,"column":null}},"21":{"start":{"line":39,"column":6},"end":{"line":39,"column":null}},"22":{"start":{"line":40,"column":6},"end":{"line":40,"column":null}},"23":{"start":{"line":41,"column":6},"end":{"line":41,"column":null}},"24":{"start":{"line":44,"column":4},"end":{"line":51,"column":null}},"25":{"start":{"line":46,"column":6},"end":{"line":49,"column":null}},"26":{"start":{"line":47,"column":8},"end":{"line":47,"column":null}},"27":{"start":{"line":49,"column":8},"end":{"line":49,"column":null}},"28":{"start":{"line":51,"column":6},"end":{"line":51,"column":null}},"29":{"start":{"line":54,"column":4},"end":{"line":54,"column":null}},"30":{"start":{"line":58,"column":4},"end":{"line":58,"column":null}},"31":{"start":{"line":62,"column":23},"end":{"line":62,"column":null}},"32":{"start":{"line":63,"column":4},"end":{"line":67,"column":null}},"33":{"start":{"line":71,"column":23},"end":{"line":71,"column":null}},"34":{"start":{"line":72,"column":4},"end":{"line":76,"column":null}},"35":{"start":{"line":80,"column":4},"end":{"line":80,"column":null}}},"fnMap":{"0":{"name":"(anonymous_0)","decl":{"start":{"line":8,"column":8},"end":{"line":8,"column":19}},"loc":{"start":{"line":8,"column":79},"end":{"line":54,"column":null}},"line":8},"1":{"name":"(anonymous_1)","decl":{"start":{"line":15,"column":29},"end":{"line":15,"column":38}},"loc":{"start":{"line":15,"column":55},"end":{"line":19,"column":null}},"line":15},"2":{"name":"(anonymous_2)","decl":{"start":{"line":57,"column":2},"end":{"line":57,"column":9}},"loc":{"start":{"line":57,"column":95},"end":{"line":58,"column":null}},"line":57},"3":{"name":"(anonymous_3)","decl":{"start":{"line":61,"column":2},"end":{"line":61,"column":10}},"loc":{"start":{"line":61,"column":65},"end":{"line":67,"column":null}},"line":61},"4":{"name":"(anonymous_4)","decl":{"start":{"line":70,"column":2},"end":{"line":70,"column":11}},"loc":{"start":{"line":70,"column":66},"end":{"line":76,"column":null}},"line":70},"5":{"name":"(anonymous_5)","decl":{"start":{"line":79,"column":2},"end":{"line":79,"column":12}},"loc":{"start":{"line":79,"column":56},"end":{"line":80,"column":null}},"line":79}},"branchMap":{"0":{"loc":{"start":{"line":1,"column":17},"end":{"line":1,"column":null}},"type":"binary-expr","locations":[{"start":{"line":1,"column":17},"end":{"line":1,"column":49}},{"start":{"line":1,"column":49},"end":{"line":1,"column":null}}],"line":1},"1":{"loc":{"start":{"line":8,"column":37},"end":{"line":8,"column":65}},"type":"default-arg","locations":[{"start":{"line":8,"column":63},"end":{"line":8,"column":65}}],"line":8},"2":{"loc":{"start":{"line":12,"column":28},"end":{"line":12,"column":null}},"type":"cond-expr","locations":[{"start":{"line":12,"column":55},"end":{"line":12,"column":66}},{"start":{"line":12,"column":66},"end":{"line":12,"column":null}}],"line":12},"3":{"loc":{"start":{"line":13,"column":4},"end":{"line":21,"column":null}},"type":"if","locations":[{"start":{"line":13,"column":4},"end":{"line":21,"column":null}},{"start":{},"end":{}}],"line":13},"4":{"loc":{"start":{"line":16,"column":8},"end":{"line":17,"column":null}},"type":"if","locations":[{"start":{"line":16,"column":8},"end":{"line":17,"column":null}},{"start":{},"end":{}}],"line":16},"5":{"loc":{"start":{"line":16,"column":12},"end":{"line":16,"column":67}},"type":"binary-expr","locations":[{"start":{"line":16,"column":12},"end":{"line":16,"column":35}},{"start":{"line":16,"column":35},"end":{"line":16,"column":53}},{"start":{"line":16,"column":53},"end":{"line":16,"column":67}}],"line":16},"6":{"loc":{"start":{"line":21,"column":6},"end":{"line":21,"column":null}},"type":"if","locations":[{"start":{"line":21,"column":6},"end":{"line":21,"column":null}},{"start":{},"end":{}}],"line":21},"7":{"loc":{"start":{"line":25,"column":4},"end":{"line":26,"column":null}},"type":"if","locations":[{"start":{"line":25,"column":4},"end":{"line":26,"column":null}},{"start":{},"end":{}}],"line":25},"8":{"loc":{"start":{"line":28,"column":4},"end":{"line":29,"column":null}},"type":"if","locations":[{"start":{"line":28,"column":4},"end":{"line":29,"column":null}},{"start":{},"end":{}}],"line":28},"9":{"loc":{"start":{"line":28,"column":8},"end":{"line":28,"column":72}},"type":"binary-expr","locations":[{"start":{"line":28,"column":8},"end":{"line":28,"column":44}},{"start":{"line":28,"column":44},"end":{"line":28,"column":72}}],"line":28},"10":{"loc":{"start":{"line":37,"column":4},"end":{"line":41,"column":null}},"type":"if","locations":[{"start":{"line":37,"column":4},"end":{"line":41,"column":null}},{"start":{},"end":{}}],"line":37},"11":{"loc":{"start":{"line":44,"column":4},"end":{"line":51,"column":null}},"type":"if","locations":[{"start":{"line":44,"column":4},"end":{"line":51,"column":null}},{"start":{},"end":{}}],"line":44},"12":{"loc":{"start":{"line":66,"column":12},"end":{"line":66,"column":null}},"type":"cond-expr","locations":[{"start":{"line":66,"column":25},"end":{"line":66,"column":32}},{"start":{"line":66,"column":32},"end":{"line":66,"column":null}}],"line":66},"13":{"loc":{"start":{"line":75,"column":12},"end":{"line":75,"column":null}},"type":"cond-expr","locations":[{"start":{"line":75,"column":25},"end":{"line":75,"column":32}},{"start":{"line":75,"column":32},"end":{"line":75,"column":null}}],"line":75}},"s":{"0":1,"1":1,"2":6,"3":6,"4":6,"5":6,"6":1,"7":1,"8":2,"9":1,"10":1,"11":1,"12":1,"13":6,"14":6,"15":0,"16":6,"17":5,"18":6,"19":6,"20":0,"21":0,"22":0,"23":0,"24":6,"25":2,"26":2,"27":1,"28":2,"29":4,"30":4,"31":2,"32":2,"33":0,"34":0,"35":0},"f":{"0":6,"1":2,"2":4,"3":2,"4":0,"5":0},"b":{"0":[1,1],"1":[6],"2":[6,0],"3":[1,5],"4":[1,1],"5":[2,2,2],"6":[1,0],"7":[0,6],"8":[5,1],"9":[6,5],"10":[0,6],"11":[2,4],"12":[1,1],"13":[0,0]},"meta":{"lastBranch":14,"lastFunction":6,"lastStatement":36,"seen":{"s:1:17:1:Infinity":0,"b:1:17:1:49:1:49:1:Infinity":0,"s:7:25:82:Infinity":1,"f:8:8:8:19":0,"b:8:63:8:65":1,"s:9:32:9:Infinity":2,"s:10:18:10:51":3,"s:12:14:12:Infinity":4,"b:12:55:12:66:12:66:12:Infinity":2,"b:13:4:21:Infinity:undefined:undefined:undefined:undefined":3,"s:13:4:21:Infinity":5,"s:14:27:14:48":6,"s:15:6:19:Infinity":7,"f:15:29:15:38":1,"b:16:8:17:Infinity:undefined:undefined:undefined:undefined":4,"s:16:8:17:Infinity":8,"b:16:12:16:35:16:35:16:53:16:53:16:67":5,"s:17:10:17:Infinity":9,"s:20:26:20:49":10,"b:21:6:21:Infinity:undefined:undefined:undefined:undefined":6,"s:21:6:21:Infinity":11,"s:21:23:21:Infinity":12,"s:24:20:24:45":13,"b:25:4:26:Infinity:undefined:undefined:undefined:undefined":7,"s:25:4:26:Infinity":14,"s:26:6:26:Infinity":15,"b:28:4:29:Infinity:undefined:undefined:undefined:undefined":8,"s:28:4:29:Infinity":16,"b:28:8:28:44:28:44:28:72":9,"s:29:6:29:Infinity":17,"s:32:21:35:6":18,"b:37:4:41:Infinity:undefined:undefined:undefined:undefined":10,"s:37:4:41:Infinity":19,"s:38:6:38:Infinity":20,"s:39:6:39:Infinity":21,"s:40:6:40:Infinity":22,"s:41:6:41:Infinity":23,"b:44:4:51:Infinity:undefined:undefined:undefined:undefined":11,"s:44:4:51:Infinity":24,"s:46:6:49:Infinity":25,"s:47:8:47:Infinity":26,"s:49:8:49:Infinity":27,"s:51:6:51:Infinity":28,"s:54:4:54:Infinity":29,"f:57:2:57:9":2,"s:58:4:58:Infinity":30,"f:61:2:61:10":3,"s:62:23:62:Infinity":31,"s:63:4:67:Infinity":32,"b:66:25:66:32:66:32:66:Infinity":12,"f:70:2:70:11":4,"s:71:23:71:Infinity":33,"s:72:4:76:Infinity":34,"b:75:25:75:32:75:32:75:Infinity":13,"f:79:2:79:12":5,"s:80:4:80:Infinity":35}}}
,"/home/samuel/Development/GTO-Wizard/frontend/src/components/BoardSelector.tsx": {"path":"/home/samuel/Development/GTO-Wizard/frontend/src/components/BoardSelector.tsx","statementMap":{"0":{"start":{"line":9,"column":6},"end":{"line":45,"column":null}},"1":{"start":{"line":10,"column":16},"end":{"line":15,"column":null}},"2":{"start":{"line":17,"column":16},"end":{"line":17,"column":null}},"3":{"start":{"line":19,"column":2},"end":{"line":45,"column":null}},"4":{"start":{"line":22,"column":8},"end":{"line":43,"column":null}},"5":{"start":{"line":24,"column":25},"end":{"line":24,"column":null}},"6":{"start":{"line":25,"column":31},"end":{"line":25,"column":51}},"7":{"start":{"line":27,"column":12},"end":{"line":40,"column":null}},"8":{"start":{"line":31,"column":31},"end":{"line":31,"column":65}}},"fnMap":{"0":{"name":"(anonymous_0)","decl":{"start":{"line":9,"column":6},"end":{"line":9,"column":53}},"loc":{"start":{"line":9,"column":86},"end":{"line":45,"column":null}},"line":9},"1":{"name":"(anonymous_1)","decl":{"start":{"line":21,"column":13},"end":{"line":21,"column":18}},"loc":{"start":{"line":22,"column":8},"end":{"line":43,"column":null}},"line":22},"2":{"name":"(anonymous_2)","decl":{"start":{"line":23,"column":17},"end":{"line":23,"column":22}},"loc":{"start":{"line":23,"column":31},"end":{"line":40,"column":null}},"line":23},"3":{"name":"(anonymous_3)","decl":{"start":{"line":31,"column":16},"end":{"line":31,"column":31}},"loc":{"start":{"line":31,"column":31},"end":{"line":31,"column":65}},"line":31}},"branchMap":{"0":{"loc":{"start":{"line":9,"column":55},"end":{"line":9,"column":65}},"type":"default-arg","locations":[{"start":{"line":9,"column":63},"end":{"line":9,"column":65}}],"line":9},"1":{"loc":{"start":{"line":31,"column":31},"end":{"line":31,"column":65}},"type":"binary-expr","locations":[{"start":{"line":31,"column":31},"end":{"line":31,"column":47}},{"start":{"line":31,"column":47},"end":{"line":31,"column":65}}],"line":31},"2":{"loc":{"start":{"line":35,"column":20},"end":{"line":35,"column":null}},"type":"cond-expr","locations":[{"start":{"line":35,"column":33},"end":{"line":35,"column":75}},{"start":{"line":35,"column":75},"end":{"line":35,"column":null}}],"line":35}},"s":{"0":2,"1":50,"2":50,"3":50,"4":200,"5":2600,"6":2600,"7":2600,"8":4},"f":{"0":50,"1":200,"2":2600,"3":4},"b":{"0":[50],"1":[4,4],"2":[13,2587]},"meta":{"lastBranch":3,"lastFunction":4,"lastStatement":9,"seen":{"s:9:6:45:Infinity":0,"f:9:6:9:53":0,"b:9:63:9:65":0,"s:10:16:15:Infinity":1,"s:17:16:17:Infinity":2,"s:19:2:45:Infinity":3,"f:21:13:21:18":1,"s:22:8:43:Infinity":4,"f:23:17:23:22":2,"s:24:25:24:Infinity":5,"s:25:31:25:51":6,"s:27:12:40:Infinity":7,"f:31:16:31:31":3,"s:31:31:31:65":8,"b:31:31:31:47:31:47:31:65":1,"b:35:33:35:75:35:75:35:Infinity":2}}}
,"/home/samuel/Development/GTO-Wizard/frontend/src/components/DashboardView.tsx": {"path":"/home/samuel/Development/GTO-Wizard/frontend/src/components/DashboardView.tsx","statementMap":{"0":{"start":{"line":24,"column":62},"end":{"line":64,"column":null}},"1":{"start":{"line":66,"column":6},"end":{"line":411,"column":null}},"2":{"start":{"line":67,"column":10},"end":{"line":67,"column":60}},"3":{"start":{"line":68,"column":29},"end":{"line":68,"column":83}},"4":{"start":{"line":69,"column":16},"end":{"line":69,"column":56}},"5":{"start":{"line":70,"column":18},"end":{"line":70,"column":46}},"6":{"start":{"line":71,"column":23},"end":{"line":71,"column":57}},"7":{"start":{"line":72,"column":16},"end":{"line":72,"column":50}},"8":{"start":{"line":75,"column":20},"end":{"line":75,"column":51}},"9":{"start":{"line":76,"column":22},"end":{"line":76,"column":55}},"10":{"start":{"line":77,"column":25},"end":{"line":77,"column":66}},"11":{"start":{"line":78,"column":18},"end":{"line":78,"column":47}},"12":{"start":{"line":79,"column":9},"end":{"line":79,"column":38}},"13":{"start":{"line":80,"column":16},"end":{"line":80,"column":57}},"14":{"start":{"line":82,"column":8},"end":{"line":89,"column":null}},"15":{"start":{"line":83,"column":4},"end":{"line":83,"column":null}},"16":{"start":{"line":83,"column":26},"end":{"line":83,"column":null}},"17":{"start":{"line":84,"column":18},"end":{"line":84,"column":38}},"18":{"start":{"line":84,"column":33},"end":{"line":84,"column":38}},"19":{"start":{"line":85,"column":4},"end":{"line":85,"column":null}},"20":{"start":{"line":85,"column":44},"end":{"line":85,"column":null}},"21":{"start":{"line":86,"column":19},"end":{"line":86,"column":72}},"22":{"start":{"line":86,"column":35},"end":{"line":86,"column":71}},"23":{"start":{"line":87,"column":23},"end":{"line":87,"column":75}},"24":{"start":{"line":87,"column":40},"end":{"line":87,"column":74}},"25":{"start":{"line":88,"column":4},"end":{"line":88,"column":null}},"26":{"start":{"line":88,"column":20},"end":{"line":88,"column":null}},"27":{"start":{"line":89,"column":4},"end":{"line":89,"column":null}},"28":{"start":{"line":93,"column":2},"end":{"line":128,"column":null}},"29":{"start":{"line":94,"column":22},"end":{"line":123,"column":null}},"30":{"start":{"line":96,"column":26},"end":{"line":96,"column":47}},"31":{"start":{"line":97,"column":6},"end":{"line":97,"column":null}},"32":{"start":{"line":98,"column":6},"end":{"line":101,"column":null}},"33":{"start":{"line":99,"column":8},"end":{"line":99,"column":null}},"34":{"start":{"line":101,"column":8},"end":{"line":101,"column":null}},"35":{"start":{"line":103,"column":6},"end":{"line":103,"column":null}},"36":{"start":{"line":105,"column":6},"end":{"line":106,"column":null}},"37":{"start":{"line":106,"column":8},"end":{"line":106,"column":null}},"38":{"start":{"line":109,"column":6},"end":{"line":109,"column":null}},"39":{"start":{"line":111,"column":6},"end":{"line":123,"column":null}},"40":{"start":{"line":112,"column":26},"end":{"line":112,"column":98}},"41":{"start":{"line":113,"column":8},"end":{"line":120,"column":null}},"42":{"start":{"line":114,"column":10},"end":{"line":114,"column":null}},"43":{"start":{"line":115,"column":10},"end":{"line":115,"column":null}},"44":{"start":{"line":116,"column":19},"end":{"line":120,"column":null}},"45":{"start":{"line":118,"column":10},"end":{"line":118,"column":null}},"46":{"start":{"line":120,"column":10},"end":{"line":120,"column":null}},"47":{"start":{"line":123,"column":8},"end":{"line":123,"column":null}},"48":{"start":{"line":127,"column":4},"end":{"line":127,"column":null}},"49":{"start":{"line":130,"column":2},"end":{"line":154,"column":null}},"50":{"start":{"line":131,"column":22},"end":{"line":150,"column":null}},"51":{"start":{"line":132,"column":6},"end":{"line":135,"column":null}},"52":{"start":{"line":133,"column":8},"end":{"line":133,"column":null}},"53":{"start":{"line":134,"column":8},"end":{"line":134,"column":null}},"54":{"start":{"line":135,"column":8},"end":{"line":135,"column":null}},"55":{"start":{"line":137,"column":6},"end":{"line":150,"column":null}},"56":{"start":{"line":138,"column":8},"end":{"line":138,"column":null}},"57":{"start":{"line":139,"column":8},"end":{"line":139,"column":null}},"58":{"start":{"line":140,"column":31},"end":{"line":143,"column":10}},"59":{"start":{"line":144,"column":8},"end":{"line":144,"column":null}},"60":{"start":{"line":146,"column":8},"end":{"line":146,"column":null}},"61":{"start":{"line":147,"column":8},"end":{"line":147,"column":null}},"62":{"start":{"line":149,"column":8},"end":{"line":149,"column":null}},"63":{"start":{"line":150,"column":8},"end":{"line":150,"column":null}},"64":{"start":{"line":153,"column":4},"end":{"line":153,"column":null}},"65":{"start":{"line":156,"column":8},"end":{"line":162,"column":null}},"66":{"start":{"line":160,"column":4},"end":{"line":160,"column":null}},"67":{"start":{"line":160,"column":35},"end":{"line":160,"column":55}},"68":{"start":{"line":161,"column":4},"end":{"line":161,"column":null}},"69":{"start":{"line":162,"column":4},"end":{"line":162,"column":null}},"70":{"start":{"line":165,"column":8},"end":{"line":165,"column":64}},"71":{"start":{"line":165,"column":29},"end":{"line":165,"column":59}},"72":{"start":{"line":166,"column":17},"end":{"line":166,"column":31}},"73":{"start":{"line":168,"column":8},"end":{"line":168,"column":126}},"74":{"start":{"line":168,"column":41},"end":{"line":168,"column":99}},"75":{"start":{"line":170,"column":8},"end":{"line":176,"column":null}},"76":{"start":{"line":171,"column":4},"end":{"line":171,"column":null}},"77":{"start":{"line":172,"column":19},"end":{"line":172,"column":null}},"78":{"start":{"line":173,"column":4},"end":{"line":176,"column":null}},"79":{"start":{"line":174,"column":6},"end":{"line":174,"column":null}},"80":{"start":{"line":176,"column":6},"end":{"line":176,"column":null}},"81":{"start":{"line":180,"column":8},"end":{"line":189,"column":null}},"82":{"start":{"line":181,"column":4},"end":{"line":181,"column":null}},"83":{"start":{"line":182,"column":19},"end":{"line":182,"column":null}},"84":{"start":{"line":183,"column":4},"end":{"line":189,"column":null}},"85":{"start":{"line":184,"column":27},"end":{"line":184,"column":70}},"86":{"start":{"line":184,"column":58},"end":{"line":184,"column":70}},"87":{"start":{"line":185,"column":6},"end":{"line":186,"column":null}},"88":{"start":{"line":186,"column":8},"end":{"line":186,"column":null}},"89":{"start":{"line":189,"column":6},"end":{"line":189,"column":null}},"90":{"start":{"line":193,"column":8},"end":{"line":198,"column":null}},"91":{"start":{"line":194,"column":4},"end":{"line":198,"column":null}},"92":{"start":{"line":195,"column":6},"end":{"line":197,"column":null}},"93":{"start":{"line":196,"column":27},"end":{"line":196,"column":38}},"94":{"start":{"line":201,"column":8},"end":{"line":202,"column":null}},"95":{"start":{"line":202,"column":4},"end":{"line":202,"column":null}},"96":{"start":{"line":205,"column":8},"end":{"line":208,"column":null}},"97":{"start":{"line":206,"column":4},"end":{"line":206,"column":null}},"98":{"start":{"line":208,"column":4},"end":{"line":208,"column":null}},"99":{"start":{"line":211,"column":2},"end":{"line":215,"column":null}},"100":{"start":{"line":212,"column":4},"end":{"line":215,"column":null}},"101":{"start":{"line":220,"column":2},"end":{"line":411,"column":null}},"102":{"start":{"line":227,"column":12},"end":{"line":235,"column":null}},"103":{"start":{"line":230,"column":29},"end":{"line":230,"column":49}},"104":{"start":{"line":244,"column":14},"end":{"line":251,"column":null}},"105":{"start":{"line":246,"column":31},"end":{"line":246,"column":55}},"106":{"start":{"line":250,"column":50},"end":{"line":250,"column":null}},"107":{"start":{"line":259,"column":29},"end":{"line":259,"column":49}},"108":{"start":{"line":270,"column":14},"end":{"line":290,"column":null}},"109":{"start":{"line":278,"column":20},"end":{"line":287,"column":null}},"110":{"start":{"line":280,"column":37},"end":{"line":280,"column":59}},"111":{"start":{"line":323,"column":31},"end":{"line":323,"column":45}},"112":{"start":{"line":324,"column":31},"end":{"line":324,"column":48}},"113":{"start":{"line":325,"column":32},"end":{"line":325,"column":71}},"114":{"start":{"line":326,"column":18},"end":{"line":329,"column":null}},"115":{"start":{"line":386,"column":33},"end":{"line":386,"column":54}},"116":{"start":{"line":392,"column":33},"end":{"line":392,"column":52}},"117":{"start":{"line":403,"column":71},"end":{"line":403,"column":105}}},"fnMap":{"0":{"name":"(anonymous_0)","decl":{"start":{"line":66,"column":6},"end":{"line":66,"column":38}},"loc":{"start":{"line":66,"column":38},"end":{"line":411,"column":null}},"line":66},"1":{"name":"(anonymous_1)","decl":{"start":{"line":82,"column":8},"end":{"line":82,"column":26}},"loc":{"start":{"line":82,"column":46},"end":{"line":89,"column":null}},"line":82},"2":{"name":"(anonymous_2)","decl":{"start":{"line":84,"column":24},"end":{"line":84,"column":28}},"loc":{"start":{"line":84,"column":33},"end":{"line":84,"column":38}},"line":84},"3":{"name":"(anonymous_3)","decl":{"start":{"line":86,"column":25},"end":{"line":86,"column":30}},"loc":{"start":{"line":86,"column":35},"end":{"line":86,"column":71}},"line":86},"4":{"name":"(anonymous_4)","decl":{"start":{"line":87,"column":29},"end":{"line":87,"column":35}},"loc":{"start":{"line":87,"column":40},"end":{"line":87,"column":74}},"line":87},"5":{"name":"(anonymous_5)","decl":{"start":{"line":93,"column":2},"end":{"line":93,"column":18}},"loc":{"start":{"line":93,"column":18},"end":{"line":128,"column":6}},"line":93},"6":{"name":"(anonymous_6)","decl":{"start":{"line":94,"column":22},"end":{"line":94,"column":34}},"loc":{"start":{"line":94,"column":34},"end":{"line":123,"column":null}},"line":94},"7":{"name":"(anonymous_7)","decl":{"start":{"line":130,"column":2},"end":{"line":130,"column":18}},"loc":{"start":{"line":130,"column":18},"end":{"line":154,"column":6}},"line":130},"8":{"name":"(anonymous_8)","decl":{"start":{"line":131,"column":22},"end":{"line":131,"column":34}},"loc":{"start":{"line":131,"column":34},"end":{"line":150,"column":null}},"line":131},"9":{"name":"(anonymous_9)","decl":{"start":{"line":156,"column":8},"end":{"line":156,"column":28}},"loc":{"start":{"line":156,"column":28},"end":{"line":162,"column":null}},"line":156},"10":{"name":"(anonymous_10)","decl":{"start":{"line":160,"column":4},"end":{"line":160,"column":26}},"loc":{"start":{"line":160,"column":35},"end":{"line":160,"column":55}},"line":160},"11":{"name":"(anonymous_11)","decl":{"start":{"line":165,"column":15},"end":{"line":165,"column":29}},"loc":{"start":{"line":165,"column":29},"end":{"line":165,"column":59}},"line":165},"12":{"name":"(anonymous_12)","decl":{"start":{"line":168,"column":27},"end":{"line":168,"column":41}},"loc":{"start":{"line":168,"column":41},"end":{"line":168,"column":99}},"line":168},"13":{"name":"(anonymous_13)","decl":{"start":{"line":170,"column":8},"end":{"line":170,"column":27}},"loc":{"start":{"line":170,"column":43},"end":{"line":176,"column":null}},"line":170},"14":{"name":"(anonymous_14)","decl":{"start":{"line":180,"column":8},"end":{"line":180,"column":29}},"loc":{"start":{"line":180,"column":47},"end":{"line":189,"column":null}},"line":180},"15":{"name":"(anonymous_15)","decl":{"start":{"line":184,"column":45},"end":{"line":184,"column":53}},"loc":{"start":{"line":184,"column":58},"end":{"line":184,"column":70}},"line":184},"16":{"name":"(anonymous_16)","decl":{"start":{"line":193,"column":8},"end":{"line":193,"column":28}},"loc":{"start":{"line":193,"column":45},"end":{"line":198,"column":null}},"line":193},"17":{"name":"(anonymous_17)","decl":{"start":{"line":194,"column":4},"end":{"line":194,"column":13}},"loc":{"start":{"line":195,"column":6},"end":{"line":197,"column":null}},"line":195},"18":{"name":"(anonymous_18)","decl":{"start":{"line":196,"column":15},"end":{"line":196,"column":22}},"loc":{"start":{"line":196,"column":27},"end":{"line":196,"column":38}},"line":196},"19":{"name":"(anonymous_19)","decl":{"start":{"line":201,"column":8},"end":{"line":201,"column":28}},"loc":{"start":{"line":201,"column":28},"end":{"line":202,"column":null}},"line":201},"20":{"name":"(anonymous_20)","decl":{"start":{"line":205,"column":8},"end":{"line":205,"column":35}},"loc":{"start":{"line":205,"column":35},"end":{"line":208,"column":null}},"line":205},"21":{"name":"(anonymous_21)","decl":{"start":{"line":226,"column":16},"end":{"line":226,"column":21}},"loc":{"start":{"line":227,"column":12},"end":{"line":235,"column":null}},"line":227},"22":{"name":"(anonymous_22)","decl":{"start":{"line":230,"column":14},"end":{"line":230,"column":29}},"loc":{"start":{"line":230,"column":29},"end":{"line":230,"column":49}},"line":230},"23":{"name":"(anonymous_23)","decl":{"start":{"line":243,"column":20},"end":{"line":243,"column":25}},"loc":{"start":{"line":244,"column":14},"end":{"line":251,"column":null}},"line":244},"24":{"name":"(anonymous_24)","decl":{"start":{"line":246,"column":16},"end":{"line":246,"column":31}},"loc":{"start":{"line":246,"column":31},"end":{"line":246,"column":55}},"line":246},"25":{"name":"(anonymous_25)","decl":{"start":{"line":250,"column":33},"end":{"line":250,"column":38}},"loc":{"start":{"line":250,"column":50},"end":{"line":250,"column":null}},"line":250},"26":{"name":"(anonymous_26)","decl":{"start":{"line":259,"column":14},"end":{"line":259,"column":29}},"loc":{"start":{"line":259,"column":29},"end":{"line":259,"column":49}},"line":259},"27":{"name":"(anonymous_27)","decl":{"start":{"line":269,"column":41},"end":{"line":269,"column":46}},"loc":{"start":{"line":270,"column":14},"end":{"line":290,"column":null}},"line":270},"28":{"name":"(anonymous_28)","decl":{"start":{"line":277,"column":38},"end":{"line":277,"column":43}},"loc":{"start":{"line":278,"column":20},"end":{"line":287,"column":null}},"line":278},"29":{"name":"(anonymous_29)","decl":{"start":{"line":280,"column":22},"end":{"line":280,"column":37}},"loc":{"start":{"line":280,"column":37},"end":{"line":280,"column":59}},"line":280},"30":{"name":"(anonymous_30)","decl":{"start":{"line":322,"column":23},"end":{"line":322,"column":28}},"loc":{"start":{"line":322,"column":42},"end":{"line":331,"column":null}},"line":322},"31":{"name":"(anonymous_31)","decl":{"start":{"line":386,"column":18},"end":{"line":386,"column":33}},"loc":{"start":{"line":386,"column":33},"end":{"line":386,"column":54}},"line":386},"32":{"name":"(anonymous_32)","decl":{"start":{"line":392,"column":18},"end":{"line":392,"column":33}},"loc":{"start":{"line":392,"column":33},"end":{"line":392,"column":52}},"line":392},"33":{"name":"(anonymous_33)","decl":{"start":{"line":403,"column":47},"end":{"line":403,"column":62}},"loc":{"start":{"line":403,"column":71},"end":{"line":403,"column":105}},"line":403}},"branchMap":{"0":{"loc":{"start":{"line":83,"column":4},"end":{"line":83,"column":null}},"type":"if","locations":[{"start":{"line":83,"column":4},"end":{"line":83,"column":null}},{"start":{},"end":{}}],"line":83},"1":{"loc":{"start":{"line":85,"column":4},"end":{"line":85,"column":null}},"type":"if","locations":[{"start":{"line":85,"column":4},"end":{"line":85,"column":null}},{"start":{},"end":{}}],"line":85},"2":{"loc":{"start":{"line":88,"column":4},"end":{"line":88,"column":null}},"type":"if","locations":[{"start":{"line":88,"column":4},"end":{"line":88,"column":null}},{"start":{},"end":{}}],"line":88},"3":{"loc":{"start":{"line":89,"column":11},"end":{"line":89,"column":null}},"type":"cond-expr","locations":[{"start":{"line":89,"column":20},"end":{"line":89,"column":29}},{"start":{"line":89,"column":29},"end":{"line":89,"column":null}}],"line":89},"4":{"loc":{"start":{"line":98,"column":6},"end":{"line":101,"column":null}},"type":"if","locations":[{"start":{"line":98,"column":6},"end":{"line":101,"column":null}},{"start":{"line":100,"column":13},"end":{"line":101,"column":null}}],"line":98},"5":{"loc":{"start":{"line":105,"column":6},"end":{"line":106,"column":null}},"type":"if","locations":[{"start":{"line":105,"column":6},"end":{"line":106,"column":null}},{"start":{},"end":{}}],"line":105},"6":{"loc":{"start":{"line":113,"column":8},"end":{"line":120,"column":null}},"type":"if","locations":[{"start":{"line":113,"column":8},"end":{"line":120,"column":null}},{"start":{"line":116,"column":19},"end":{"line":120,"column":null}}],"line":113},"7":{"loc":{"start":{"line":113,"column":12},"end":{"line":113,"column":47}},"type":"binary-expr","locations":[{"start":{"line":113,"column":12},"end":{"line":113,"column":25}},{"start":{"line":113,"column":25},"end":{"line":113,"column":47}}],"line":113},"8":{"loc":{"start":{"line":116,"column":19},"end":{"line":120,"column":null}},"type":"if","locations":[{"start":{"line":116,"column":19},"end":{"line":120,"column":null}},{"start":{"line":119,"column":15},"end":{"line":120,"column":null}}],"line":116},"9":{"loc":{"start":{"line":132,"column":6},"end":{"line":135,"column":null}},"type":"if","locations":[{"start":{"line":132,"column":6},"end":{"line":135,"column":null}},{"start":{},"end":{}}],"line":132},"10":{"loc":{"start":{"line":160,"column":35},"end":{"line":160,"column":55}},"type":"cond-expr","locations":[{"start":{"line":160,"column":42},"end":{"line":160,"column":49}},{"start":{"line":160,"column":49},"end":{"line":160,"column":55}}],"line":160},"11":{"loc":{"start":{"line":168,"column":41},"end":{"line":168,"column":99}},"type":"binary-expr","locations":[{"start":{"line":168,"column":41},"end":{"line":168,"column":81}},{"start":{"line":168,"column":81},"end":{"line":168,"column":99}}],"line":168},"12":{"loc":{"start":{"line":173,"column":4},"end":{"line":176,"column":null}},"type":"if","locations":[{"start":{"line":173,"column":4},"end":{"line":176,"column":null}},{"start":{"line":175,"column":11},"end":{"line":176,"column":null}}],"line":173},"13":{"loc":{"start":{"line":173,"column":8},"end":{"line":173,"column":48}},"type":"binary-expr","locations":[{"start":{"line":173,"column":8},"end":{"line":173,"column":18}},{"start":{"line":173,"column":18},"end":{"line":173,"column":48}}],"line":173},"14":{"loc":{"start":{"line":183,"column":4},"end":{"line":189,"column":null}},"type":"if","locations":[{"start":{"line":183,"column":4},"end":{"line":189,"column":null}},{"start":{"line":188,"column":11},"end":{"line":189,"column":null}}],"line":183},"15":{"loc":{"start":{"line":183,"column":8},"end":{"line":183,"column":48}},"type":"binary-expr","locations":[{"start":{"line":183,"column":8},"end":{"line":183,"column":18}},{"start":{"line":183,"column":18},"end":{"line":183,"column":48}}],"line":183},"16":{"loc":{"start":{"line":185,"column":6},"end":{"line":186,"column":null}},"type":"if","locations":[{"start":{"line":185,"column":6},"end":{"line":186,"column":null}},{"start":{},"end":{}}],"line":185},"17":{"loc":{"start":{"line":195,"column":6},"end":{"line":197,"column":null}},"type":"cond-expr","locations":[{"start":{"line":196,"column":10},"end":{"line":196,"column":38}},{"start":{"line":197,"column":11},"end":{"line":197,"column":null}}],"line":195},"18":{"loc":{"start":{"line":197,"column":11},"end":{"line":197,"column":null}},"type":"cond-expr","locations":[{"start":{"line":197,"column":29},"end":{"line":197,"column":44}},{"start":{"line":197,"column":47},"end":{"line":197,"column":null}}],"line":197},"19":{"loc":{"start":{"line":211,"column":2},"end":{"line":215,"column":null}},"type":"if","locations":[{"start":{"line":211,"column":2},"end":{"line":215,"column":null}},{"start":{},"end":{}}],"line":211},"20":{"loc":{"start":{"line":232,"column":18},"end":{"line":232,"column":null}},"type":"cond-expr","locations":[{"start":{"line":232,"column":38},"end":{"line":232,"column":70}},{"start":{"line":232,"column":70},"end":{"line":232,"column":null}}],"line":232},"21":{"loc":{"start":{"line":248,"column":20},"end":{"line":248,"column":null}},"type":"cond-expr","locations":[{"start":{"line":248,"column":44},"end":{"line":248,"column":76}},{"start":{"line":248,"column":76},"end":{"line":248,"column":null}}],"line":248},"22":{"loc":{"start":{"line":261,"column":18},"end":{"line":261,"column":null}},"type":"cond-expr","locations":[{"start":{"line":261,"column":28},"end":{"line":261,"column":60}},{"start":{"line":261,"column":60},"end":{"line":261,"column":null}}],"line":261},"23":{"loc":{"start":{"line":271,"column":17},"end":{"line":276,"column":17}},"type":"binary-expr","locations":[{"start":{"line":271,"column":17},"end":{"line":271,"column":null}},{"start":{"line":272,"column":18},"end":{"line":276,"column":17}}],"line":271},"24":{"loc":{"start":{"line":282,"column":26},"end":{"line":284,"column":null}},"type":"cond-expr","locations":[{"start":{"line":283,"column":28},"end":{"line":283,"column":null}},{"start":{"line":284,"column":28},"end":{"line":284,"column":null}}],"line":282},"25":{"loc":{"start":{"line":270,"column":35},"end":{"line":270,"column":null}},"type":"binary-expr","locations":[{"start":{"line":270,"column":35},"end":{"line":270,"column":52}},{"start":{"line":270,"column":52},"end":{"line":270,"column":null}}],"line":270},"26":{"loc":{"start":{"line":316,"column":73},"end":{"line":316,"column":121}},"type":"binary-expr","locations":[{"start":{"line":316,"column":73},"end":{"line":316,"column":108}},{"start":{"line":316,"column":108},"end":{"line":316,"column":121}}],"line":316},"27":{"loc":{"start":{"line":327,"column":152},"end":{"line":327,"column":null}},"type":"cond-expr","locations":[{"start":{"line":327,"column":160},"end":{"line":327,"column":177}},{"start":{"line":327,"column":177},"end":{"line":327,"column":null}}],"line":327},"28":{"loc":{"start":{"line":328,"column":43},"end":{"line":328,"column":null}},"type":"cond-expr","locations":[{"start":{"line":328,"column":72},"end":{"line":328,"column":78}},{"start":{"line":328,"column":78},"end":{"line":328,"column":null}}],"line":328},"29":{"loc":{"start":{"line":328,"column":78},"end":{"line":328,"column":null}},"type":"cond-expr","locations":[{"start":{"line":328,"column":107},"end":{"line":328,"column":113}},{"start":{"line":328,"column":113},"end":{"line":328,"column":null}}],"line":328},"30":{"loc":{"start":{"line":328,"column":113},"end":{"line":328,"column":null}},"type":"cond-expr","locations":[{"start":{"line":328,"column":142},"end":{"line":328,"column":148}},{"start":{"line":328,"column":148},"end":{"line":328,"column":null}}],"line":328},"31":{"loc":{"start":{"line":332,"column":17},"end":{"line":332,"column":null}},"type":"binary-expr","locations":[{"start":{"line":332,"column":17},"end":{"line":332,"column":39}},{"start":{"line":332,"column":39},"end":{"line":332,"column":null}}],"line":332},"32":{"loc":{"start":{"line":353,"column":11},"end":{"line":356,"column":null}},"type":"binary-expr","locations":[{"start":{"line":353,"column":11},"end":{"line":353,"column":null}},{"start":{"line":354,"column":12},"end":{"line":356,"column":null}}],"line":353},"33":{"loc":{"start":{"line":360,"column":11},"end":{"line":371,"column":null}},"type":"binary-expr","locations":[{"start":{"line":360,"column":11},"end":{"line":360,"column":null}},{"start":{"line":361,"column":12},"end":{"line":371,"column":null}}],"line":360},"34":{"loc":{"start":{"line":377,"column":11},"end":{"line":405,"column":null}},"type":"cond-expr","locations":[{"start":{"line":378,"column":12},"end":{"line":400,"column":null}},{"start":{"line":400,"column":12},"end":{"line":405,"column":null}}],"line":377},"35":{"loc":{"start":{"line":377,"column":11},"end":{"line":377,"column":null}},"type":"binary-expr","locations":[{"start":{"line":377,"column":11},"end":{"line":377,"column":34}},{"start":{"line":377,"column":34},"end":{"line":377,"column":51}},{"start":{"line":377,"column":51},"end":{"line":377,"column":null}}],"line":377}},"s":{"0":1,"1":1,"2":68,"3":68,"4":68,"5":68,"6":68,"7":68,"8":68,"9":68,"10":68,"11":68,"12":68,"13":68,"14":68,"15":22,"16":22,"17":0,"18":0,"19":0,"20":0,"21":0,"22":0,"23":0,"24":0,"25":0,"26":0,"27":0,"28":68,"29":22,"30":22,"31":22,"32":22,"33":0,"34":22,"35":22,"36":22,"37":21,"38":22,"39":22,"40":22,"41":21,"42":20,"43":20,"44":1,"45":0,"46":1,"47":1,"48":22,"49":68,"50":26,"51":26,"52":14,"53":14,"54":14,"55":12,"56":12,"57":12,"58":12,"59":11,"60":1,"61":1,"62":12,"63":12,"64":26,"65":68,"66":0,"67":0,"68":0,"69":0,"70":68,"71":14,"72":68,"73":68,"74":16,"75":68,"76":1,"77":1,"78":1,"79":1,"80":0,"81":68,"82":1,"83":1,"84":1,"85":0,"86":0,"87":0,"88":0,"89":1,"90":68,"91":3,"92":3,"93":0,"94":68,"95":2,"96":68,"97":1,"98":1,"99":68,"100":14,"101":54,"102":216,"103":1,"104":108,"105":1,"106":324,"107":0,"108":54,"109":388,"110":1,"111":9,"112":9,"113":9,"114":9,"115":0,"116":0,"117":0},"f":{"0":68,"1":22,"2":0,"3":0,"4":0,"5":22,"6":22,"7":26,"8":26,"9":0,"10":0,"11":14,"12":16,"13":1,"14":1,"15":0,"16":3,"17":3,"18":0,"19":2,"20":1,"21":216,"22":1,"23":108,"24":1,"25":324,"26":0,"27":54,"28":388,"29":1,"30":9,"31":0,"32":0,"33":0},"b":{"0":[22,0],"1":[0,0],"2":[0,0],"3":[0,0],"4":[0,22],"5":[21,1],"6":[20,1],"7":[21,21],"8":[0,1],"9":[14,12],"10":[0,0],"11":[16,0],"12":[1,0],"13":[1,1],"14":[0,1],"15":[1,1],"16":[0,0],"17":[0,3],"18":[3,0],"19":[14,54],"20":[54,162],"21":[54,54],"22":[0,54],"23":[54,2],"24":[52,336],"25":[54,52],"26":[68,2],"27":[9,0],"28":[9,0],"29":[0,0],"30":[0,0],"31":[68,45],"32":[68,10],"33":[68,1],"34":[16,38],"35":[68,16,16]},"meta":{"lastBranch":36,"lastFunction":34,"lastStatement":118,"seen":{"s:24:62:64:Infinity":0,"s:66:6:411:Infinity":1,"f:66:6:66:38":0,"s:67:10:67:60":2,"s:68:29:68:83":3,"s:69:16:69:56":4,"s:70:18:70:46":5,"s:71:23:71:57":6,"s:72:16:72:50":7,"s:75:20:75:51":8,"s:76:22:76:55":9,"s:77:25:77:66":10,"s:78:18:78:47":11,"s:79:9:79:38":12,"s:80:16:80:57":13,"s:82:8:89:Infinity":14,"f:82:8:82:26":1,"b:83:4:83:Infinity:undefined:undefined:undefined:undefined":0,"s:83:4:83:Infinity":15,"s:83:26:83:Infinity":16,"s:84:18:84:38":17,"f:84:24:84:28":2,"s:84:33:84:38":18,"b:85:4:85:Infinity:undefined:undefined:undefined:undefined":1,"s:85:4:85:Infinity":19,"s:85:44:85:Infinity":20,"s:86:19:86:72":21,"f:86:25:86:30":3,"s:86:35:86:71":22,"s:87:23:87:75":23,"f:87:29:87:35":4,"s:87:40:87:74":24,"b:88:4:88:Infinity:undefined:undefined:undefined:undefined":2,"s:88:4:88:Infinity":25,"s:88:20:88:Infinity":26,"s:89:4:89:Infinity":27,"b:89:20:89:29:89:29:89:Infinity":3,"s:93:2:128:Infinity":28,"f:93:2:93:18":5,"s:94:22:123:Infinity":29,"f:94:22:94:34":6,"s:96:26:96:47":30,"s:97:6:97:Infinity":31,"b:98:6:101:Infinity:100:13:101:Infinity":4,"s:98:6:101:Infinity":32,"s:99:8:99:Infinity":33,"s:101:8:101:Infinity":34,"s:103:6:103:Infinity":35,"b:105:6:106:Infinity:undefined:undefined:undefined:undefined":5,"s:105:6:106:Infinity":36,"s:106:8:106:Infinity":37,"s:109:6:109:Infinity":38,"s:111:6:123:Infinity":39,"s:112:26:112:98":40,"b:113:8:120:Infinity:116:19:120:Infinity":6,"s:113:8:120:Infinity":41,"b:113:12:113:25:113:25:113:47":7,"s:114:10:114:Infinity":42,"s:115:10:115:Infinity":43,"b:116:19:120:Infinity:119:15:120:Infinity":8,"s:116:19:120:Infinity":44,"s:118:10:118:Infinity":45,"s:120:10:120:Infinity":46,"s:123:8:123:Infinity":47,"s:127:4:127:Infinity":48,"s:130:2:154:Infinity":49,"f:130:2:130:18":7,"s:131:22:150:Infinity":50,"f:131:22:131:34":8,"b:132:6:135:Infinity:undefined:undefined:undefined:undefined":9,"s:132:6:135:Infinity":51,"s:133:8:133:Infinity":52,"s:134:8:134:Infinity":53,"s:135:8:135:Infinity":54,"s:137:6:150:Infinity":55,"s:138:8:138:Infinity":56,"s:139:8:139:Infinity":57,"s:140:31:143:10":58,"s:144:8:144:Infinity":59,"s:146:8:146:Infinity":60,"s:147:8:147:Infinity":61,"s:149:8:149:Infinity":62,"s:150:8:150:Infinity":63,"s:153:4:153:Infinity":64,"s:156:8:162:Infinity":65,"f:156:8:156:28":9,"s:160:4:160:Infinity":66,"f:160:4:160:26":10,"s:160:35:160:55":67,"b:160:42:160:49:160:49:160:55":10,"s:161:4:161:Infinity":68,"s:162:4:162:Infinity":69,"s:165:8:165:64":70,"f:165:15:165:29":11,"s:165:29:165:59":71,"s:166:17:166:31":72,"s:168:8:168:126":73,"f:168:27:168:41":12,"s:168:41:168:99":74,"b:168:41:168:81:168:81:168:99":11,"s:170:8:176:Infinity":75,"f:170:8:170:27":13,"s:171:4:171:Infinity":76,"s:172:19:172:Infinity":77,"b:173:4:176:Infinity:175:11:176:Infinity":12,"s:173:4:176:Infinity":78,"b:173:8:173:18:173:18:173:48":13,"s:174:6:174:Infinity":79,"s:176:6:176:Infinity":80,"s:180:8:189:Infinity":81,"f:180:8:180:29":14,"s:181:4:181:Infinity":82,"s:182:19:182:Infinity":83,"b:183:4:189:Infinity:188:11:189:Infinity":14,"s:183:4:189:Infinity":84,"b:183:8:183:18:183:18:183:48":15,"s:184:27:184:70":85,"f:184:45:184:53":15,"s:184:58:184:70":86,"b:185:6:186:Infinity:undefined:undefined:undefined:undefined":16,"s:185:6:186:Infinity":87,"s:186:8:186:Infinity":88,"s:189:6:189:Infinity":89,"s:193:8:198:Infinity":90,"f:193:8:193:28":16,"s:194:4:198:Infinity":91,"f:194:4:194:13":17,"s:195:6:197:Infinity":92,"b:196:10:196:38:197:11:197:Infinity":17,"f:196:15:196:22":18,"s:196:27:196:38":93,"b:197:29:197:44:197:47:197:Infinity":18,"s:201:8:202:Infinity":94,"f:201:8:201:28":19,"s:202:4:202:Infinity":95,"s:205:8:208:Infinity":96,"f:205:8:205:35":20,"s:206:4:206:Infinity":97,"s:208:4:208:Infinity":98,"b:211:2:215:Infinity:undefined:undefined:undefined:undefined":19,"s:211:2:215:Infinity":99,"s:212:4:215:Infinity":100,"s:220:2:411:Infinity":101,"f:226:16:226:21":21,"s:227:12:235:Infinity":102,"f:230:14:230:29":22,"s:230:29:230:49":103,"b:232:38:232:70:232:70:232:Infinity":20,"f:243:20:243:25":23,"s:244:14:251:Infinity":104,"f:246:16:246:31":24,"s:246:31:246:55":105,"b:248:44:248:76:248:76:248:Infinity":21,"f:250:33:250:38":25,"s:250:50:250:Infinity":106,"f:259:14:259:29":26,"s:259:29:259:49":107,"b:261:28:261:60:261:60:261:Infinity":22,"f:269:41:269:46":27,"s:270:14:290:Infinity":108,"b:271:17:271:Infinity:272:18:276:17":23,"f:277:38:277:43":28,"s:278:20:287:Infinity":109,"f:280:22:280:37":29,"s:280:37:280:59":110,"b:283:28:283:Infinity:284:28:284:Infinity":24,"b:270:35:270:52:270:52:270:Infinity":25,"b:316:73:316:108:316:108:316:121":26,"f:322:23:322:28":30,"s:323:31:323:45":111,"s:324:31:324:48":112,"s:325:32:325:71":113,"s:326:18:329:Infinity":114,"b:327:160:327:177:327:177:327:Infinity":27,"b:328:72:328:78:328:78:328:Infinity":28,"b:328:107:328:113:328:113:328:Infinity":29,"b:328:142:328:148:328:148:328:Infinity":30,"b:332:17:332:39:332:39:332:Infinity":31,"b:353:11:353:Infinity:354:12:356:Infinity":32,"b:360:11:360:Infinity:361:12:371:Infinity":33,"b:378:12:400:Infinity:400:12:405:Infinity":34,"b:377:11:377:34:377:34:377:51:377:51:377:Infinity":35,"f:386:18:386:33":31,"s:386:33:386:54":115,"f:392:18:392:33":32,"s:392:33:392:52":116,"f:403:47:403:62":33,"s:403:71:403:105":117}}}
,"/home/samuel/Development/GTO-Wizard/frontend/src/components/LibraryView.tsx": {"path":"/home/samuel/Development/GTO-Wizard/frontend/src/components/LibraryView.tsx","statementMap":{"0":{"start":{"line":7,"column":6},"end":{"line":252,"column":null}},"1":{"start":{"line":8,"column":8},"end":{"line":8,"column":32}},"2":{"start":{"line":9,"column":20},"end":{"line":9,"column":60}},"3":{"start":{"line":10,"column":18},"end":{"line":10,"column":46}},"4":{"start":{"line":11,"column":17},"end":{"line":11,"column":42}},"5":{"start":{"line":12,"column":21},"end":{"line":12,"column":58}},"6":{"start":{"line":13,"column":22},"end":{"line":13,"column":60}},"7":{"start":{"line":14,"column":26},"end":{"line":14,"column":63}},"8":{"start":{"line":15,"column":20},"end":{"line":15,"column":51}},"9":{"start":{"line":16,"column":22},"end":{"line":16,"column":69}},"10":{"start":{"line":17,"column":24},"end":{"line":17,"column":59}},"11":{"start":{"line":19,"column":8},"end":{"line":32,"column":31}},"12":{"start":{"line":20,"column":4},"end":{"line":30,"column":null}},"13":{"start":{"line":21,"column":6},"end":{"line":21,"column":null}},"14":{"start":{"line":22,"column":19},"end":{"line":25,"column":8}},"15":{"start":{"line":26,"column":6},"end":{"line":26,"column":null}},"16":{"start":{"line":28,"column":6},"end":{"line":28,"column":null}},"17":{"start":{"line":30,"column":6},"end":{"line":30,"column":null}},"18":{"start":{"line":34,"column":2},"end":{"line":36,"column":null}},"19":{"start":{"line":35,"column":4},"end":{"line":35,"column":null}},"20":{"start":{"line":38,"column":27},"end":{"line":58,"column":null}},"21":{"start":{"line":39,"column":17},"end":{"line":39,"column":null}},"22":{"start":{"line":40,"column":4},"end":{"line":40,"column":null}},"23":{"start":{"line":40,"column":15},"end":{"line":40,"column":null}},"24":{"start":{"line":42,"column":4},"end":{"line":58,"column":null}},"25":{"start":{"line":43,"column":6},"end":{"line":43,"column":null}},"26":{"start":{"line":44,"column":6},"end":{"line":44,"column":null}},"27":{"start":{"line":45,"column":6},"end":{"line":45,"column":null}},"28":{"start":{"line":47,"column":23},"end":{"line":47,"column":37}},"29":{"start":{"line":48,"column":6},"end":{"line":48,"column":null}},"30":{"start":{"line":50,"column":6},"end":{"line":50,"column":null}},"31":{"start":{"line":52,"column":6},"end":{"line":52,"column":null}},"32":{"start":{"line":53,"column":6},"end":{"line":53,"column":null}},"33":{"start":{"line":54,"column":6},"end":{"line":54,"column":null}},"34":{"start":{"line":54,"column":23},"end":{"line":54,"column":48}},"35":{"start":{"line":56,"column":6},"end":{"line":56,"column":null}},"36":{"start":{"line":58,"column":6},"end":{"line":58,"column":null}},"37":{"start":{"line":62,"column":28},"end":{"line":63,"column":null}},"38":{"start":{"line":63,"column":4},"end":{"line":63,"column":55}},"39":{"start":{"line":66,"column":2},"end":{"line":252,"column":null}},"40":{"start":{"line":77,"column":27},"end":{"line":77,"column":51}},"41":{"start":{"line":90,"column":29},"end":{"line":90,"column":54}},"42":{"start":{"line":104,"column":30},"end":{"line":104,"column":59}},"43":{"start":{"line":118,"column":30},"end":{"line":118,"column":60}},"44":{"start":{"line":139,"column":12},"end":{"line":139,"column":null}},"45":{"start":{"line":143,"column":12},"end":{"line":175,"column":null}},"46":{"start":{"line":145,"column":29},"end":{"line":145,"column":62}},"47":{"start":{"line":185,"column":32},"end":{"line":185,"column":51}},"48":{"start":{"line":185,"column":51},"end":{"line":185,"column":71}},"49":{"start":{"line":185,"column":71},"end":{"line":185,"column":null}},"50":{"start":{"line":199,"column":29},"end":{"line":199,"column":54}}},"fnMap":{"0":{"name":"(anonymous_0)","decl":{"start":{"line":7,"column":6},"end":{"line":7,"column":36}},"loc":{"start":{"line":7,"column":36},"end":{"line":252,"column":null}},"line":7},"1":{"name":"(anonymous_1)","decl":{"start":{"line":19,"column":37},"end":{"line":19,"column":49}},"loc":{"start":{"line":19,"column":49},"end":{"line":32,"column":6}},"line":19},"2":{"name":"(anonymous_2)","decl":{"start":{"line":34,"column":2},"end":{"line":34,"column":18}},"loc":{"start":{"line":34,"column":18},"end":{"line":36,"column":6}},"line":34},"3":{"name":"(anonymous_3)","decl":{"start":{"line":38,"column":27},"end":{"line":38,"column":34}},"loc":{"start":{"line":38,"column":77},"end":{"line":58,"column":null}},"line":38},"4":{"name":"(anonymous_4)","decl":{"start":{"line":54,"column":6},"end":{"line":54,"column":23}},"loc":{"start":{"line":54,"column":23},"end":{"line":54,"column":48}},"line":54},"5":{"name":"(anonymous_5)","decl":{"start":{"line":62,"column":38},"end":{"line":62,"column":45}},"loc":{"start":{"line":63,"column":4},"end":{"line":63,"column":55}},"line":63},"6":{"name":"(anonymous_6)","decl":{"start":{"line":77,"column":12},"end":{"line":77,"column":27}},"loc":{"start":{"line":77,"column":27},"end":{"line":77,"column":51}},"line":77},"7":{"name":"(anonymous_7)","decl":{"start":{"line":90,"column":12},"end":{"line":90,"column":23}},"loc":{"start":{"line":90,"column":29},"end":{"line":90,"column":54}},"line":90},"8":{"name":"(anonymous_8)","decl":{"start":{"line":104,"column":13},"end":{"line":104,"column":24}},"loc":{"start":{"line":104,"column":30},"end":{"line":104,"column":59}},"line":104},"9":{"name":"(anonymous_9)","decl":{"start":{"line":118,"column":13},"end":{"line":118,"column":24}},"loc":{"start":{"line":118,"column":30},"end":{"line":118,"column":60}},"line":118},"10":{"name":"(anonymous_10)","decl":{"start":{"line":138,"column":36},"end":{"line":138,"column":41}},"loc":{"start":{"line":139,"column":12},"end":{"line":139,"column":null}},"line":139},"11":{"name":"(anonymous_11)","decl":{"start":{"line":142,"column":28},"end":{"line":142,"column":33}},"loc":{"start":{"line":143,"column":12},"end":{"line":175,"column":null}},"line":143},"12":{"name":"(anonymous_12)","decl":{"start":{"line":145,"column":14},"end":{"line":145,"column":29}},"loc":{"start":{"line":145,"column":29},"end":{"line":145,"column":62}},"line":145},"13":{"name":"(anonymous_13)","decl":{"start":{"line":185,"column":15},"end":{"line":185,"column":30}},"loc":{"start":{"line":185,"column":30},"end":{"line":185,"column":null}},"line":185},"14":{"name":"(anonymous_14)","decl":{"start":{"line":199,"column":14},"end":{"line":199,"column":29}},"loc":{"start":{"line":199,"column":29},"end":{"line":199,"column":54}},"line":199}},"branchMap":{"0":{"loc":{"start":{"line":40,"column":4},"end":{"line":40,"column":null}},"type":"if","locations":[{"start":{"line":40,"column":4},"end":{"line":40,"column":null}},{"start":{},"end":{}}],"line":40},"1":{"loc":{"start":{"line":56,"column":21},"end":{"line":56,"column":64}},"type":"binary-expr","locations":[{"start":{"line":56,"column":21},"end":{"line":56,"column":36}},{"start":{"line":56,"column":36},"end":{"line":56,"column":64}}],"line":56},"2":{"loc":{"start":{"line":137,"column":9},"end":{"line":189,"column":null}},"type":"cond-expr","locations":[{"start":{"line":138,"column":10},"end":{"line":139,"column":null}},{"start":{"line":141,"column":12},"end":{"line":189,"column":null}}],"line":137},"3":{"loc":{"start":{"line":141,"column":12},"end":{"line":189,"column":null}},"type":"cond-expr","locations":[{"start":{"line":142,"column":10},"end":{"line":175,"column":null}},{"start":{"line":178,"column":10},"end":{"line":189,"column":null}}],"line":141},"4":{"loc":{"start":{"line":158,"column":29},"end":{"line":158,"column":47}},"type":"binary-expr","locations":[{"start":{"line":158,"column":29},"end":{"line":158,"column":42}},{"start":{"line":158,"column":42},"end":{"line":158,"column":47}}],"line":158},"5":{"loc":{"start":{"line":195,"column":7},"end":{"line":252,"column":null}},"type":"binary-expr","locations":[{"start":{"line":195,"column":7},"end":{"line":195,"column":null}},{"start":{"line":196,"column":8},"end":{"line":252,"column":null}}],"line":195},"6":{"loc":{"start":{"line":217,"column":20},"end":{"line":217,"column":null}},"type":"cond-expr","locations":[{"start":{"line":217,"column":32},"end":{"line":217,"column":94}},{"start":{"line":217,"column":94},"end":{"line":217,"column":null}}],"line":217},"7":{"loc":{"start":{"line":218,"column":20},"end":{"line":218,"column":null}},"type":"cond-expr","locations":[{"start":{"line":218,"column":36},"end":{"line":218,"column":76}},{"start":{"line":218,"column":76},"end":{"line":218,"column":null}}],"line":218},"8":{"loc":{"start":{"line":221,"column":21},"end":{"line":238,"column":null}},"type":"cond-expr","locations":[{"start":{"line":222,"column":22},"end":{"line":225,"column":null}},{"start":{"line":226,"column":24},"end":{"line":238,"column":null}}],"line":221},"9":{"loc":{"start":{"line":226,"column":24},"end":{"line":238,"column":null}},"type":"cond-expr","locations":[{"start":{"line":227,"column":22},"end":{"line":232,"column":null}},{"start":{"line":234,"column":22},"end":{"line":238,"column":null}}],"line":226},"10":{"loc":{"start":{"line":245,"column":15},"end":{"line":248,"column":null}},"type":"binary-expr","locations":[{"start":{"line":245,"column":15},"end":{"line":245,"column":null}},{"start":{"line":246,"column":16},"end":{"line":248,"column":null}}],"line":245}},"s":{"0":1,"1":19,"2":19,"3":19,"4":19,"5":19,"6":19,"7":19,"8":19,"9":19,"10":19,"11":19,"12":6,"13":6,"14":6,"15":6,"16":0,"17":6,"18":19,"19":5,"20":19,"21":2,"22":2,"23":0,"24":2,"25":2,"26":2,"27":2,"28":2,"29":2,"30":2,"31":1,"32":1,"33":1,"34":0,"35":1,"36":2,"37":19,"38":28,"39":19,"40":2,"41":2,"42":0,"43":0,"44":30,"45":25,"46":0,"47":1,"48":1,"49":1,"50":0},"f":{"0":19,"1":6,"2":5,"3":2,"4":0,"5":28,"6":2,"7":2,"8":0,"9":0,"10":30,"11":25,"12":0,"13":1,"14":0},"b":{"0":[0,2],"1":[1,0],"2":[5,14],"3":[13,1],"4":[25,0],"5":[19,6],"6":[2,4],"7":[1,5],"8":[2,4],"9":[1,3],"10":[6,1]},"meta":{"lastBranch":11,"lastFunction":15,"lastStatement":51,"seen":{"s:7:6:252:Infinity":0,"f:7:6:7:36":0,"s:8:8:8:32":1,"s:9:20:9:60":2,"s:10:18:10:46":3,"s:11:17:11:42":4,"s:12:21:12:58":5,"s:13:22:13:60":6,"s:14:26:14:63":7,"s:15:20:15:51":8,"s:16:22:16:69":9,"s:17:24:17:59":10,"s:19:8:32:31":11,"f:19:37:19:49":1,"s:20:4:30:Infinity":12,"s:21:6:21:Infinity":13,"s:22:19:25:8":14,"s:26:6:26:Infinity":15,"s:28:6:28:Infinity":16,"s:30:6:30:Infinity":17,"s:34:2:36:Infinity":18,"f:34:2:34:18":2,"s:35:4:35:Infinity":19,"s:38:27:58:Infinity":20,"f:38:27:38:34":3,"s:39:17:39:Infinity":21,"b:40:4:40:Infinity:undefined:undefined:undefined:undefined":0,"s:40:4:40:Infinity":22,"s:40:15:40:Infinity":23,"s:42:4:58:Infinity":24,"s:43:6:43:Infinity":25,"s:44:6:44:Infinity":26,"s:45:6:45:Infinity":27,"s:47:23:47:37":28,"s:48:6:48:Infinity":29,"s:50:6:50:Infinity":30,"s:52:6:52:Infinity":31,"s:53:6:53:Infinity":32,"s:54:6:54:Infinity":33,"f:54:6:54:23":4,"s:54:23:54:48":34,"s:56:6:56:Infinity":35,"b:56:21:56:36:56:36:56:64":1,"s:58:6:58:Infinity":36,"s:62:28:63:Infinity":37,"f:62:38:62:45":5,"s:63:4:63:55":38,"s:66:2:252:Infinity":39,"f:77:12:77:27":6,"s:77:27:77:51":40,"f:90:12:90:23":7,"s:90:29:90:54":41,"f:104:13:104:24":8,"s:104:30:104:59":42,"f:118:13:118:24":9,"s:118:30:118:60":43,"b:138:10:139:Infinity:141:12:189:Infinity":2,"f:138:36:138:41":10,"s:139:12:139:Infinity":44,"b:142:10:175:Infinity:178:10:189:Infinity":3,"f:142:28:142:33":11,"s:143:12:175:Infinity":45,"f:145:14:145:29":12,"s:145:29:145:62":46,"b:158:29:158:42:158:42:158:47":4,"f:185:15:185:30":13,"s:185:32:185:51":47,"s:185:51:185:71":48,"s:185:71:185:Infinity":49,"b:195:7:195:Infinity:196:8:252:Infinity":5,"f:199:14:199:29":14,"s:199:29:199:54":50,"b:217:32:217:94:217:94:217:Infinity":6,"b:218:36:218:76:218:76:218:Infinity":7,"b:222:22:225:Infinity:226:24:238:Infinity":8,"b:227:22:232:Infinity:234:22:238:Infinity":9,"b:245:15:245:Infinity:246:16:248:Infinity":10}}}
,"/home/samuel/Development/GTO-Wizard/frontend/src/components/LoginView.tsx": {"path":"/home/samuel/Development/GTO-Wizard/frontend/src/components/LoginView.tsx","statementMap":{"0":{"start":{"line":5,"column":6},"end":{"line":134,"column":null}},"1":{"start":{"line":6,"column":19},"end":{"line":6,"column":46}},"2":{"start":{"line":7,"column":19},"end":{"line":7,"column":46}},"3":{"start":{"line":8,"column":23},"end":{"line":8,"column":57}},"4":{"start":{"line":9,"column":16},"end":{"line":9,"column":57}},"5":{"start":{"line":10,"column":18},"end":{"line":10,"column":47}},"6":{"start":{"line":11,"column":8},"end":{"line":11,"column":32}},"7":{"start":{"line":13,"column":23},"end":{"line":40,"column":null}},"8":{"start":{"line":14,"column":4},"end":{"line":14,"column":null}},"9":{"start":{"line":15,"column":4},"end":{"line":15,"column":null}},"10":{"start":{"line":16,"column":4},"end":{"line":16,"column":null}},"11":{"start":{"line":18,"column":4},"end":{"line":40,"column":null}},"12":{"start":{"line":19,"column":18},"end":{"line":26,"column":8}},"13":{"start":{"line":28,"column":6},"end":{"line":35,"column":null}},"14":{"start":{"line":29,"column":21},"end":{"line":29,"column":37}},"15":{"start":{"line":30,"column":8},"end":{"line":30,"column":null}},"16":{"start":{"line":31,"column":8},"end":{"line":31,"column":null}},"17":{"start":{"line":32,"column":8},"end":{"line":32,"column":null}},"18":{"start":{"line":34,"column":24},"end":{"line":34,"column":40}},"19":{"start":{"line":35,"column":8},"end":{"line":35,"column":null}},"20":{"start":{"line":38,"column":6},"end":{"line":38,"column":null}},"21":{"start":{"line":40,"column":6},"end":{"line":40,"column":null}},"22":{"start":{"line":44,"column":2},"end":{"line":134,"column":null}},"23":{"start":{"line":77,"column":33},"end":{"line":77,"column":null}},"24":{"start":{"line":95,"column":33},"end":{"line":95,"column":null}},"25":{"start":{"line":99,"column":31},"end":{"line":99,"column":61}}},"fnMap":{"0":{"name":"(anonymous_0)","decl":{"start":{"line":5,"column":6},"end":{"line":5,"column":34}},"loc":{"start":{"line":5,"column":34},"end":{"line":134,"column":null}},"line":5},"1":{"name":"(anonymous_1)","decl":{"start":{"line":13,"column":23},"end":{"line":13,"column":30}},"loc":{"start":{"line":13,"column":53},"end":{"line":40,"column":null}},"line":13},"2":{"name":"(anonymous_2)","decl":{"start":{"line":77,"column":16},"end":{"line":77,"column":27}},"loc":{"start":{"line":77,"column":33},"end":{"line":77,"column":null}},"line":77},"3":{"name":"(anonymous_3)","decl":{"start":{"line":95,"column":16},"end":{"line":95,"column":27}},"loc":{"start":{"line":95,"column":33},"end":{"line":95,"column":null}},"line":95},"4":{"name":"(anonymous_4)","decl":{"start":{"line":99,"column":16},"end":{"line":99,"column":31}},"loc":{"start":{"line":99,"column":31},"end":{"line":99,"column":61}},"line":99}},"branchMap":{"0":{"loc":{"start":{"line":28,"column":6},"end":{"line":35,"column":null}},"type":"if","locations":[{"start":{"line":28,"column":6},"end":{"line":35,"column":null}},{"start":{"line":33,"column":13},"end":{"line":35,"column":null}}],"line":28},"1":{"loc":{"start":{"line":35,"column":17},"end":{"line":35,"column":91}},"type":"binary-expr","locations":[{"start":{"line":35,"column":17},"end":{"line":35,"column":50}},{"start":{"line":35,"column":50},"end":{"line":35,"column":91}}],"line":35},"2":{"loc":{"start":{"line":89,"column":22},"end":{"line":89,"column":null}},"type":"cond-expr","locations":[{"start":{"line":89,"column":37},"end":{"line":89,"column":46}},{"start":{"line":89,"column":46},"end":{"line":89,"column":null}}],"line":89},"3":{"loc":{"start":{"line":102,"column":17},"end":{"line":102,"column":null}},"type":"cond-expr","locations":[{"start":{"line":102,"column":32},"end":{"line":102,"column":66}},{"start":{"line":102,"column":65},"end":{"line":102,"column":null}}],"line":102},"4":{"loc":{"start":{"line":107,"column":11},"end":{"line":110,"column":null}},"type":"binary-expr","locations":[{"start":{"line":107,"column":11},"end":{"line":107,"column":null}},{"start":{"line":108,"column":12},"end":{"line":110,"column":null}}],"line":107},"5":{"loc":{"start":{"line":119,"column":13},"end":{"line":125,"column":null}},"type":"cond-expr","locations":[{"start":{"line":120,"column":14},"end":{"line":122,"column":null}},{"start":{"line":122,"column":14},"end":{"line":125,"column":null}}],"line":119}},"s":{"0":1,"1":14,"2":14,"3":14,"4":14,"5":14,"6":14,"7":14,"8":2,"9":2,"10":2,"11":2,"12":2,"13":2,"14":1,"15":1,"16":1,"17":1,"18":1,"19":1,"20":0,"21":2,"22":14,"23":3,"24":2,"25":0},"f":{"0":14,"1":2,"2":3,"3":2,"4":0},"b":{"0":[1,1],"1":[1,0],"2":[0,14],"3":[0,14],"4":[14,1],"5":[2,12]},"meta":{"lastBranch":6,"lastFunction":5,"lastStatement":26,"seen":{"s:5:6:134:Infinity":0,"f:5:6:5:34":0,"s:6:19:6:46":1,"s:7:19:7:46":2,"s:8:23:8:57":3,"s:9:16:9:57":4,"s:10:18:10:47":5,"s:11:8:11:32":6,"s:13:23:40:Infinity":7,"f:13:23:13:30":1,"s:14:4:14:Infinity":8,"s:15:4:15:Infinity":9,"s:16:4:16:Infinity":10,"s:18:4:40:Infinity":11,"s:19:18:26:8":12,"b:28:6:35:Infinity:33:13:35:Infinity":0,"s:28:6:35:Infinity":13,"s:29:21:29:37":14,"s:30:8:30:Infinity":15,"s:31:8:31:Infinity":16,"s:32:8:32:Infinity":17,"s:34:24:34:40":18,"s:35:8:35:Infinity":19,"b:35:17:35:50:35:50:35:91":1,"s:38:6:38:Infinity":20,"s:40:6:40:Infinity":21,"s:44:2:134:Infinity":22,"f:77:16:77:27":2,"s:77:33:77:Infinity":23,"b:89:37:89:46:89:46:89:Infinity":2,"f:95:16:95:27":3,"s:95:33:95:Infinity":24,"f:99:16:99:31":4,"s:99:31:99:61":25,"b:102:32:102:66:102:65:102:Infinity":3,"b:107:11:107:Infinity:108:12:110:Infinity":4,"b:120:14:122:Infinity:122:14:125:Infinity":5}}}
,"/home/samuel/Development/GTO-Wizard/frontend/src/components/StrategyMatrix.tsx": {"path":"/home/samuel/Development/GTO-Wizard/frontend/src/components/StrategyMatrix.tsx","statementMap":{"0":{"start":{"line":28,"column":14},"end":{"line":28,"column":null}},"1":{"start":{"line":31,"column":15},"end":{"line":39,"column":null}},"2":{"start":{"line":45,"column":13},"end":{"line":62,"column":null}},"3":{"start":{"line":46,"column":16},"end":{"line":46,"column":36}},"4":{"start":{"line":47,"column":2},"end":{"line":47,"column":null}},"5":{"start":{"line":47,"column":30},"end":{"line":47,"column":null}},"6":{"start":{"line":48,"column":2},"end":{"line":48,"column":null}},"7":{"start":{"line":48,"column":57},"end":{"line":48,"column":null}},"8":{"start":{"line":51,"column":2},"end":{"line":51,"column":null}},"9":{"start":{"line":51,"column":83},"end":{"line":51,"column":null}},"10":{"start":{"line":52,"column":2},"end":{"line":60,"column":null}},"11":{"start":{"line":54,"column":18},"end":{"line":54,"column":38}},"12":{"start":{"line":55,"column":4},"end":{"line":58,"column":null}},"13":{"start":{"line":56,"column":19},"end":{"line":56,"column":37}},"14":{"start":{"line":57,"column":6},"end":{"line":57,"column":null}},"15":{"start":{"line":57,"column":21},"end":{"line":57,"column":null}},"16":{"start":{"line":58,"column":6},"end":{"line":58,"column":null}},"17":{"start":{"line":58,"column":23},"end":{"line":58,"column":null}},"18":{"start":{"line":60,"column":4},"end":{"line":60,"column":null}},"19":{"start":{"line":62,"column":2},"end":{"line":62,"column":null}},"20":{"start":{"line":65,"column":6},"end":{"line":262,"column":null}},"21":{"start":{"line":66,"column":16},"end":{"line":66,"column":70}},"22":{"start":{"line":67,"column":23},"end":{"line":67,"column":71}},"23":{"start":{"line":69,"column":2},"end":{"line":86,"column":null}},"24":{"start":{"line":70,"column":23},"end":{"line":82,"column":null}},"25":{"start":{"line":71,"column":6},"end":{"line":82,"column":null}},"26":{"start":{"line":72,"column":21},"end":{"line":72,"column":67}},"27":{"start":{"line":73,"column":8},"end":{"line":79,"column":null}},"28":{"start":{"line":74,"column":56},"end":{"line":74,"column":58}},"29":{"start":{"line":75,"column":10},"end":{"line":78,"column":null}},"30":{"start":{"line":76,"column":25},"end":{"line":76,"column":60}},"31":{"start":{"line":76,"column":41},"end":{"line":76,"column":60}},"32":{"start":{"line":77,"column":12},"end":{"line":77,"column":null}},"33":{"start":{"line":77,"column":22},"end":{"line":77,"column":null}},"34":{"start":{"line":79,"column":10},"end":{"line":79,"column":null}},"35":{"start":{"line":82,"column":8},"end":{"line":82,"column":null}},"36":{"start":{"line":85,"column":4},"end":{"line":85,"column":null}},"37":{"start":{"line":85,"column":26},"end":{"line":85,"column":null}},"38":{"start":{"line":88,"column":21},"end":{"line":105,"column":null}},"39":{"start":{"line":89,"column":21},"end":{"line":89,"column":null}},"40":{"start":{"line":90,"column":4},"end":{"line":105,"column":null}},"41":{"start":{"line":91,"column":6},"end":{"line":102,"column":null}},"42":{"start":{"line":92,"column":8},"end":{"line":92,"column":null}},"43":{"start":{"line":93,"column":25},"end":{"line":93,"column":37}},"44":{"start":{"line":94,"column":8},"end":{"line":94,"column":null}},"45":{"start":{"line":95,"column":8},"end":{"line":95,"column":null}},"46":{"start":{"line":97,"column":24},"end":{"line":101,"column":10}},"47":{"start":{"line":102,"column":8},"end":{"line":102,"column":null}},"48":{"start":{"line":105,"column":6},"end":{"line":105,"column":null}},"49":{"start":{"line":109,"column":23},"end":{"line":109,"column":63}},"50":{"start":{"line":109,"column":39},"end":{"line":109,"column":63}},"51":{"start":{"line":110,"column":19},"end":{"line":110,"column":null}},"52":{"start":{"line":112,"column":8},"end":{"line":180,"column":null}},"53":{"start":{"line":113,"column":19},"end":{"line":113,"column":null}},"54":{"start":{"line":114,"column":21},"end":{"line":114,"column":68}},"55":{"start":{"line":115,"column":17},"end":{"line":115,"column":null}},"56":{"start":{"line":117,"column":17},"end":{"line":117,"column":49}},"57":{"start":{"line":117,"column":33},"end":{"line":117,"column":49}},"58":{"start":{"line":118,"column":23},"end":{"line":118,"column":null}},"59":{"start":{"line":119,"column":25},"end":{"line":119,"column":null}},"60":{"start":{"line":122,"column":20},"end":{"line":122,"column":39}},"61":{"start":{"line":123,"column":26},"end":{"line":132,"column":null}},"62":{"start":{"line":125,"column":12},"end":{"line":129,"column":null}},"63":{"start":{"line":126,"column":18},"end":{"line":126,"column":36}},"64":{"start":{"line":127,"column":8},"end":{"line":127,"column":null}},"65":{"start":{"line":127,"column":32},"end":{"line":127,"column":null}},"66":{"start":{"line":128,"column":8},"end":{"line":128,"column":null}},"67":{"start":{"line":128,"column":55},"end":{"line":128,"column":null}},"68":{"start":{"line":129,"column":8},"end":{"line":129,"column":null}},"69":{"start":{"line":131,"column":6},"end":{"line":131,"column":null}},"70":{"start":{"line":134,"column":34},"end":{"line":134,"column":36}},"71":{"start":{"line":135,"column":21},"end":{"line":135,"column":null}},"72":{"start":{"line":137,"column":4},"end":{"line":144,"column":null}},"73":{"start":{"line":138,"column":18},"end":{"line":138,"column":null}},"74":{"start":{"line":139,"column":6},"end":{"line":142,"column":null}},"75":{"start":{"line":140,"column":22},"end":{"line":140,"column":44}},"76":{"start":{"line":141,"column":8},"end":{"line":141,"column":null}},"77":{"start":{"line":142,"column":8},"end":{"line":142,"column":null}},"78":{"start":{"line":146,"column":28},"end":{"line":148,"column":null}},"79":{"start":{"line":151,"column":24},"end":{"line":153,"column":null}},"80":{"start":{"line":152,"column":46},"end":{"line":152,"column":87}},"81":{"start":{"line":155,"column":4},"end":{"line":180,"column":null}},"82":{"start":{"line":159,"column":10},"end":{"line":159,"column":null}},"83":{"start":{"line":160,"column":10},"end":{"line":160,"column":null}},"84":{"start":{"line":160,"column":28},"end":{"line":160,"column":null}},"85":{"start":{"line":184,"column":2},"end":{"line":262,"column":null}},"86":{"start":{"line":199,"column":14},"end":{"line":201,"column":null}},"87":{"start":{"line":200,"column":38},"end":{"line":200,"column":66}},"88":{"start":{"line":217,"column":36},"end":{"line":217,"column":75}},"89":{"start":{"line":241,"column":18},"end":{"line":246,"column":null}}},"fnMap":{"0":{"name":"(anonymous_0)","decl":{"start":{"line":45,"column":13},"end":{"line":45,"column":31}},"loc":{"start":{"line":45,"column":58},"end":{"line":62,"column":null}},"line":45},"1":{"name":"(anonymous_1)","decl":{"start":{"line":65,"column":6},"end":{"line":65,"column":55}},"loc":{"start":{"line":65,"column":83},"end":{"line":262,"column":null}},"line":65},"2":{"name":"(anonymous_2)","decl":{"start":{"line":69,"column":2},"end":{"line":69,"column":18}},"loc":{"start":{"line":69,"column":18},"end":{"line":86,"column":6}},"line":69},"3":{"name":"(anonymous_3)","decl":{"start":{"line":70,"column":23},"end":{"line":70,"column":35}},"loc":{"start":{"line":70,"column":35},"end":{"line":82,"column":null}},"line":70},"4":{"name":"(anonymous_4)","decl":{"start":{"line":75,"column":15},"end":{"line":75,"column":23}},"loc":{"start":{"line":75,"column":31},"end":{"line":78,"column":null}},"line":75},"5":{"name":"(anonymous_5)","decl":{"start":{"line":76,"column":31},"end":{"line":76,"column":36}},"loc":{"start":{"line":76,"column":41},"end":{"line":76,"column":60}},"line":76},"6":{"name":"(anonymous_6)","decl":{"start":{"line":88,"column":21},"end":{"line":88,"column":28}},"loc":{"start":{"line":88,"column":86},"end":{"line":105,"column":null}},"line":88},"7":{"name":"(anonymous_7)","decl":{"start":{"line":109,"column":29},"end":{"line":109,"column":34}},"loc":{"start":{"line":109,"column":39},"end":{"line":109,"column":63}},"line":109},"8":{"name":"(anonymous_8)","decl":{"start":{"line":112,"column":8},"end":{"line":112,"column":22}},"loc":{"start":{"line":112,"column":59},"end":{"line":180,"column":null}},"line":112},"9":{"name":"(anonymous_9)","decl":{"start":{"line":117,"column":23},"end":{"line":117,"column":28}},"loc":{"start":{"line":117,"column":33},"end":{"line":117,"column":49}},"line":117},"10":{"name":"(anonymous_10)","decl":{"start":{"line":123,"column":50},"end":{"line":123,"column":56}},"loc":{"start":{"line":123,"column":65},"end":{"line":132,"column":null}},"line":123},"11":{"name":"(anonymous_11)","decl":{"start":{"line":125,"column":12},"end":{"line":125,"column":21}},"loc":{"start":{"line":125,"column":38},"end":{"line":129,"column":null}},"line":125},"12":{"name":"(anonymous_12)","decl":{"start":{"line":137,"column":18},"end":{"line":137,"column":27}},"loc":{"start":{"line":137,"column":46},"end":{"line":144,"column":null}},"line":137},"13":{"name":"(anonymous_13)","decl":{"start":{"line":152,"column":22},"end":{"line":152,"column":27}},"loc":{"start":{"line":152,"column":46},"end":{"line":152,"column":87}},"line":152},"14":{"name":"(anonymous_14)","decl":{"start":{"line":158,"column":8},"end":{"line":158,"column":23}},"loc":{"start":{"line":158,"column":23},"end":{"line":160,"column":null}},"line":158},"15":{"name":"(anonymous_15)","decl":{"start":{"line":198,"column":19},"end":{"line":198,"column":23}},"loc":{"start":{"line":199,"column":14},"end":{"line":201,"column":null}},"line":199},"16":{"name":"(anonymous_16)","decl":{"start":{"line":200,"column":23},"end":{"line":200,"column":27}},"loc":{"start":{"line":200,"column":38},"end":{"line":200,"column":66}},"line":200},"17":{"name":"(anonymous_17)","decl":{"start":{"line":217,"column":21},"end":{"line":217,"column":36}},"loc":{"start":{"line":217,"column":36},"end":{"line":217,"column":75}},"line":217},"18":{"name":"(anonymous_18)","decl":{"start":{"line":240,"column":60},"end":{"line":240,"column":65}},"loc":{"start":{"line":241,"column":18},"end":{"line":246,"column":null}},"line":241}},"branchMap":{"0":{"loc":{"start":{"line":47,"column":2},"end":{"line":47,"column":null}},"type":"if","locations":[{"start":{"line":47,"column":2},"end":{"line":47,"column":null}},{"start":{},"end":{}}],"line":47},"1":{"loc":{"start":{"line":48,"column":2},"end":{"line":48,"column":null}},"type":"if","locations":[{"start":{"line":48,"column":2},"end":{"line":48,"column":null}},{"start":{},"end":{}}],"line":48},"2":{"loc":{"start":{"line":48,"column":6},"end":{"line":48,"column":55}},"type":"binary-expr","locations":[{"start":{"line":48,"column":6},"end":{"line":48,"column":28}},{"start":{"line":48,"column":32},"end":{"line":48,"column":55}}],"line":48},"3":{"loc":{"start":{"line":51,"column":2},"end":{"line":51,"column":null}},"type":"if","locations":[{"start":{"line":51,"column":2},"end":{"line":51,"column":null}},{"start":{},"end":{}}],"line":51},"4":{"loc":{"start":{"line":51,"column":6},"end":{"line":51,"column":81}},"type":"binary-expr","locations":[{"start":{"line":51,"column":6},"end":{"line":51,"column":30}},{"start":{"line":51,"column":34},"end":{"line":51,"column":54}},{"start":{"line":51,"column":58},"end":{"line":51,"column":81}}],"line":51},"5":{"loc":{"start":{"line":52,"column":2},"end":{"line":60,"column":null}},"type":"if","locations":[{"start":{"line":52,"column":2},"end":{"line":60,"column":null}},{"start":{},"end":{}}],"line":52},"6":{"loc":{"start":{"line":52,"column":6},"end":{"line":52,"column":54}},"type":"binary-expr","locations":[{"start":{"line":52,"column":6},"end":{"line":52,"column":29}},{"start":{"line":52,"column":33},"end":{"line":52,"column":54}}],"line":52},"7":{"loc":{"start":{"line":55,"column":4},"end":{"line":58,"column":null}},"type":"if","locations":[{"start":{"line":55,"column":4},"end":{"line":58,"column":null}},{"start":{},"end":{}}],"line":55},"8":{"loc":{"start":{"line":57,"column":6},"end":{"line":57,"column":null}},"type":"if","locations":[{"start":{"line":57,"column":6},"end":{"line":57,"column":null}},{"start":{},"end":{}}],"line":57},"9":{"loc":{"start":{"line":58,"column":6},"end":{"line":58,"column":null}},"type":"if","locations":[{"start":{"line":58,"column":6},"end":{"line":58,"column":null}},{"start":{},"end":{}}],"line":58},"10":{"loc":{"start":{"line":73,"column":8},"end":{"line":79,"column":null}},"type":"if","locations":[{"start":{"line":73,"column":8},"end":{"line":79,"column":null}},{"start":{},"end":{}}],"line":73},"11":{"loc":{"start":{"line":77,"column":12},"end":{"line":77,"column":null}},"type":"if","locations":[{"start":{"line":77,"column":12},"end":{"line":77,"column":null}},{"start":{},"end":{}}],"line":77},"12":{"loc":{"start":{"line":85,"column":4},"end":{"line":85,"column":null}},"type":"if","locations":[{"start":{"line":85,"column":4},"end":{"line":85,"column":null}},{"start":{},"end":{}}],"line":85},"13":{"loc":{"start":{"line":91,"column":6},"end":{"line":102,"column":null}},"type":"if","locations":[{"start":{"line":91,"column":6},"end":{"line":102,"column":null}},{"start":{"line":96,"column":13},"end":{"line":102,"column":null}}],"line":91},"14":{"loc":{"start":{"line":99,"column":26},"end":{"line":99,"column":null}},"type":"binary-expr","locations":[{"start":{"line":99,"column":26},"end":{"line":99,"column":43}},{"start":{"line":99,"column":43},"end":{"line":99,"column":null}}],"line":99},"15":{"loc":{"start":{"line":110,"column":19},"end":{"line":110,"column":null}},"type":"cond-expr","locations":[{"start":{"line":110,"column":34},"end":{"line":110,"column":58}},{"start":{"line":110,"column":58},"end":{"line":110,"column":null}}],"line":110},"16":{"loc":{"start":{"line":115,"column":17},"end":{"line":115,"column":null}},"type":"cond-expr","locations":[{"start":{"line":115,"column":26},"end":{"line":115,"column":52}},{"start":{"line":115,"column":52},"end":{"line":115,"column":null}}],"line":115},"17":{"loc":{"start":{"line":115,"column":52},"end":{"line":115,"column":null}},"type":"cond-expr","locations":[{"start":{"line":115,"column":63},"end":{"line":115,"column":89}},{"start":{"line":115,"column":89},"end":{"line":115,"column":null}}],"line":115},"18":{"loc":{"start":{"line":122,"column":20},"end":{"line":122,"column":39}},"type":"binary-expr","locations":[{"start":{"line":122,"column":20},"end":{"line":122,"column":37}},{"start":{"line":122,"column":37},"end":{"line":122,"column":39}}],"line":122},"19":{"loc":{"start":{"line":127,"column":8},"end":{"line":127,"column":null}},"type":"if","locations":[{"start":{"line":127,"column":8},"end":{"line":127,"column":null}},{"start":{},"end":{}}],"line":127},"20":{"loc":{"start":{"line":128,"column":8},"end":{"line":128,"column":null}},"type":"if","locations":[{"start":{"line":128,"column":8},"end":{"line":128,"column":null}},{"start":{},"end":{}}],"line":128},"21":{"loc":{"start":{"line":128,"column":12},"end":{"line":128,"column":53}},"type":"binary-expr","locations":[{"start":{"line":128,"column":12},"end":{"line":128,"column":31}},{"start":{"line":128,"column":35},"end":{"line":128,"column":53}}],"line":128},"22":{"loc":{"start":{"line":139,"column":6},"end":{"line":142,"column":null}},"type":"if","locations":[{"start":{"line":139,"column":6},"end":{"line":142,"column":null}},{"start":{},"end":{}}],"line":139},"23":{"loc":{"start":{"line":146,"column":28},"end":{"line":148,"column":null}},"type":"cond-expr","locations":[{"start":{"line":147,"column":8},"end":{"line":147,"column":null}},{"start":{"line":148,"column":8},"end":{"line":148,"column":null}}],"line":146},"24":{"loc":{"start":{"line":151,"column":24},"end":{"line":153,"column":null}},"type":"cond-expr","locations":[{"start":{"line":152,"column":8},"end":{"line":152,"column":98}},{"start":{"line":153,"column":8},"end":{"line":153,"column":null}}],"line":151},"25":{"loc":{"start":{"line":160,"column":10},"end":{"line":160,"column":null}},"type":"if","locations":[{"start":{"line":160,"column":10},"end":{"line":160,"column":null}},{"start":{},"end":{}}],"line":160},"26":{"loc":{"start":{"line":165,"column":12},"end":{"line":165,"column":null}},"type":"cond-expr","locations":[{"start":{"line":165,"column":25},"end":{"line":165,"column":55}},{"start":{"line":165,"column":55},"end":{"line":165,"column":null}}],"line":165},"27":{"loc":{"start":{"line":166,"column":12},"end":{"line":166,"column":null}},"type":"cond-expr","locations":[{"start":{"line":166,"column":27},"end":{"line":166,"column":62}},{"start":{"line":166,"column":62},"end":{"line":166,"column":null}}],"line":166},"28":{"loc":{"start":{"line":175,"column":9},"end":{"line":178,"column":null}},"type":"binary-expr","locations":[{"start":{"line":175,"column":9},"end":{"line":175,"column":null}},{"start":{"line":176,"column":10},"end":{"line":178,"column":null}}],"line":175},"29":{"loc":{"start":{"line":186,"column":32},"end":{"line":186,"column":59}},"type":"cond-expr","locations":[{"start":{"line":186,"column":47},"end":{"line":186,"column":56}},{"start":{"line":186,"column":56},"end":{"line":186,"column":59}}],"line":186},"30":{"loc":{"start":{"line":207,"column":7},"end":{"line":262,"column":null}},"type":"binary-expr","locations":[{"start":{"line":207,"column":7},"end":{"line":207,"column":null}},{"start":{"line":208,"column":8},"end":{"line":262,"column":null}}],"line":207},"31":{"loc":{"start":{"line":209,"column":11},"end":{"line":260,"column":11}},"type":"cond-expr","locations":[{"start":{"line":210,"column":12},"end":{"line":251,"column":13}},{"start":{"line":251,"column":12},"end":{"line":260,"column":11}}],"line":209},"32":{"loc":{"start":{"line":218,"column":33},"end":{"line":218,"column":null}},"type":"cond-expr","locations":[{"start":{"line":218,"column":44},"end":{"line":218,"column":62}},{"start":{"line":218,"column":62},"end":{"line":218,"column":null}}],"line":218},"33":{"loc":{"start":{"line":221,"column":23},"end":{"line":221,"column":null}},"type":"cond-expr","locations":[{"start":{"line":221,"column":34},"end":{"line":221,"column":82}},{"start":{"line":221,"column":81},"end":{"line":221,"column":null}}],"line":221},"34":{"loc":{"start":{"line":240,"column":32},"end":{"line":240,"column":58}},"type":"binary-expr","locations":[{"start":{"line":240,"column":32},"end":{"line":240,"column":56}},{"start":{"line":240,"column":56},"end":{"line":240,"column":58}}],"line":240},"35":{"loc":{"start":{"line":254,"column":18},"end":{"line":254,"column":null}},"type":"cond-expr","locations":[{"start":{"line":254,"column":48},"end":{"line":254,"column":93}},{"start":{"line":254,"column":93},"end":{"line":254,"column":null}}],"line":254},"36":{"loc":{"start":{"line":254,"column":18},"end":{"line":254,"column":48}},"type":"binary-expr","locations":[{"start":{"line":254,"column":18},"end":{"line":254,"column":27}},{"start":{"line":254,"column":27},"end":{"line":254,"column":48}}],"line":254}},"s":{"0":2,"1":2,"2":2,"3":59,"4":59,"5":2,"6":57,"7":23,"8":34,"9":30,"10":4,"11":4,"12":4,"13":4,"14":4,"15":2,"16":2,"17":0,"18":2,"19":0,"20":2,"21":45,"22":45,"23":45,"24":26,"25":14,"26":14,"27":14,"28":14,"29":14,"30":6,"31":8,"32":6,"33":0,"34":14,"35":0,"36":26,"37":14,"38":45,"39":1,"40":1,"41":1,"42":0,"43":0,"44":0,"45":0,"46":1,"47":1,"48":0,"49":45,"50":29,"51":45,"52":45,"53":7605,"54":7605,"55":7605,"56":7605,"57":5570,"58":7605,"59":7605,"60":7605,"61":7605,"62":56,"63":112,"64":112,"65":29,"66":83,"67":39,"68":44,"69":56,"70":7605,"71":7605,"72":7605,"73":63,"74":63,"75":42,"76":42,"77":42,"78":7605,"79":7605,"80":63,"81":7605,"82":2,"83":2,"84":1,"85":45,"86":585,"87":7605,"88":1,"89":12},"f":{"0":59,"1":45,"2":26,"3":14,"4":6,"5":8,"6":1,"7":29,"8":7605,"9":5570,"10":56,"11":112,"12":63,"13":63,"14":2,"15":585,"16":7605,"17":1,"18":12},"b":{"0":[2,57],"1":[23,34],"2":[57,36],"3":[30,4],"4":[34,32,4],"5":[4,0],"6":[4,4],"7":[4,0],"8":[2,2],"9":[0,2],"10":[14,0],"11":[0,6],"12":[14,12],"13":[0,1],"14":[1,1],"15":[4,41],"16":[585,7020],"17":[3510,3510],"18":[7605,7582],"19":[29,83],"20":[39,44],"21":[83,80],"22":[42,21],"23":[23,7582],"24":[23,7582],"25":[1,1],"26":[4,7601],"27":[1,7604],"28":[7605,1],"29":[4,41],"30":[45,4],"31":[4,0],"32":[1,3],"33":[1,3],"34":[4,0],"35":[0,0],"36":[0,0]},"meta":{"lastBranch":37,"lastFunction":19,"lastStatement":90,"seen":{"s:28:14:28:Infinity":0,"s:31:15:39:Infinity":1,"s:45:13:62:Infinity":2,"f:45:13:45:31":0,"s:46:16:46:36":3,"b:47:2:47:Infinity:undefined:undefined:undefined:undefined":0,"s:47:2:47:Infinity":4,"s:47:30:47:Infinity":5,"b:48:2:48:Infinity:undefined:undefined:undefined:undefined":1,"s:48:2:48:Infinity":6,"b:48:6:48:28:48:32:48:55":2,"s:48:57:48:Infinity":7,"b:51:2:51:Infinity:undefined:undefined:undefined:undefined":3,"s:51:2:51:Infinity":8,"b:51:6:51:30:51:34:51:54:51:58:51:81":4,"s:51:83:51:Infinity":9,"b:52:2:60:Infinity:undefined:undefined:undefined:undefined":5,"s:52:2:60:Infinity":10,"b:52:6:52:29:52:33:52:54":6,"s:54:18:54:38":11,"b:55:4:58:Infinity:undefined:undefined:undefined:undefined":7,"s:55:4:58:Infinity":12,"s:56:19:56:37":13,"b:57:6:57:Infinity:undefined:undefined:undefined:undefined":8,"s:57:6:57:Infinity":14,"s:57:21:57:Infinity":15,"b:58:6:58:Infinity:undefined:undefined:undefined:undefined":9,"s:58:6:58:Infinity":16,"s:58:23:58:Infinity":17,"s:60:4:60:Infinity":18,"s:62:2:62:Infinity":19,"s:65:6:262:Infinity":20,"f:65:6:65:55":1,"s:66:16:66:70":21,"s:67:23:67:71":22,"s:69:2:86:Infinity":23,"f:69:2:69:18":2,"s:70:23:82:Infinity":24,"f:70:23:70:35":3,"s:71:6:82:Infinity":25,"s:72:21:72:67":26,"b:73:8:79:Infinity:undefined:undefined:undefined:undefined":10,"s:73:8:79:Infinity":27,"s:74:56:74:58":28,"s:75:10:78:Infinity":29,"f:75:15:75:23":4,"s:76:25:76:60":30,"f:76:31:76:36":5,"s:76:41:76:60":31,"b:77:12:77:Infinity:undefined:undefined:undefined:undefined":11,"s:77:12:77:Infinity":32,"s:77:22:77:Infinity":33,"s:79:10:79:Infinity":34,"s:82:8:82:Infinity":35,"b:85:4:85:Infinity:undefined:undefined:undefined:undefined":12,"s:85:4:85:Infinity":36,"s:85:26:85:Infinity":37,"s:88:21:105:Infinity":38,"f:88:21:88:28":6,"s:89:21:89:Infinity":39,"s:90:4:105:Infinity":40,"b:91:6:102:Infinity:96:13:102:Infinity":13,"s:91:6:102:Infinity":41,"s:92:8:92:Infinity":42,"s:93:25:93:37":43,"s:94:8:94:Infinity":44,"s:95:8:95:Infinity":45,"s:97:24:101:10":46,"b:99:26:99:43:99:43:99:Infinity":14,"s:102:8:102:Infinity":47,"s:105:6:105:Infinity":48,"s:109:23:109:63":49,"f:109:29:109:34":7,"s:109:39:109:63":50,"s:110:19:110:Infinity":51,"b:110:34:110:58:110:58:110:Infinity":15,"s:112:8:180:Infinity":52,"f:112:8:112:22":8,"s:113:19:113:Infinity":53,"s:114:21:114:68":54,"s:115:17:115:Infinity":55,"b:115:26:115:52:115:52:115:Infinity":16,"b:115:63:115:89:115:89:115:Infinity":17,"s:117:17:117:49":56,"f:117:23:117:28":9,"s:117:33:117:49":57,"s:118:23:118:Infinity":58,"s:119:25:119:Infinity":59,"s:122:20:122:39":60,"b:122:20:122:37:122:37:122:39":18,"s:123:26:132:Infinity":61,"f:123:50:123:56":10,"s:125:12:129:Infinity":62,"f:125:12:125:21":11,"s:126:18:126:36":63,"b:127:8:127:Infinity:undefined:undefined:undefined:undefined":19,"s:127:8:127:Infinity":64,"s:127:32:127:Infinity":65,"b:128:8:128:Infinity:undefined:undefined:undefined:undefined":20,"s:128:8:128:Infinity":66,"b:128:12:128:31:128:35:128:53":21,"s:128:55:128:Infinity":67,"s:129:8:129:Infinity":68,"s:131:6:131:Infinity":69,"s:134:34:134:36":70,"s:135:21:135:Infinity":71,"s:137:4:144:Infinity":72,"f:137:18:137:27":12,"s:138:18:138:Infinity":73,"b:139:6:142:Infinity:undefined:undefined:undefined:undefined":22,"s:139:6:142:Infinity":74,"s:140:22:140:44":75,"s:141:8:141:Infinity":76,"s:142:8:142:Infinity":77,"s:146:28:148:Infinity":78,"b:147:8:147:Infinity:148:8:148:Infinity":23,"s:151:24:153:Infinity":79,"b:152:8:152:98:153:8:153:Infinity":24,"f:152:22:152:27":13,"s:152:46:152:87":80,"s:155:4:180:Infinity":81,"f:158:8:158:23":14,"s:159:10:159:Infinity":82,"b:160:10:160:Infinity:undefined:undefined:undefined:undefined":25,"s:160:10:160:Infinity":83,"s:160:28:160:Infinity":84,"b:165:25:165:55:165:55:165:Infinity":26,"b:166:27:166:62:166:62:166:Infinity":27,"b:175:9:175:Infinity:176:10:178:Infinity":28,"s:184:2:262:Infinity":85,"b:186:47:186:56:186:56:186:59":29,"f:198:19:198:23":15,"s:199:14:201:Infinity":86,"f:200:23:200:27":16,"s:200:38:200:66":87,"b:207:7:207:Infinity:208:8:262:Infinity":30,"b:210:12:251:13:251:12:260:11":31,"f:217:21:217:36":17,"s:217:36:217:75":88,"b:218:44:218:62:218:62:218:Infinity":32,"b:221:34:221:82:221:81:221:Infinity":33,"b:240:32:240:56:240:56:240:58":34,"f:240:60:240:65":18,"s:241:18:246:Infinity":89,"b:254:48:254:93:254:93:254:Infinity":35,"b:254:18:254:27:254:27:254:48":36}}}
,"/home/samuel/Development/GTO-Wizard/frontend/src/components/SummaryStats.tsx": {"path":"/home/samuel/Development/GTO-Wizard/frontend/src/components/SummaryStats.tsx","statementMap":{"0":{"start":{"line":9,"column":6},"end":{"line":64,"column":null}},"1":{"start":{"line":10,"column":8},"end":{"line":40,"column":13}},"2":{"start":{"line":11,"column":4},"end":{"line":11,"column":null}},"3":{"start":{"line":11,"column":38},"end":{"line":11,"column":null}},"4":{"start":{"line":13,"column":57},"end":{"line":13,"column":59}},"5":{"start":{"line":14,"column":49},"end":{"line":14,"column":51}},"6":{"start":{"line":15,"column":23},"end":{"line":15,"column":null}},"7":{"start":{"line":17,"column":4},"end":{"line":25,"column":null}},"8":{"start":{"line":18,"column":6},"end":{"line":18,"column":null}},"9":{"start":{"line":18,"column":25},"end":{"line":18,"column":null}},"10":{"start":{"line":19,"column":6},"end":{"line":24,"column":null}},"11":{"start":{"line":20,"column":8},"end":{"line":20,"column":null}},"12":{"start":{"line":21,"column":8},"end":{"line":22,"column":null}},"13":{"start":{"line":22,"column":10},"end":{"line":22,"column":null}},"14":{"start":{"line":27,"column":20},"end":{"line":37,"column":null}},"15":{"start":{"line":28,"column":22},"end":{"line":28,"column":null}},"16":{"start":{"line":29,"column":29},"end":{"line":29,"column":null}},"17":{"start":{"line":30,"column":20},"end":{"line":30,"column":null}},"18":{"start":{"line":32,"column":6},"end":{"line":36,"column":null}},"19":{"start":{"line":39,"column":4},"end":{"line":39,"column":null}},"20":{"start":{"line":39,"column":34},"end":{"line":39,"column":60}},"21":{"start":{"line":42,"column":2},"end":{"line":42,"column":null}},"22":{"start":{"line":42,"column":14},"end":{"line":42,"column":null}},"23":{"start":{"line":44,"column":2},"end":{"line":64,"column":null}},"24":{"start":{"line":47,"column":8},"end":{"line":62,"column":null}}},"fnMap":{"0":{"name":"(anonymous_0)","decl":{"start":{"line":9,"column":6},"end":{"line":9,"column":51}},"loc":{"start":{"line":9,"column":65},"end":{"line":64,"column":null}},"line":9},"1":{"name":"(anonymous_1)","decl":{"start":{"line":10,"column":16},"end":{"line":10,"column":30}},"loc":{"start":{"line":10,"column":30},"end":{"line":40,"column":6}},"line":10},"2":{"name":"(anonymous_2)","decl":{"start":{"line":17,"column":10},"end":{"line":17,"column":18}},"loc":{"start":{"line":17,"column":26},"end":{"line":25,"column":null}},"line":17},"3":{"name":"(anonymous_3)","decl":{"start":{"line":19,"column":35},"end":{"line":19,"column":44}},"loc":{"start":{"line":19,"column":63},"end":{"line":24,"column":null}},"line":19},"4":{"name":"(anonymous_4)","decl":{"start":{"line":27,"column":54},"end":{"line":27,"column":58}},"loc":{"start":{"line":27,"column":68},"end":{"line":37,"column":null}},"line":27},"5":{"name":"(anonymous_5)","decl":{"start":{"line":39,"column":19},"end":{"line":39,"column":25}},"loc":{"start":{"line":39,"column":34},"end":{"line":39,"column":60}},"line":39},"6":{"name":"(anonymous_6)","decl":{"start":{"line":46,"column":13},"end":{"line":46,"column":18}},"loc":{"start":{"line":47,"column":8},"end":{"line":62,"column":null}},"line":47}},"branchMap":{"0":{"loc":{"start":{"line":11,"column":4},"end":{"line":11,"column":null}},"type":"if","locations":[{"start":{"line":11,"column":4},"end":{"line":11,"column":null}},{"start":{},"end":{}}],"line":11},"1":{"loc":{"start":{"line":11,"column":8},"end":{"line":11,"column":38}},"type":"binary-expr","locations":[{"start":{"line":11,"column":8},"end":{"line":11,"column":18}},{"start":{"line":11,"column":18},"end":{"line":11,"column":38}}],"line":11},"2":{"loc":{"start":{"line":18,"column":6},"end":{"line":18,"column":null}},"type":"if","locations":[{"start":{"line":18,"column":6},"end":{"line":18,"column":null}},{"start":{},"end":{}}],"line":18},"3":{"loc":{"start":{"line":20,"column":40},"end":{"line":20,"column":77}},"type":"binary-expr","locations":[{"start":{"line":20,"column":40},"end":{"line":20,"column":72}},{"start":{"line":20,"column":72},"end":{"line":20,"column":77}}],"line":20},"4":{"loc":{"start":{"line":21,"column":8},"end":{"line":22,"column":null}},"type":"if","locations":[{"start":{"line":21,"column":8},"end":{"line":22,"column":null}},{"start":{},"end":{}}],"line":21},"5":{"loc":{"start":{"line":22,"column":34},"end":{"line":22,"column":64}},"type":"binary-expr","locations":[{"start":{"line":22,"column":34},"end":{"line":22,"column":58}},{"start":{"line":22,"column":58},"end":{"line":22,"column":64}}],"line":22},"6":{"loc":{"start":{"line":30,"column":20},"end":{"line":30,"column":null}},"type":"cond-expr","locations":[{"start":{"line":30,"column":37},"end":{"line":30,"column":88}},{"start":{"line":30,"column":88},"end":{"line":30,"column":null}}],"line":30},"7":{"loc":{"start":{"line":30,"column":42},"end":{"line":30,"column":71}},"type":"binary-expr","locations":[{"start":{"line":30,"column":42},"end":{"line":30,"column":66}},{"start":{"line":30,"column":66},"end":{"line":30,"column":71}}],"line":30},"8":{"loc":{"start":{"line":42,"column":2},"end":{"line":42,"column":null}},"type":"if","locations":[{"start":{"line":42,"column":2},"end":{"line":42,"column":null}},{"start":{},"end":{}}],"line":42}},"s":{"0":1,"1":33,"2":23,"3":12,"4":11,"5":11,"6":11,"7":11,"8":12,"9":6,"10":6,"11":15,"12":15,"13":15,"14":11,"15":15,"16":15,"17":15,"18":15,"19":11,"20":11,"21":33,"22":20,"23":13,"24":17},"f":{"0":33,"1":23,"2":12,"3":15,"4":15,"5":11,"6":17},"b":{"0":[12,11],"1":[23,23],"2":[6,6],"3":[15,15],"4":[15,0],"5":[15,15],"6":[15,0],"7":[15,0],"8":[20,13]},"meta":{"lastBranch":9,"lastFunction":7,"lastStatement":25,"seen":{"s:9:6:64:Infinity":0,"f:9:6:9:51":0,"s:10:8:40:13":1,"f:10:16:10:30":1,"b:11:4:11:Infinity:undefined:undefined:undefined:undefined":0,"s:11:4:11:Infinity":2,"b:11:8:11:18:11:18:11:38":1,"s:11:38:11:Infinity":3,"s:13:57:13:59":4,"s:14:49:14:51":5,"s:15:23:15:Infinity":6,"s:17:4:25:Infinity":7,"f:17:10:17:18":2,"b:18:6:18:Infinity:undefined:undefined:undefined:undefined":2,"s:18:6:18:Infinity":8,"s:18:25:18:Infinity":9,"s:19:6:24:Infinity":10,"f:19:35:19:44":3,"s:20:8:20:Infinity":11,"b:20:40:20:72:20:72:20:77":3,"b:21:8:22:Infinity:undefined:undefined:undefined:undefined":4,"s:21:8:22:Infinity":12,"s:22:10:22:Infinity":13,"b:22:34:22:58:22:58:22:64":5,"s:27:20:37:Infinity":14,"f:27:54:27:58":4,"s:28:22:28:Infinity":15,"s:29:29:29:Infinity":16,"s:30:20:30:Infinity":17,"b:30:37:30:88:30:88:30:Infinity":6,"b:30:42:30:66:30:66:30:71":7,"s:32:6:36:Infinity":18,"s:39:4:39:Infinity":19,"f:39:19:39:25":5,"s:39:34:39:60":20,"b:42:2:42:Infinity:undefined:undefined:undefined:undefined":8,"s:42:2:42:Infinity":21,"s:42:14:42:Infinity":22,"s:44:2:64:Infinity":23,"f:46:13:46:18":6,"s:47:8:62:Infinity":24}}}
,"/home/samuel/Development/GTO-Wizard/frontend/src/contexts/SolutionContext.tsx": {"path":"/home/samuel/Development/GTO-Wizard/frontend/src/contexts/SolutionContext.tsx","statementMap":{"0":{"start":{"line":9,"column":6},"end":{"line":9,"column":81}},"1":{"start":{"line":11,"column":13},"end":{"line":37,"column":null}},"2":{"start":{"line":12,"column":27},"end":{"line":14,"column":null}},"3":{"start":{"line":13,"column":4},"end":{"line":13,"column":null}},"4":{"start":{"line":15,"column":8},"end":{"line":15,"column":32}},"5":{"start":{"line":18,"column":2},"end":{"line":24,"column":null}},"6":{"start":{"line":19,"column":4},"end":{"line":22,"column":null}},"7":{"start":{"line":20,"column":6},"end":{"line":20,"column":null}},"8":{"start":{"line":22,"column":6},"end":{"line":22,"column":null}},"9":{"start":{"line":27,"column":2},"end":{"line":32,"column":null}},"10":{"start":{"line":28,"column":18},"end":{"line":28,"column":46}},"11":{"start":{"line":29,"column":4},"end":{"line":30,"column":null}},"12":{"start":{"line":30,"column":6},"end":{"line":30,"column":null}},"13":{"start":{"line":34,"column":2},"end":{"line":37,"column":null}},"14":{"start":{"line":41,"column":13},"end":{"line":46,"column":null}},"15":{"start":{"line":42,"column":8},"end":{"line":42,"column":45}},"16":{"start":{"line":43,"column":2},"end":{"line":44,"column":null}},"17":{"start":{"line":44,"column":4},"end":{"line":44,"column":null}},"18":{"start":{"line":46,"column":2},"end":{"line":46,"column":null}}},"fnMap":{"0":{"name":"(anonymous_0)","decl":{"start":{"line":11,"column":13},"end":{"line":11,"column":74}},"loc":{"start":{"line":11,"column":91},"end":{"line":37,"column":null}},"line":11},"1":{"name":"(anonymous_1)","decl":{"start":{"line":12,"column":50},"end":{"line":12,"column":80}},"loc":{"start":{"line":12,"column":80},"end":{"line":14,"column":null}},"line":12},"2":{"name":"(anonymous_2)","decl":{"start":{"line":18,"column":2},"end":{"line":18,"column":18}},"loc":{"start":{"line":18,"column":18},"end":{"line":24,"column":6}},"line":18},"3":{"name":"(anonymous_3)","decl":{"start":{"line":27,"column":2},"end":{"line":27,"column":18}},"loc":{"start":{"line":27,"column":18},"end":{"line":32,"column":6}},"line":27},"4":{"name":"(anonymous_4)","decl":{"start":{"line":41,"column":13},"end":{"line":41,"column":33}},"loc":{"start":{"line":41,"column":33},"end":{"line":46,"column":null}},"line":41}},"branchMap":{"0":{"loc":{"start":{"line":19,"column":4},"end":{"line":22,"column":null}},"type":"if","locations":[{"start":{"line":19,"column":4},"end":{"line":22,"column":null}},{"start":{"line":21,"column":11},"end":{"line":22,"column":null}}],"line":19},"1":{"loc":{"start":{"line":29,"column":4},"end":{"line":30,"column":null}},"type":"if","locations":[{"start":{"line":29,"column":4},"end":{"line":30,"column":null}},{"start":{},"end":{}}],"line":29},"2":{"loc":{"start":{"line":29,"column":4},"end":{"line":29,"column":72}},"type":"binary-expr","locations":[{"start":{"line":29,"column":9},"end":{"line":29,"column":37}},{"start":{"line":29,"column":37},"end":{"line":29,"column":62}},{"start":{"line":29,"column":62},"end":{"line":29,"column":72}}],"line":29},"3":{"loc":{"start":{"line":43,"column":2},"end":{"line":44,"column":null}},"type":"if","locations":[{"start":{"line":43,"column":2},"end":{"line":44,"column":null}},{"start":{},"end":{}}],"line":43}},"s":{"0":2,"1":2,"2":17,"3":16,"4":17,"5":17,"6":17,"7":3,"8":14,"9":17,"10":16,"11":16,"12":0,"13":17,"14":2,"15":3,"16":3,"17":0,"18":3},"f":{"0":17,"1":16,"2":17,"3":16,"4":3},"b":{"0":[3,14],"1":[0,16],"2":[16,16,0],"3":[0,3]},"meta":{"lastBranch":4,"lastFunction":5,"lastStatement":19,"seen":{"s:9:6:9:81":0,"s:11:13:37:Infinity":1,"f:11:13:11:74":0,"s:12:27:14:Infinity":2,"f:12:50:12:80":1,"s:13:4:13:Infinity":3,"s:15:8:15:32":4,"s:18:2:24:Infinity":5,"f:18:2:18:18":2,"b:19:4:22:Infinity:21:11:22:Infinity":0,"s:19:4:22:Infinity":6,"s:20:6:20:Infinity":7,"s:22:6:22:Infinity":8,"s:27:2:32:Infinity":9,"f:27:2:27:18":3,"s:28:18:28:46":10,"b:29:4:30:Infinity:undefined:undefined:undefined:undefined":1,"s:29:4:30:Infinity":11,"b:29:9:29:37:29:37:29:62:29:62:29:72":2,"s:30:6:30:Infinity":12,"s:34:2:37:Infinity":13,"s:41:13:46:Infinity":14,"f:41:13:41:33":4,"s:42:8:42:45":15,"b:43:2:44:Infinity:undefined:undefined:undefined:undefined":3,"s:43:2:44:Infinity":16,"s:44:4:44:Infinity":17,"s:46:2:46:Infinity":18}}}
}
