{"/home/samuel/Development/GTO-Wizard/frontend/src/api/client.ts": {"path":"/home/samuel/Development/GTO-Wizard/frontend/src/api/client.ts","statementMap":{"0":{"start":{"line":1,"column":17},"end":{"line":1,"column":null}},"1":{"start":{"line":7,"column":25},"end":{"line":80,"column":null}},"2":{"start":{"line":9,"column":32},"end":{"line":9,"column":null}},"3":{"start":{"line":10,"column":18},"end":{"line":10,"column":51}},"4":{"start":{"line":12,"column":14},"end":{"line":12,"column":null}},"5":{"start":{"line":13,"column":4},"end":{"line":21,"column":null}},"6":{"start":{"line":14,"column":27},"end":{"line":14,"column":48}},"7":{"start":{"line":15,"column":6},"end":{"line":19,"column":null}},"8":{"start":{"line":16,"column":8},"end":{"line":17,"column":null}},"9":{"start":{"line":17,"column":10},"end":{"line":17,"column":null}},"10":{"start":{"line":20,"column":26},"end":{"line":20,"column":49}},"11":{"start":{"line":21,"column":6},"end":{"line":21,"column":null}},"12":{"start":{"line":21,"column":23},"end":{"line":21,"column":null}},"13":{"start":{"line":24,"column":20},"end":{"line":24,"column":45}},"14":{"start":{"line":25,"column":4},"end":{"line":26,"column":null}},"15":{"start":{"line":26,"column":6},"end":{"line":26,"column":null}},"16":{"start":{"line":28,"column":4},"end":{"line":29,"column":null}},"17":{"start":{"line":29,"column":6},"end":{"line":29,"column":null}},"18":{"start":{"line":32,"column":21},"end":{"line":35,"column":6}},"19":{"start":{"line":37,"column":4},"end":{"line":41,"column":null}},"20":{"start":{"line":38,"column":6},"end":{"line":38,"column":null}},"21":{"start":{"line":39,"column":6},"end":{"line":39,"column":null}},"22":{"start":{"line":40,"column":6},"end":{"line":40,"column":null}},"23":{"start":{"line":41,"column":6},"end":{"line":41,"column":null}},"24":{"start":{"line":44,"column":4},"end":{"line":51,"column":null}},"25":{"start":{"line":46,"column":6},"end":{"line":49,"column":null}},"26":{"start":{"line":47,"column":8},"end":{"line":47,"column":null}},"27":{"start":{"line":49,"column":8},"end":{"line":49,"column":null}},"28":{"start":{"line":51,"column":6},"end":{"line":51,"column":null}},"29":{"start":{"line":54,"column":4},"end":{"line":54,"column":null}},"30":{"start":{"line":58,"column":4},"end":{"line":58,"column":null}},"31":{"start":{"line":62,"column":4},"end":{"line":66,"column":null}},"32":{"start":{"line":70,"column":4},"end":{"line":74,"column":null}},"33":{"start":{"line":78,"column":4},"end":{"line":78,"column":null}}},"fnMap":{"0":{"name":"(anonymous_0)","decl":{"start":{"line":8,"column":8},"end":{"line":8,"column":19}},"loc":{"start":{"line":8,"column":79},"end":{"line":54,"column":null}},"line":8},"1":{"name":"(anonymous_1)","decl":{"start":{"line":15,"column":29},"end":{"line":15,"column":38}},"loc":{"start":{"line":15,"column":55},"end":{"line":19,"column":null}},"line":15},"2":{"name":"(anonymous_2)","decl":{"start":{"line":57,"column":2},"end":{"line":57,"column":9}},"loc":{"start":{"line":57,"column":95},"end":{"line":58,"column":null}},"line":57},"3":{"name":"(anonymous_3)","decl":{"start":{"line":61,"column":2},"end":{"line":61,"column":10}},"loc":{"start":{"line":61,"column":65},"end":{"line":66,"column":null}},"line":61},"4":{"name":"(anonymous_4)","decl":{"start":{"line":69,"column":2},"end":{"line":69,"column":11}},"loc":{"start":{"line":69,"column":66},"end":{"line":74,"column":null}},"line":69},"5":{"name":"(anonymous_5)","decl":{"start":{"line":77,"column":2},"end":{"line":77,"column":12}},"loc":{"start":{"line":77,"column":56},"end":{"line":78,"column":null}},"line":77}},"branchMap":{"0":{"loc":{"start":{"line":1,"column":17},"end":{"line":1,"column":null}},"type":"binary-expr","locations":[{"start":{"line":1,"column":17},"end":{"line":1,"column":49}},{"start":{"line":1,"column":49},"end":{"line":1,"column":null}}],"line":1},"1":{"loc":{"start":{"line":8,"column":37},"end":{"line":8,"column":65}},"type":"default-arg","locations":[{"start":{"line":8,"column":63},"end":{"line":8,"column":65}}],"line":8},"2":{"loc":{"start":{"line":12,"column":28},"end":{"line":12,"column":null}},"type":"cond-expr","locations":[{"start":{"line":12,"column":55},"end":{"line":12,"column":66}},{"start":{"line":12,"column":66},"end":{"line":12,"column":null}}],"line":12},"3":{"loc":{"start":{"line":13,"column":4},"end":{"line":21,"column":null}},"type":"if","locations":[{"start":{"line":13,"column":4},"end":{"line":21,"column":null}},{"start":{},"end":{}}],"line":13},"4":{"loc":{"start":{"line":16,"column":8},"end":{"line":17,"column":null}},"type":"if","locations":[{"start":{"line":16,"column":8},"end":{"line":17,"column":null}},{"start":{},"end":{}}],"line":16},"5":{"loc":{"start":{"line":16,"column":12},"end":{"line":16,"column":67}},"type":"binary-expr","locations":[{"start":{"line":16,"column":12},"end":{"line":16,"column":35}},{"start":{"line":16,"column":35},"end":{"line":16,"column":53}},{"start":{"line":16,"column":53},"end":{"line":16,"column":67}}],"line":16},"6":{"loc":{"start":{"line":21,"column":6},"end":{"line":21,"column":null}},"type":"if","locations":[{"start":{"line":21,"column":6},"end":{"line":21,"column":null}},{"start":{},"end":{}}],"line":21},"7":{"loc":{"start":{"line":25,"column":4},"end":{"line":26,"column":null}},"type":"if","locations":[{"start":{"line":25,"column":4},"end":{"line":26,"column":null}},{"start":{},"end":{}}],"line":25},"8":{"loc":{"start":{"line":28,"column":4},"end":{"line":29,"column":null}},"type":"if","locations":[{"start":{"line":28,"column":4},"end":{"line":29,"column":null}},{"start":{},"end":{}}],"line":28},"9":{"loc":{"start":{"line":28,"column":8},"end":{"line":28,"column":72}},"type":"binary-expr","locations":[{"start":{"line":28,"column":8},"end":{"line":28,"column":44}},{"start":{"line":28,"column":44},"end":{"line":28,"column":72}}],"line":28},"10":{"loc":{"start":{"line":37,"column":4},"end":{"line":41,"column":null}},"type":"if","locations":[{"start":{"line":37,"column":4},"end":{"line":41,"column":null}},{"start":{},"end":{}}],"line":37},"11":{"loc":{"start":{"line":44,"column":4},"end":{"line":51,"column":null}},"type":"if","locations":[{"start":{"line":44,"column":4},"end":{"line":51,"column":null}},{"start":{},"end":{}}],"line":44}},"s":{"0":1,"1":1,"2":4,"3":4,"4":4,"5":4,"6":4,"7":4,"8":8,"9":1,"10":4,"11":4,"12":1,"13":4,"14":4,"15":4,"16":4,"17":4,"18":4,"19":4,"20":0,"21":0,"22":0,"23":0,"24":4,"25":0,"26":0,"27":0,"28":0,"29":4,"30":4,"31":0,"32":0,"33":0},"f":{"0":4,"1":8,"2":4,"3":0,"4":0,"5":0},"b":{"0":[1,1],"1":[4],"2":[4,0],"3":[4,0],"4":[1,7],"5":[8,8,8],"6":[1,3],"7":[4,0],"8":[4,0],"9":[4,4],"10":[0,4],"11":[0,4]},"meta":{"lastBranch":12,"lastFunction":6,"lastStatement":34,"seen":{"s:1:17:1:Infinity":0,"b:1:17:1:49:1:49:1:Infinity":0,"s:7:25:80:Infinity":1,"f:8:8:8:19":0,"b:8:63:8:65":1,"s:9:32:9:Infinity":2,"s:10:18:10:51":3,"s:12:14:12:Infinity":4,"b:12:55:12:66:12:66:12:Infinity":2,"b:13:4:21:Infinity:undefined:undefined:undefined:undefined":3,"s:13:4:21:Infinity":5,"s:14:27:14:48":6,"s:15:6:19:Infinity":7,"f:15:29:15:38":1,"b:16:8:17:Infinity:undefined:undefined:undefined:undefined":4,"s:16:8:17:Infinity":8,"b:16:12:16:35:16:35:16:53:16:53:16:67":5,"s:17:10:17:Infinity":9,"s:20:26:20:49":10,"b:21:6:21:Infinity:undefined:undefined:undefined:undefined":6,"s:21:6:21:Infinity":11,"s:21:23:21:Infinity":12,"s:24:20:24:45":13,"b:25:4:26:Infinity:undefined:undefined:undefined:undefined":7,"s:25:4:26:Infinity":14,"s:26:6:26:Infinity":15,"b:28:4:29:Infinity:undefined:undefined:undefined:undefined":8,"s:28:4:29:Infinity":16,"b:28:8:28:44:28:44:28:72":9,"s:29:6:29:Infinity":17,"s:32:21:35:6":18,"b:37:4:41:Infinity:undefined:undefined:undefined:undefined":10,"s:37:4:41:Infinity":19,"s:38:6:38:Infinity":20,"s:39:6:39:Infinity":21,"s:40:6:40:Infinity":22,"s:41:6:41:Infinity":23,"b:44:4:51:Infinity:undefined:undefined:undefined:undefined":11,"s:44:4:51:Infinity":24,"s:46:6:49:Infinity":25,"s:47:8:47:Infinity":26,"s:49:8:49:Infinity":27,"s:51:6:51:Infinity":28,"s:54:4:54:Infinity":29,"f:57:2:57:9":2,"s:58:4:58:Infinity":30,"f:61:2:61:10":3,"s:62:4:66:Infinity":31,"f:69:2:69:11":4,"s:70:4:74:Infinity":32,"f:77:2:77:12":5,"s:78:4:78:Infinity":33}}}
,"/home/samuel/Development/GTO-Wizard/frontend/src/components/BoardSelector.tsx": {"path":"/home/samuel/Development/GTO-Wizard/frontend/src/components/BoardSelector.tsx","statementMap":{"0":{"start":{"line":9,"column":6},"end":{"line":44,"column":null}},"1":{"start":{"line":10,"column":16},"end":{"line":15,"column":null}},"2":{"start":{"line":17,"column":16},"end":{"line":17,"column":null}},"3":{"start":{"line":19,"column":2},"end":{"line":44,"column":null}},"4":{"start":{"line":22,"column":8},"end":{"line":42,"column":null}},"5":{"start":{"line":24,"column":25},"end":{"line":24,"column":null}},"6":{"start":{"line":25,"column":31},"end":{"line":25,"column":51}},"7":{"start":{"line":27,"column":12},"end":{"line":39,"column":null}},"8":{"start":{"line":30,"column":31},"end":{"line":30,"column":65}}},"fnMap":{"0":{"name":"(anonymous_0)","decl":{"start":{"line":9,"column":6},"end":{"line":9,"column":53}},"loc":{"start":{"line":9,"column":86},"end":{"line":44,"column":null}},"line":9},"1":{"name":"(anonymous_1)","decl":{"start":{"line":21,"column":13},"end":{"line":21,"column":18}},"loc":{"start":{"line":22,"column":8},"end":{"line":42,"column":null}},"line":22},"2":{"name":"(anonymous_2)","decl":{"start":{"line":23,"column":17},"end":{"line":23,"column":22}},"loc":{"start":{"line":23,"column":31},"end":{"line":39,"column":null}},"line":23},"3":{"name":"(anonymous_3)","decl":{"start":{"line":30,"column":16},"end":{"line":30,"column":31}},"loc":{"start":{"line":30,"column":31},"end":{"line":30,"column":65}},"line":30}},"branchMap":{"0":{"loc":{"start":{"line":9,"column":55},"end":{"line":9,"column":65}},"type":"default-arg","locations":[{"start":{"line":9,"column":63},"end":{"line":9,"column":65}}],"line":9},"1":{"loc":{"start":{"line":30,"column":31},"end":{"line":30,"column":65}},"type":"binary-expr","locations":[{"start":{"line":30,"column":31},"end":{"line":30,"column":47}},{"start":{"line":30,"column":47},"end":{"line":30,"column":65}}],"line":30},"2":{"loc":{"start":{"line":34,"column":20},"end":{"line":34,"column":null}},"type":"cond-expr","locations":[{"start":{"line":34,"column":33},"end":{"line":34,"column":75}},{"start":{"line":34,"column":75},"end":{"line":34,"column":null}}],"line":34}},"s":{"0":2,"1":19,"2":19,"3":19,"4":76,"5":988,"6":988,"7":988,"8":1},"f":{"0":19,"1":76,"2":988,"3":1},"b":{"0":[19],"1":[1,1],"2":[7,981]},"meta":{"lastBranch":3,"lastFunction":4,"lastStatement":9,"seen":{"s:9:6:44:Infinity":0,"f:9:6:9:53":0,"b:9:63:9:65":0,"s:10:16:15:Infinity":1,"s:17:16:17:Infinity":2,"s:19:2:44:Infinity":3,"f:21:13:21:18":1,"s:22:8:42:Infinity":4,"f:23:17:23:22":2,"s:24:25:24:Infinity":5,"s:25:31:25:51":6,"s:27:12:39:Infinity":7,"f:30:16:30:31":3,"s:30:31:30:65":8,"b:30:31:30:47:30:47:30:65":1,"b:34:33:34:75:34:75:34:Infinity":2}}}
,"/home/samuel/Development/GTO-Wizard/frontend/src/components/DashboardView.tsx": {"path":"/home/samuel/Development/GTO-Wizard/frontend/src/components/DashboardView.tsx","statementMap":{"0":{"start":{"line":8,"column":6},"end":{"line":199,"column":null}},"1":{"start":{"line":9,"column":10},"end":{"line":9,"column":60}},"2":{"start":{"line":10,"column":29},"end":{"line":10,"column":83}},"3":{"start":{"line":11,"column":16},"end":{"line":11,"column":56}},"4":{"start":{"line":12,"column":18},"end":{"line":12,"column":46}},"5":{"start":{"line":13,"column":16},"end":{"line":13,"column":50}},"6":{"start":{"line":16,"column":20},"end":{"line":16,"column":51}},"7":{"start":{"line":17,"column":22},"end":{"line":17,"column":55}},"8":{"start":{"line":18,"column":25},"end":{"line":18,"column":66}},"9":{"start":{"line":21,"column":2},"end":{"line":48,"column":null}},"10":{"start":{"line":22,"column":22},"end":{"line":43,"column":null}},"11":{"start":{"line":24,"column":26},"end":{"line":24,"column":47}},"12":{"start":{"line":25,"column":6},"end":{"line":25,"column":null}},"13":{"start":{"line":26,"column":6},"end":{"line":28,"column":null}},"14":{"start":{"line":28,"column":8},"end":{"line":28,"column":null}},"15":{"start":{"line":31,"column":6},"end":{"line":43,"column":null}},"16":{"start":{"line":32,"column":26},"end":{"line":32,"column":98}},"17":{"start":{"line":33,"column":8},"end":{"line":40,"column":null}},"18":{"start":{"line":34,"column":10},"end":{"line":34,"column":null}},"19":{"start":{"line":35,"column":10},"end":{"line":35,"column":null}},"20":{"start":{"line":36,"column":19},"end":{"line":40,"column":null}},"21":{"start":{"line":38,"column":10},"end":{"line":38,"column":null}},"22":{"start":{"line":40,"column":10},"end":{"line":40,"column":null}},"23":{"start":{"line":43,"column":8},"end":{"line":43,"column":null}},"24":{"start":{"line":47,"column":4},"end":{"line":47,"column":null}},"25":{"start":{"line":50,"column":2},"end":{"line":71,"column":null}},"26":{"start":{"line":51,"column":22},"end":{"line":67,"column":null}},"27":{"start":{"line":52,"column":6},"end":{"line":55,"column":null}},"28":{"start":{"line":53,"column":8},"end":{"line":53,"column":null}},"29":{"start":{"line":54,"column":8},"end":{"line":54,"column":null}},"30":{"start":{"line":55,"column":8},"end":{"line":55,"column":null}},"31":{"start":{"line":57,"column":6},"end":{"line":67,"column":null}},"32":{"start":{"line":58,"column":8},"end":{"line":58,"column":null}},"33":{"start":{"line":59,"column":31},"end":{"line":62,"column":10}},"34":{"start":{"line":63,"column":8},"end":{"line":63,"column":null}},"35":{"start":{"line":65,"column":8},"end":{"line":65,"column":null}},"36":{"start":{"line":67,"column":8},"end":{"line":67,"column":null}},"37":{"start":{"line":70,"column":4},"end":{"line":70,"column":null}},"38":{"start":{"line":73,"column":2},"end":{"line":77,"column":null}},"39":{"start":{"line":74,"column":4},"end":{"line":77,"column":null}},"40":{"start":{"line":82,"column":8},"end":{"line":87,"column":null}},"41":{"start":{"line":83,"column":4},"end":{"line":87,"column":null}},"42":{"start":{"line":84,"column":6},"end":{"line":86,"column":null}},"43":{"start":{"line":85,"column":27},"end":{"line":85,"column":38}},"44":{"start":{"line":90,"column":8},"end":{"line":91,"column":null}},"45":{"start":{"line":91,"column":4},"end":{"line":91,"column":null}},"46":{"start":{"line":98,"column":15},"end":{"line":98,"column":null}},"47":{"start":{"line":99,"column":17},"end":{"line":99,"column":31}},"48":{"start":{"line":100,"column":20},"end":{"line":100,"column":null}},"49":{"start":{"line":102,"column":2},"end":{"line":199,"column":null}},"50":{"start":{"line":109,"column":12},"end":{"line":117,"column":null}},"51":{"start":{"line":112,"column":29},"end":{"line":112,"column":46}},"52":{"start":{"line":126,"column":14},"end":{"line":133,"column":null}},"53":{"start":{"line":128,"column":31},"end":{"line":128,"column":52}},"54":{"start":{"line":132,"column":50},"end":{"line":132,"column":null}},"55":{"start":{"line":140,"column":14},"end":{"line":147,"column":null}},"56":{"start":{"line":142,"column":31},"end":{"line":142,"column":53}},"57":{"start":{"line":193,"column":67},"end":{"line":193,"column":101}}},"fnMap":{"0":{"name":"(anonymous_0)","decl":{"start":{"line":8,"column":6},"end":{"line":8,"column":38}},"loc":{"start":{"line":8,"column":38},"end":{"line":199,"column":null}},"line":8},"1":{"name":"(anonymous_1)","decl":{"start":{"line":21,"column":2},"end":{"line":21,"column":18}},"loc":{"start":{"line":21,"column":18},"end":{"line":48,"column":6}},"line":21},"2":{"name":"(anonymous_2)","decl":{"start":{"line":22,"column":22},"end":{"line":22,"column":34}},"loc":{"start":{"line":22,"column":34},"end":{"line":43,"column":null}},"line":22},"3":{"name":"(anonymous_3)","decl":{"start":{"line":50,"column":2},"end":{"line":50,"column":18}},"loc":{"start":{"line":50,"column":18},"end":{"line":71,"column":6}},"line":50},"4":{"name":"(anonymous_4)","decl":{"start":{"line":51,"column":22},"end":{"line":51,"column":34}},"loc":{"start":{"line":51,"column":34},"end":{"line":67,"column":null}},"line":51},"5":{"name":"(anonymous_5)","decl":{"start":{"line":82,"column":8},"end":{"line":82,"column":28}},"loc":{"start":{"line":82,"column":45},"end":{"line":87,"column":null}},"line":82},"6":{"name":"(anonymous_6)","decl":{"start":{"line":83,"column":4},"end":{"line":83,"column":13}},"loc":{"start":{"line":84,"column":6},"end":{"line":86,"column":null}},"line":84},"7":{"name":"(anonymous_7)","decl":{"start":{"line":85,"column":15},"end":{"line":85,"column":22}},"loc":{"start":{"line":85,"column":27},"end":{"line":85,"column":38}},"line":85},"8":{"name":"(anonymous_8)","decl":{"start":{"line":90,"column":8},"end":{"line":90,"column":28}},"loc":{"start":{"line":90,"column":28},"end":{"line":91,"column":null}},"line":90},"9":{"name":"(anonymous_9)","decl":{"start":{"line":108,"column":16},"end":{"line":108,"column":21}},"loc":{"start":{"line":109,"column":12},"end":{"line":117,"column":null}},"line":109},"10":{"name":"(anonymous_10)","decl":{"start":{"line":112,"column":14},"end":{"line":112,"column":29}},"loc":{"start":{"line":112,"column":29},"end":{"line":112,"column":46}},"line":112},"11":{"name":"(anonymous_11)","decl":{"start":{"line":125,"column":20},"end":{"line":125,"column":25}},"loc":{"start":{"line":126,"column":14},"end":{"line":133,"column":null}},"line":126},"12":{"name":"(anonymous_12)","decl":{"start":{"line":128,"column":16},"end":{"line":128,"column":31}},"loc":{"start":{"line":128,"column":31},"end":{"line":128,"column":52}},"line":128},"13":{"name":"(anonymous_13)","decl":{"start":{"line":132,"column":33},"end":{"line":132,"column":38}},"loc":{"start":{"line":132,"column":50},"end":{"line":132,"column":null}},"line":132},"14":{"name":"(anonymous_14)","decl":{"start":{"line":139,"column":23},"end":{"line":139,"column":28}},"loc":{"start":{"line":140,"column":14},"end":{"line":147,"column":null}},"line":140},"15":{"name":"(anonymous_15)","decl":{"start":{"line":142,"column":16},"end":{"line":142,"column":31}},"loc":{"start":{"line":142,"column":31},"end":{"line":142,"column":53}},"line":142},"16":{"name":"(anonymous_16)","decl":{"start":{"line":193,"column":43},"end":{"line":193,"column":58}},"loc":{"start":{"line":193,"column":67},"end":{"line":193,"column":101}},"line":193}},"branchMap":{"0":{"loc":{"start":{"line":26,"column":6},"end":{"line":28,"column":null}},"type":"if","locations":[{"start":{"line":26,"column":6},"end":{"line":28,"column":null}},{"start":{},"end":{}}],"line":26},"1":{"loc":{"start":{"line":33,"column":8},"end":{"line":40,"column":null}},"type":"if","locations":[{"start":{"line":33,"column":8},"end":{"line":40,"column":null}},{"start":{"line":36,"column":19},"end":{"line":40,"column":null}}],"line":33},"2":{"loc":{"start":{"line":33,"column":12},"end":{"line":33,"column":47}},"type":"binary-expr","locations":[{"start":{"line":33,"column":12},"end":{"line":33,"column":25}},{"start":{"line":33,"column":25},"end":{"line":33,"column":47}}],"line":33},"3":{"loc":{"start":{"line":36,"column":19},"end":{"line":40,"column":null}},"type":"if","locations":[{"start":{"line":36,"column":19},"end":{"line":40,"column":null}},{"start":{"line":39,"column":15},"end":{"line":40,"column":null}}],"line":36},"4":{"loc":{"start":{"line":52,"column":6},"end":{"line":55,"column":null}},"type":"if","locations":[{"start":{"line":52,"column":6},"end":{"line":55,"column":null}},{"start":{},"end":{}}],"line":52},"5":{"loc":{"start":{"line":73,"column":2},"end":{"line":77,"column":null}},"type":"if","locations":[{"start":{"line":73,"column":2},"end":{"line":77,"column":null}},{"start":{},"end":{}}],"line":73},"6":{"loc":{"start":{"line":84,"column":6},"end":{"line":86,"column":null}},"type":"cond-expr","locations":[{"start":{"line":85,"column":10},"end":{"line":85,"column":38}},{"start":{"line":86,"column":11},"end":{"line":86,"column":null}}],"line":84},"7":{"loc":{"start":{"line":86,"column":11},"end":{"line":86,"column":null}},"type":"cond-expr","locations":[{"start":{"line":86,"column":29},"end":{"line":86,"column":44}},{"start":{"line":86,"column":47},"end":{"line":86,"column":null}}],"line":86},"8":{"loc":{"start":{"line":114,"column":18},"end":{"line":114,"column":null}},"type":"cond-expr","locations":[{"start":{"line":114,"column":38},"end":{"line":114,"column":70}},{"start":{"line":114,"column":70},"end":{"line":114,"column":null}}],"line":114},"9":{"loc":{"start":{"line":130,"column":20},"end":{"line":130,"column":null}},"type":"cond-expr","locations":[{"start":{"line":130,"column":44},"end":{"line":130,"column":76}},{"start":{"line":130,"column":76},"end":{"line":130,"column":null}}],"line":130},"10":{"loc":{"start":{"line":144,"column":20},"end":{"line":144,"column":null}},"type":"cond-expr","locations":[{"start":{"line":144,"column":45},"end":{"line":144,"column":90}},{"start":{"line":144,"column":90},"end":{"line":144,"column":null}}],"line":144}},"s":{"0":1,"1":26,"2":26,"3":26,"4":26,"5":26,"6":26,"7":26,"8":26,"9":26,"10":9,"11":9,"12":9,"13":9,"14":9,"15":9,"16":9,"17":8,"18":8,"19":8,"20":0,"21":0,"22":0,"23":1,"24":9,"25":26,"26":11,"27":11,"28":6,"29":6,"30":6,"31":5,"32":5,"33":5,"34":5,"35":0,"36":5,"37":11,"38":26,"39":8,"40":18,"41":0,"42":0,"43":0,"44":18,"45":0,"46":18,"47":18,"48":18,"49":18,"50":72,"51":1,"52":36,"53":1,"54":108,"55":126,"56":1,"57":0},"f":{"0":26,"1":9,"2":9,"3":11,"4":11,"5":0,"6":0,"7":0,"8":0,"9":72,"10":1,"11":36,"12":1,"13":108,"14":126,"15":1,"16":0},"b":{"0":[9,0],"1":[8,0],"2":[8,8],"3":[0,0],"4":[6,5],"5":[8,18],"6":[0,0],"7":[0,0],"8":[18,54],"9":[18,18],"10":[18,108]},"meta":{"lastBranch":11,"lastFunction":17,"lastStatement":58,"seen":{"s:8:6:199:Infinity":0,"f:8:6:8:38":0,"s:9:10:9:60":1,"s:10:29:10:83":2,"s:11:16:11:56":3,"s:12:18:12:46":4,"s:13:16:13:50":5,"s:16:20:16:51":6,"s:17:22:17:55":7,"s:18:25:18:66":8,"s:21:2:48:Infinity":9,"f:21:2:21:18":1,"s:22:22:43:Infinity":10,"f:22:22:22:34":2,"s:24:26:24:47":11,"s:25:6:25:Infinity":12,"b:26:6:28:Infinity:undefined:undefined:undefined:undefined":0,"s:26:6:28:Infinity":13,"s:28:8:28:Infinity":14,"s:31:6:43:Infinity":15,"s:32:26:32:98":16,"b:33:8:40:Infinity:36:19:40:Infinity":1,"s:33:8:40:Infinity":17,"b:33:12:33:25:33:25:33:47":2,"s:34:10:34:Infinity":18,"s:35:10:35:Infinity":19,"b:36:19:40:Infinity:39:15:40:Infinity":3,"s:36:19:40:Infinity":20,"s:38:10:38:Infinity":21,"s:40:10:40:Infinity":22,"s:43:8:43:Infinity":23,"s:47:4:47:Infinity":24,"s:50:2:71:Infinity":25,"f:50:2:50:18":3,"s:51:22:67:Infinity":26,"f:51:22:51:34":4,"b:52:6:55:Infinity:undefined:undefined:undefined:undefined":4,"s:52:6:55:Infinity":27,"s:53:8:53:Infinity":28,"s:54:8:54:Infinity":29,"s:55:8:55:Infinity":30,"s:57:6:67:Infinity":31,"s:58:8:58:Infinity":32,"s:59:31:62:10":33,"s:63:8:63:Infinity":34,"s:65:8:65:Infinity":35,"s:67:8:67:Infinity":36,"s:70:4:70:Infinity":37,"b:73:2:77:Infinity:undefined:undefined:undefined:undefined":5,"s:73:2:77:Infinity":38,"s:74:4:77:Infinity":39,"s:82:8:87:Infinity":40,"f:82:8:82:28":5,"s:83:4:87:Infinity":41,"f:83:4:83:13":6,"s:84:6:86:Infinity":42,"b:85:10:85:38:86:11:86:Infinity":6,"f:85:15:85:22":7,"s:85:27:85:38":43,"b:86:29:86:44:86:47:86:Infinity":7,"s:90:8:91:Infinity":44,"f:90:8:90:28":8,"s:91:4:91:Infinity":45,"s:98:15:98:Infinity":46,"s:99:17:99:31":47,"s:100:20:100:Infinity":48,"s:102:2:199:Infinity":49,"f:108:16:108:21":9,"s:109:12:117:Infinity":50,"f:112:14:112:29":10,"s:112:29:112:46":51,"b:114:38:114:70:114:70:114:Infinity":8,"f:125:20:125:25":11,"s:126:14:133:Infinity":52,"f:128:16:128:31":12,"s:128:31:128:52":53,"b:130:44:130:76:130:76:130:Infinity":9,"f:132:33:132:38":13,"s:132:50:132:Infinity":54,"f:139:23:139:28":14,"s:140:14:147:Infinity":55,"f:142:16:142:31":15,"s:142:31:142:53":56,"b:144:45:144:90:144:90:144:Infinity":10,"f:193:43:193:58":16,"s:193:67:193:101":57}}}
,"/home/samuel/Development/GTO-Wizard/frontend/src/components/LibraryView.tsx": {"path":"/home/samuel/Development/GTO-Wizard/frontend/src/components/LibraryView.tsx","statementMap":{"0":{"start":{"line":7,"column":6},"end":{"line":154,"column":null}},"1":{"start":{"line":8,"column":8},"end":{"line":8,"column":32}},"2":{"start":{"line":9,"column":20},"end":{"line":9,"column":60}},"3":{"start":{"line":10,"column":18},"end":{"line":10,"column":46}},"4":{"start":{"line":11,"column":17},"end":{"line":11,"column":42}},"5":{"start":{"line":12,"column":21},"end":{"line":12,"column":58}},"6":{"start":{"line":13,"column":22},"end":{"line":13,"column":60}},"7":{"start":{"line":15,"column":8},"end":{"line":28,"column":31}},"8":{"start":{"line":16,"column":4},"end":{"line":26,"column":null}},"9":{"start":{"line":17,"column":6},"end":{"line":17,"column":null}},"10":{"start":{"line":18,"column":19},"end":{"line":21,"column":8}},"11":{"start":{"line":22,"column":6},"end":{"line":22,"column":null}},"12":{"start":{"line":24,"column":6},"end":{"line":24,"column":null}},"13":{"start":{"line":26,"column":6},"end":{"line":26,"column":null}},"14":{"start":{"line":30,"column":2},"end":{"line":32,"column":null}},"15":{"start":{"line":31,"column":4},"end":{"line":31,"column":null}},"16":{"start":{"line":34,"column":28},"end":{"line":35,"column":null}},"17":{"start":{"line":35,"column":4},"end":{"line":35,"column":55}},"18":{"start":{"line":38,"column":2},"end":{"line":154,"column":null}},"19":{"start":{"line":53,"column":29},"end":{"line":53,"column":54}},"20":{"start":{"line":66,"column":30},"end":{"line":66,"column":59}},"21":{"start":{"line":80,"column":30},"end":{"line":80,"column":60}},"22":{"start":{"line":101,"column":12},"end":{"line":101,"column":null}},"23":{"start":{"line":105,"column":12},"end":{"line":137,"column":null}},"24":{"start":{"line":107,"column":29},"end":{"line":107,"column":62}},"25":{"start":{"line":147,"column":32},"end":{"line":147,"column":51}},"26":{"start":{"line":147,"column":51},"end":{"line":147,"column":71}},"27":{"start":{"line":147,"column":71},"end":{"line":147,"column":null}}},"fnMap":{"0":{"name":"(anonymous_0)","decl":{"start":{"line":7,"column":6},"end":{"line":7,"column":36}},"loc":{"start":{"line":7,"column":36},"end":{"line":154,"column":null}},"line":7},"1":{"name":"(anonymous_1)","decl":{"start":{"line":15,"column":37},"end":{"line":15,"column":49}},"loc":{"start":{"line":15,"column":49},"end":{"line":28,"column":6}},"line":15},"2":{"name":"(anonymous_2)","decl":{"start":{"line":30,"column":2},"end":{"line":30,"column":18}},"loc":{"start":{"line":30,"column":18},"end":{"line":32,"column":6}},"line":30},"3":{"name":"(anonymous_3)","decl":{"start":{"line":34,"column":38},"end":{"line":34,"column":45}},"loc":{"start":{"line":35,"column":4},"end":{"line":35,"column":55}},"line":35},"4":{"name":"(anonymous_4)","decl":{"start":{"line":53,"column":12},"end":{"line":53,"column":23}},"loc":{"start":{"line":53,"column":29},"end":{"line":53,"column":54}},"line":53},"5":{"name":"(anonymous_5)","decl":{"start":{"line":66,"column":13},"end":{"line":66,"column":24}},"loc":{"start":{"line":66,"column":30},"end":{"line":66,"column":59}},"line":66},"6":{"name":"(anonymous_6)","decl":{"start":{"line":80,"column":13},"end":{"line":80,"column":24}},"loc":{"start":{"line":80,"column":30},"end":{"line":80,"column":60}},"line":80},"7":{"name":"(anonymous_7)","decl":{"start":{"line":100,"column":36},"end":{"line":100,"column":41}},"loc":{"start":{"line":101,"column":12},"end":{"line":101,"column":null}},"line":101},"8":{"name":"(anonymous_8)","decl":{"start":{"line":104,"column":28},"end":{"line":104,"column":33}},"loc":{"start":{"line":105,"column":12},"end":{"line":137,"column":null}},"line":105},"9":{"name":"(anonymous_9)","decl":{"start":{"line":107,"column":14},"end":{"line":107,"column":29}},"loc":{"start":{"line":107,"column":29},"end":{"line":107,"column":62}},"line":107},"10":{"name":"(anonymous_10)","decl":{"start":{"line":147,"column":15},"end":{"line":147,"column":30}},"loc":{"start":{"line":147,"column":30},"end":{"line":147,"column":null}},"line":147}},"branchMap":{"0":{"loc":{"start":{"line":99,"column":9},"end":{"line":151,"column":null}},"type":"cond-expr","locations":[{"start":{"line":100,"column":10},"end":{"line":101,"column":null}},{"start":{"line":103,"column":12},"end":{"line":151,"column":null}}],"line":99},"1":{"loc":{"start":{"line":103,"column":12},"end":{"line":151,"column":null}},"type":"cond-expr","locations":[{"start":{"line":104,"column":10},"end":{"line":137,"column":null}},{"start":{"line":140,"column":10},"end":{"line":151,"column":null}}],"line":103},"2":{"loc":{"start":{"line":120,"column":29},"end":{"line":120,"column":47}},"type":"binary-expr","locations":[{"start":{"line":120,"column":29},"end":{"line":120,"column":42}},{"start":{"line":120,"column":42},"end":{"line":120,"column":47}}],"line":120}},"s":{"0":1,"1":10,"2":10,"3":10,"4":10,"5":10,"6":10,"7":10,"8":4,"9":4,"10":4,"11":4,"12":0,"13":4,"14":10,"15":4,"16":10,"17":14,"18":10,"19":1,"20":1,"21":0,"22":24,"23":11,"24":0,"25":0,"26":0,"27":0},"f":{"0":10,"1":4,"2":4,"3":14,"4":1,"5":1,"6":0,"7":24,"8":11,"9":0,"10":0},"b":{"0":[4,6],"1":[6,0],"2":[11,0]},"meta":{"lastBranch":3,"lastFunction":11,"lastStatement":28,"seen":{"s:7:6:154:Infinity":0,"f:7:6:7:36":0,"s:8:8:8:32":1,"s:9:20:9:60":2,"s:10:18:10:46":3,"s:11:17:11:42":4,"s:12:21:12:58":5,"s:13:22:13:60":6,"s:15:8:28:31":7,"f:15:37:15:49":1,"s:16:4:26:Infinity":8,"s:17:6:17:Infinity":9,"s:18:19:21:8":10,"s:22:6:22:Infinity":11,"s:24:6:24:Infinity":12,"s:26:6:26:Infinity":13,"s:30:2:32:Infinity":14,"f:30:2:30:18":2,"s:31:4:31:Infinity":15,"s:34:28:35:Infinity":16,"f:34:38:34:45":3,"s:35:4:35:55":17,"s:38:2:154:Infinity":18,"f:53:12:53:23":4,"s:53:29:53:54":19,"f:66:13:66:24":5,"s:66:30:66:59":20,"f:80:13:80:24":6,"s:80:30:80:60":21,"b:100:10:101:Infinity:103:12:151:Infinity":0,"f:100:36:100:41":7,"s:101:12:101:Infinity":22,"b:104:10:137:Infinity:140:10:151:Infinity":1,"f:104:28:104:33":8,"s:105:12:137:Infinity":23,"f:107:14:107:29":9,"s:107:29:107:62":24,"b:120:29:120:42:120:42:120:47":2,"f:147:15:147:30":10,"s:147:32:147:51":25,"s:147:51:147:71":26,"s:147:71:147:Infinity":27}}}
,"/home/samuel/Development/GTO-Wizard/frontend/src/components/LoginView.tsx": {"path":"/home/samuel/Development/GTO-Wizard/frontend/src/components/LoginView.tsx","statementMap":{"0":{"start":{"line":5,"column":6},"end":{"line":134,"column":null}},"1":{"start":{"line":6,"column":19},"end":{"line":6,"column":46}},"2":{"start":{"line":7,"column":19},"end":{"line":7,"column":46}},"3":{"start":{"line":8,"column":23},"end":{"line":8,"column":57}},"4":{"start":{"line":9,"column":16},"end":{"line":9,"column":57}},"5":{"start":{"line":10,"column":18},"end":{"line":10,"column":47}},"6":{"start":{"line":11,"column":8},"end":{"line":11,"column":32}},"7":{"start":{"line":13,"column":23},"end":{"line":40,"column":null}},"8":{"start":{"line":14,"column":4},"end":{"line":14,"column":null}},"9":{"start":{"line":15,"column":4},"end":{"line":15,"column":null}},"10":{"start":{"line":16,"column":4},"end":{"line":16,"column":null}},"11":{"start":{"line":18,"column":4},"end":{"line":40,"column":null}},"12":{"start":{"line":19,"column":18},"end":{"line":26,"column":8}},"13":{"start":{"line":28,"column":6},"end":{"line":35,"column":null}},"14":{"start":{"line":29,"column":21},"end":{"line":29,"column":37}},"15":{"start":{"line":30,"column":8},"end":{"line":30,"column":null}},"16":{"start":{"line":31,"column":8},"end":{"line":31,"column":null}},"17":{"start":{"line":32,"column":8},"end":{"line":32,"column":null}},"18":{"start":{"line":34,"column":24},"end":{"line":34,"column":40}},"19":{"start":{"line":35,"column":8},"end":{"line":35,"column":null}},"20":{"start":{"line":38,"column":6},"end":{"line":38,"column":null}},"21":{"start":{"line":40,"column":6},"end":{"line":40,"column":null}},"22":{"start":{"line":44,"column":2},"end":{"line":134,"column":null}},"23":{"start":{"line":77,"column":33},"end":{"line":77,"column":null}},"24":{"start":{"line":95,"column":33},"end":{"line":95,"column":null}},"25":{"start":{"line":99,"column":31},"end":{"line":99,"column":61}}},"fnMap":{"0":{"name":"(anonymous_0)","decl":{"start":{"line":5,"column":6},"end":{"line":5,"column":34}},"loc":{"start":{"line":5,"column":34},"end":{"line":134,"column":null}},"line":5},"1":{"name":"(anonymous_1)","decl":{"start":{"line":13,"column":23},"end":{"line":13,"column":30}},"loc":{"start":{"line":13,"column":53},"end":{"line":40,"column":null}},"line":13},"2":{"name":"(anonymous_2)","decl":{"start":{"line":77,"column":16},"end":{"line":77,"column":27}},"loc":{"start":{"line":77,"column":33},"end":{"line":77,"column":null}},"line":77},"3":{"name":"(anonymous_3)","decl":{"start":{"line":95,"column":16},"end":{"line":95,"column":27}},"loc":{"start":{"line":95,"column":33},"end":{"line":95,"column":null}},"line":95},"4":{"name":"(anonymous_4)","decl":{"start":{"line":99,"column":16},"end":{"line":99,"column":31}},"loc":{"start":{"line":99,"column":31},"end":{"line":99,"column":61}},"line":99}},"branchMap":{"0":{"loc":{"start":{"line":28,"column":6},"end":{"line":35,"column":null}},"type":"if","locations":[{"start":{"line":28,"column":6},"end":{"line":35,"column":null}},{"start":{"line":33,"column":13},"end":{"line":35,"column":null}}],"line":28},"1":{"loc":{"start":{"line":35,"column":17},"end":{"line":35,"column":91}},"type":"binary-expr","locations":[{"start":{"line":35,"column":17},"end":{"line":35,"column":50}},{"start":{"line":35,"column":50},"end":{"line":35,"column":91}}],"line":35},"2":{"loc":{"start":{"line":89,"column":22},"end":{"line":89,"column":null}},"type":"cond-expr","locations":[{"start":{"line":89,"column":37},"end":{"line":89,"column":46}},{"start":{"line":89,"column":46},"end":{"line":89,"column":null}}],"line":89},"3":{"loc":{"start":{"line":102,"column":17},"end":{"line":102,"column":null}},"type":"cond-expr","locations":[{"start":{"line":102,"column":32},"end":{"line":102,"column":66}},{"start":{"line":102,"column":65},"end":{"line":102,"column":null}}],"line":102},"4":{"loc":{"start":{"line":107,"column":11},"end":{"line":110,"column":null}},"type":"binary-expr","locations":[{"start":{"line":107,"column":11},"end":{"line":107,"column":null}},{"start":{"line":108,"column":12},"end":{"line":110,"column":null}}],"line":107},"5":{"loc":{"start":{"line":119,"column":13},"end":{"line":125,"column":null}},"type":"cond-expr","locations":[{"start":{"line":120,"column":14},"end":{"line":122,"column":null}},{"start":{"line":122,"column":14},"end":{"line":125,"column":null}}],"line":119}},"s":{"0":1,"1":14,"2":14,"3":14,"4":14,"5":14,"6":14,"7":14,"8":2,"9":2,"10":2,"11":2,"12":2,"13":2,"14":1,"15":1,"16":1,"17":1,"18":1,"19":1,"20":0,"21":2,"22":14,"23":3,"24":2,"25":0},"f":{"0":14,"1":2,"2":3,"3":2,"4":0},"b":{"0":[1,1],"1":[1,0],"2":[0,14],"3":[0,14],"4":[14,1],"5":[2,12]},"meta":{"lastBranch":6,"lastFunction":5,"lastStatement":26,"seen":{"s:5:6:134:Infinity":0,"f:5:6:5:34":0,"s:6:19:6:46":1,"s:7:19:7:46":2,"s:8:23:8:57":3,"s:9:16:9:57":4,"s:10:18:10:47":5,"s:11:8:11:32":6,"s:13:23:40:Infinity":7,"f:13:23:13:30":1,"s:14:4:14:Infinity":8,"s:15:4:15:Infinity":9,"s:16:4:16:Infinity":10,"s:18:4:40:Infinity":11,"s:19:18:26:8":12,"b:28:6:35:Infinity:33:13:35:Infinity":0,"s:28:6:35:Infinity":13,"s:29:21:29:37":14,"s:30:8:30:Infinity":15,"s:31:8:31:Infinity":16,"s:32:8:32:Infinity":17,"s:34:24:34:40":18,"s:35:8:35:Infinity":19,"b:35:17:35:50:35:50:35:91":1,"s:38:6:38:Infinity":20,"s:40:6:40:Infinity":21,"s:44:2:134:Infinity":22,"f:77:16:77:27":2,"s:77:33:77:Infinity":23,"b:89:37:89:46:89:46:89:Infinity":2,"f:95:16:95:27":3,"s:95:33:95:Infinity":24,"f:99:16:99:31":4,"s:99:31:99:61":25,"b:102:32:102:66:102:65:102:Infinity":3,"b:107:11:107:Infinity:108:12:110:Infinity":4,"b:120:14:122:Infinity:122:14:125:Infinity":5}}}
,"/home/samuel/Development/GTO-Wizard/frontend/src/components/StrategyMatrix.tsx": {"path":"/home/samuel/Development/GTO-Wizard/frontend/src/components/StrategyMatrix.tsx","statementMap":{"0":{"start":{"line":28,"column":14},"end":{"line":28,"column":null}},"1":{"start":{"line":31,"column":15},"end":{"line":37,"column":null}},"2":{"start":{"line":39,"column":6},"end":{"line":238,"column":null}},"3":{"start":{"line":40,"column":16},"end":{"line":40,"column":70}},"4":{"start":{"line":41,"column":23},"end":{"line":41,"column":71}},"5":{"start":{"line":43,"column":2},"end":{"line":60,"column":null}},"6":{"start":{"line":44,"column":23},"end":{"line":56,"column":null}},"7":{"start":{"line":45,"column":6},"end":{"line":56,"column":null}},"8":{"start":{"line":46,"column":21},"end":{"line":46,"column":67}},"9":{"start":{"line":47,"column":8},"end":{"line":53,"column":null}},"10":{"start":{"line":48,"column":56},"end":{"line":48,"column":58}},"11":{"start":{"line":49,"column":10},"end":{"line":52,"column":null}},"12":{"start":{"line":50,"column":25},"end":{"line":50,"column":60}},"13":{"start":{"line":50,"column":41},"end":{"line":50,"column":60}},"14":{"start":{"line":51,"column":12},"end":{"line":51,"column":null}},"15":{"start":{"line":51,"column":22},"end":{"line":51,"column":null}},"16":{"start":{"line":53,"column":10},"end":{"line":53,"column":null}},"17":{"start":{"line":56,"column":8},"end":{"line":56,"column":null}},"18":{"start":{"line":59,"column":4},"end":{"line":59,"column":null}},"19":{"start":{"line":59,"column":26},"end":{"line":59,"column":null}},"20":{"start":{"line":62,"column":21},"end":{"line":79,"column":null}},"21":{"start":{"line":63,"column":21},"end":{"line":63,"column":null}},"22":{"start":{"line":64,"column":4},"end":{"line":79,"column":null}},"23":{"start":{"line":65,"column":6},"end":{"line":76,"column":null}},"24":{"start":{"line":66,"column":8},"end":{"line":66,"column":null}},"25":{"start":{"line":67,"column":25},"end":{"line":67,"column":37}},"26":{"start":{"line":68,"column":8},"end":{"line":68,"column":null}},"27":{"start":{"line":69,"column":8},"end":{"line":69,"column":null}},"28":{"start":{"line":71,"column":24},"end":{"line":75,"column":10}},"29":{"start":{"line":76,"column":8},"end":{"line":76,"column":null}},"30":{"start":{"line":79,"column":6},"end":{"line":79,"column":null}},"31":{"start":{"line":83,"column":23},"end":{"line":83,"column":63}},"32":{"start":{"line":83,"column":39},"end":{"line":83,"column":63}},"33":{"start":{"line":84,"column":19},"end":{"line":84,"column":null}},"34":{"start":{"line":86,"column":8},"end":{"line":160,"column":null}},"35":{"start":{"line":87,"column":19},"end":{"line":87,"column":null}},"36":{"start":{"line":88,"column":21},"end":{"line":88,"column":68}},"37":{"start":{"line":89,"column":17},"end":{"line":89,"column":null}},"38":{"start":{"line":91,"column":17},"end":{"line":91,"column":49}},"39":{"start":{"line":91,"column":33},"end":{"line":91,"column":49}},"40":{"start":{"line":92,"column":23},"end":{"line":92,"column":null}},"41":{"start":{"line":93,"column":25},"end":{"line":93,"column":null}},"42":{"start":{"line":96,"column":20},"end":{"line":96,"column":50}},"43":{"start":{"line":99,"column":10},"end":{"line":99,"column":null}},"44":{"start":{"line":100,"column":10},"end":{"line":100,"column":null}},"45":{"start":{"line":101,"column":10},"end":{"line":101,"column":null}},"46":{"start":{"line":103,"column":20},"end":{"line":103,"column":null}},"47":{"start":{"line":104,"column":20},"end":{"line":104,"column":null}},"48":{"start":{"line":105,"column":21},"end":{"line":105,"column":null}},"49":{"start":{"line":107,"column":34},"end":{"line":107,"column":36}},"50":{"start":{"line":108,"column":21},"end":{"line":108,"column":null}},"51":{"start":{"line":109,"column":4},"end":{"line":111,"column":null}},"52":{"start":{"line":110,"column":6},"end":{"line":110,"column":null}},"53":{"start":{"line":111,"column":6},"end":{"line":111,"column":null}},"54":{"start":{"line":113,"column":4},"end":{"line":115,"column":null}},"55":{"start":{"line":114,"column":6},"end":{"line":114,"column":null}},"56":{"start":{"line":115,"column":6},"end":{"line":115,"column":null}},"57":{"start":{"line":117,"column":4},"end":{"line":118,"column":null}},"58":{"start":{"line":118,"column":6},"end":{"line":118,"column":null}},"59":{"start":{"line":121,"column":28},"end":{"line":123,"column":null}},"60":{"start":{"line":126,"column":22},"end":{"line":126,"column":null}},"61":{"start":{"line":127,"column":4},"end":{"line":131,"column":null}},"62":{"start":{"line":128,"column":24},"end":{"line":128,"column":null}},"63":{"start":{"line":129,"column":6},"end":{"line":131,"column":null}},"64":{"start":{"line":130,"column":14},"end":{"line":130,"column":70}},"65":{"start":{"line":131,"column":8},"end":{"line":131,"column":null}},"66":{"start":{"line":135,"column":4},"end":{"line":160,"column":null}},"67":{"start":{"line":139,"column":10},"end":{"line":139,"column":null}},"68":{"start":{"line":140,"column":10},"end":{"line":140,"column":null}},"69":{"start":{"line":140,"column":28},"end":{"line":140,"column":null}},"70":{"start":{"line":164,"column":2},"end":{"line":238,"column":null}},"71":{"start":{"line":179,"column":14},"end":{"line":181,"column":null}},"72":{"start":{"line":180,"column":38},"end":{"line":180,"column":66}},"73":{"start":{"line":196,"column":34},"end":{"line":196,"column":72}},"74":{"start":{"line":220,"column":16},"end":{"line":225,"column":null}}},"fnMap":{"0":{"name":"(anonymous_0)","decl":{"start":{"line":39,"column":6},"end":{"line":39,"column":55}},"loc":{"start":{"line":39,"column":83},"end":{"line":238,"column":null}},"line":39},"1":{"name":"(anonymous_1)","decl":{"start":{"line":43,"column":2},"end":{"line":43,"column":18}},"loc":{"start":{"line":43,"column":18},"end":{"line":60,"column":6}},"line":43},"2":{"name":"(anonymous_2)","decl":{"start":{"line":44,"column":23},"end":{"line":44,"column":35}},"loc":{"start":{"line":44,"column":35},"end":{"line":56,"column":null}},"line":44},"3":{"name":"(anonymous_3)","decl":{"start":{"line":49,"column":15},"end":{"line":49,"column":23}},"loc":{"start":{"line":49,"column":31},"end":{"line":52,"column":null}},"line":49},"4":{"name":"(anonymous_4)","decl":{"start":{"line":50,"column":31},"end":{"line":50,"column":36}},"loc":{"start":{"line":50,"column":41},"end":{"line":50,"column":60}},"line":50},"5":{"name":"(anonymous_5)","decl":{"start":{"line":62,"column":21},"end":{"line":62,"column":28}},"loc":{"start":{"line":62,"column":86},"end":{"line":79,"column":null}},"line":62},"6":{"name":"(anonymous_6)","decl":{"start":{"line":83,"column":29},"end":{"line":83,"column":34}},"loc":{"start":{"line":83,"column":39},"end":{"line":83,"column":63}},"line":83},"7":{"name":"(anonymous_7)","decl":{"start":{"line":86,"column":8},"end":{"line":86,"column":22}},"loc":{"start":{"line":86,"column":59},"end":{"line":160,"column":null}},"line":86},"8":{"name":"(anonymous_8)","decl":{"start":{"line":91,"column":23},"end":{"line":91,"column":28}},"loc":{"start":{"line":91,"column":33},"end":{"line":91,"column":49}},"line":91},"9":{"name":"(anonymous_9)","decl":{"start":{"line":138,"column":8},"end":{"line":138,"column":23}},"loc":{"start":{"line":138,"column":23},"end":{"line":140,"column":null}},"line":138},"10":{"name":"(anonymous_10)","decl":{"start":{"line":178,"column":19},"end":{"line":178,"column":23}},"loc":{"start":{"line":179,"column":14},"end":{"line":181,"column":null}},"line":179},"11":{"name":"(anonymous_11)","decl":{"start":{"line":180,"column":23},"end":{"line":180,"column":27}},"loc":{"start":{"line":180,"column":38},"end":{"line":180,"column":66}},"line":180},"12":{"name":"(anonymous_12)","decl":{"start":{"line":196,"column":19},"end":{"line":196,"column":34}},"loc":{"start":{"line":196,"column":34},"end":{"line":196,"column":72}},"line":196},"13":{"name":"(anonymous_13)","decl":{"start":{"line":219,"column":58},"end":{"line":219,"column":63}},"loc":{"start":{"line":220,"column":16},"end":{"line":225,"column":null}},"line":220}},"branchMap":{"0":{"loc":{"start":{"line":47,"column":8},"end":{"line":53,"column":null}},"type":"if","locations":[{"start":{"line":47,"column":8},"end":{"line":53,"column":null}},{"start":{},"end":{}}],"line":47},"1":{"loc":{"start":{"line":51,"column":12},"end":{"line":51,"column":null}},"type":"if","locations":[{"start":{"line":51,"column":12},"end":{"line":51,"column":null}},{"start":{},"end":{}}],"line":51},"2":{"loc":{"start":{"line":59,"column":4},"end":{"line":59,"column":null}},"type":"if","locations":[{"start":{"line":59,"column":4},"end":{"line":59,"column":null}},{"start":{},"end":{}}],"line":59},"3":{"loc":{"start":{"line":65,"column":6},"end":{"line":76,"column":null}},"type":"if","locations":[{"start":{"line":65,"column":6},"end":{"line":76,"column":null}},{"start":{"line":70,"column":13},"end":{"line":76,"column":null}}],"line":65},"4":{"loc":{"start":{"line":73,"column":26},"end":{"line":73,"column":null}},"type":"binary-expr","locations":[{"start":{"line":73,"column":26},"end":{"line":73,"column":43}},{"start":{"line":73,"column":43},"end":{"line":73,"column":null}}],"line":73},"5":{"loc":{"start":{"line":84,"column":19},"end":{"line":84,"column":null}},"type":"cond-expr","locations":[{"start":{"line":84,"column":34},"end":{"line":84,"column":58}},{"start":{"line":84,"column":58},"end":{"line":84,"column":null}}],"line":84},"6":{"loc":{"start":{"line":89,"column":17},"end":{"line":89,"column":null}},"type":"cond-expr","locations":[{"start":{"line":89,"column":26},"end":{"line":89,"column":52}},{"start":{"line":89,"column":52},"end":{"line":89,"column":null}}],"line":89},"7":{"loc":{"start":{"line":89,"column":52},"end":{"line":89,"column":null}},"type":"cond-expr","locations":[{"start":{"line":89,"column":63},"end":{"line":89,"column":89}},{"start":{"line":89,"column":89},"end":{"line":89,"column":null}}],"line":89},"8":{"loc":{"start":{"line":96,"column":20},"end":{"line":96,"column":50}},"type":"binary-expr","locations":[{"start":{"line":96,"column":20},"end":{"line":96,"column":37}},{"start":{"line":96,"column":37},"end":{"line":96,"column":50}}],"line":96},"9":{"loc":{"start":{"line":99,"column":10},"end":{"line":99,"column":null}},"type":"binary-expr","locations":[{"start":{"line":99,"column":22},"end":{"line":99,"column":38}},{"start":{"line":99,"column":38},"end":{"line":99,"column":55}},{"start":{"line":99,"column":55},"end":{"line":99,"column":null}}],"line":99},"10":{"loc":{"start":{"line":100,"column":10},"end":{"line":100,"column":null}},"type":"binary-expr","locations":[{"start":{"line":100,"column":22},"end":{"line":100,"column":38}},{"start":{"line":100,"column":38},"end":{"line":100,"column":55}},{"start":{"line":100,"column":55},"end":{"line":100,"column":null}}],"line":100},"11":{"loc":{"start":{"line":101,"column":10},"end":{"line":101,"column":null}},"type":"binary-expr","locations":[{"start":{"line":101,"column":23},"end":{"line":101,"column":40}},{"start":{"line":101,"column":40},"end":{"line":101,"column":58}},{"start":{"line":101,"column":58},"end":{"line":101,"column":null}}],"line":101},"12":{"loc":{"start":{"line":109,"column":4},"end":{"line":111,"column":null}},"type":"if","locations":[{"start":{"line":109,"column":4},"end":{"line":111,"column":null}},{"start":{},"end":{}}],"line":109},"13":{"loc":{"start":{"line":113,"column":4},"end":{"line":115,"column":null}},"type":"if","locations":[{"start":{"line":113,"column":4},"end":{"line":115,"column":null}},{"start":{},"end":{}}],"line":113},"14":{"loc":{"start":{"line":117,"column":4},"end":{"line":118,"column":null}},"type":"if","locations":[{"start":{"line":117,"column":4},"end":{"line":118,"column":null}},{"start":{},"end":{}}],"line":117},"15":{"loc":{"start":{"line":121,"column":28},"end":{"line":123,"column":null}},"type":"cond-expr","locations":[{"start":{"line":122,"column":8},"end":{"line":122,"column":null}},{"start":{"line":123,"column":8},"end":{"line":123,"column":null}}],"line":121},"16":{"loc":{"start":{"line":127,"column":4},"end":{"line":131,"column":null}},"type":"if","locations":[{"start":{"line":127,"column":4},"end":{"line":131,"column":null}},{"start":{},"end":{}}],"line":127},"17":{"loc":{"start":{"line":129,"column":6},"end":{"line":131,"column":null}},"type":"if","locations":[{"start":{"line":129,"column":6},"end":{"line":131,"column":null}},{"start":{},"end":{}}],"line":129},"18":{"loc":{"start":{"line":140,"column":10},"end":{"line":140,"column":null}},"type":"if","locations":[{"start":{"line":140,"column":10},"end":{"line":140,"column":null}},{"start":{},"end":{}}],"line":140},"19":{"loc":{"start":{"line":145,"column":12},"end":{"line":145,"column":null}},"type":"cond-expr","locations":[{"start":{"line":145,"column":25},"end":{"line":145,"column":52}},{"start":{"line":145,"column":52},"end":{"line":145,"column":null}}],"line":145},"20":{"loc":{"start":{"line":146,"column":12},"end":{"line":146,"column":null}},"type":"cond-expr","locations":[{"start":{"line":146,"column":27},"end":{"line":146,"column":59}},{"start":{"line":146,"column":59},"end":{"line":146,"column":null}}],"line":146},"21":{"loc":{"start":{"line":155,"column":9},"end":{"line":158,"column":null}},"type":"binary-expr","locations":[{"start":{"line":155,"column":9},"end":{"line":155,"column":null}},{"start":{"line":156,"column":10},"end":{"line":158,"column":null}}],"line":155},"22":{"loc":{"start":{"line":188,"column":9},"end":{"line":236,"column":9}},"type":"cond-expr","locations":[{"start":{"line":189,"column":10},"end":{"line":230,"column":11}},{"start":{"line":230,"column":10},"end":{"line":236,"column":9}}],"line":188},"23":{"loc":{"start":{"line":188,"column":9},"end":{"line":188,"column":null}},"type":"binary-expr","locations":[{"start":{"line":188,"column":9},"end":{"line":188,"column":25}},{"start":{"line":188,"column":25},"end":{"line":188,"column":null}}],"line":188},"24":{"loc":{"start":{"line":197,"column":31},"end":{"line":197,"column":null}},"type":"cond-expr","locations":[{"start":{"line":197,"column":42},"end":{"line":197,"column":60}},{"start":{"line":197,"column":60},"end":{"line":197,"column":null}}],"line":197},"25":{"loc":{"start":{"line":200,"column":21},"end":{"line":200,"column":null}},"type":"cond-expr","locations":[{"start":{"line":200,"column":32},"end":{"line":200,"column":80}},{"start":{"line":200,"column":79},"end":{"line":200,"column":null}}],"line":200},"26":{"loc":{"start":{"line":219,"column":30},"end":{"line":219,"column":56}},"type":"binary-expr","locations":[{"start":{"line":219,"column":30},"end":{"line":219,"column":54}},{"start":{"line":219,"column":54},"end":{"line":219,"column":56}}],"line":219}},"s":{"0":2,"1":2,"2":2,"3":24,"4":24,"5":24,"6":14,"7":8,"8":8,"9":8,"10":8,"11":8,"12":2,"13":4,"14":2,"15":0,"16":8,"17":0,"18":14,"19":8,"20":24,"21":1,"22":1,"23":1,"24":0,"25":0,"26":0,"27":0,"28":1,"29":1,"30":0,"31":24,"32":17,"33":24,"34":24,"35":4056,"36":4056,"37":4056,"38":4056,"39":3542,"40":4056,"41":4056,"42":4056,"43":4056,"44":4056,"45":4056,"46":4056,"47":4056,"48":4056,"49":4056,"50":4056,"51":4056,"52":19,"53":19,"54":4056,"55":12,"56":12,"57":4056,"58":4037,"59":4056,"60":4056,"61":4056,"62":4037,"63":4037,"64":4037,"65":4037,"66":4056,"67":2,"68":2,"69":1,"70":24,"71":312,"72":4056,"73":1,"74":12},"f":{"0":24,"1":14,"2":8,"3":2,"4":4,"5":1,"6":17,"7":4056,"8":3542,"9":2,"10":312,"11":4056,"12":1,"13":12},"b":{"0":[8,0],"1":[0,2],"2":[8,6],"3":[0,1],"4":[1,1],"5":[4,20],"6":[312,3744],"7":[1872,1872],"8":[4056,4037],"9":[4056,5,19],"10":[4056,4042,4044],"11":[4056,4042,4037],"12":[19,4037],"13":[12,4044],"14":[4037,19],"15":[4056,0],"16":[4037,19],"17":[4037,0],"18":[1,1],"19":[4,4052],"20":[1,4055],"21":[4056,1],"22":[4,20],"23":[24,4],"24":[1,3],"25":[1,3],"26":[4,0]},"meta":{"lastBranch":27,"lastFunction":14,"lastStatement":75,"seen":{"s:28:14:28:Infinity":0,"s:31:15:37:Infinity":1,"s:39:6:238:Infinity":2,"f:39:6:39:55":0,"s:40:16:40:70":3,"s:41:23:41:71":4,"s:43:2:60:Infinity":5,"f:43:2:43:18":1,"s:44:23:56:Infinity":6,"f:44:23:44:35":2,"s:45:6:56:Infinity":7,"s:46:21:46:67":8,"b:47:8:53:Infinity:undefined:undefined:undefined:undefined":0,"s:47:8:53:Infinity":9,"s:48:56:48:58":10,"s:49:10:52:Infinity":11,"f:49:15:49:23":3,"s:50:25:50:60":12,"f:50:31:50:36":4,"s:50:41:50:60":13,"b:51:12:51:Infinity:undefined:undefined:undefined:undefined":1,"s:51:12:51:Infinity":14,"s:51:22:51:Infinity":15,"s:53:10:53:Infinity":16,"s:56:8:56:Infinity":17,"b:59:4:59:Infinity:undefined:undefined:undefined:undefined":2,"s:59:4:59:Infinity":18,"s:59:26:59:Infinity":19,"s:62:21:79:Infinity":20,"f:62:21:62:28":5,"s:63:21:63:Infinity":21,"s:64:4:79:Infinity":22,"b:65:6:76:Infinity:70:13:76:Infinity":3,"s:65:6:76:Infinity":23,"s:66:8:66:Infinity":24,"s:67:25:67:37":25,"s:68:8:68:Infinity":26,"s:69:8:69:Infinity":27,"s:71:24:75:10":28,"b:73:26:73:43:73:43:73:Infinity":4,"s:76:8:76:Infinity":29,"s:79:6:79:Infinity":30,"s:83:23:83:63":31,"f:83:29:83:34":6,"s:83:39:83:63":32,"s:84:19:84:Infinity":33,"b:84:34:84:58:84:58:84:Infinity":5,"s:86:8:160:Infinity":34,"f:86:8:86:22":7,"s:87:19:87:Infinity":35,"s:88:21:88:68":36,"s:89:17:89:Infinity":37,"b:89:26:89:52:89:52:89:Infinity":6,"b:89:63:89:89:89:89:89:Infinity":7,"s:91:17:91:49":38,"f:91:23:91:28":8,"s:91:33:91:49":39,"s:92:23:92:Infinity":40,"s:93:25:93:Infinity":41,"s:96:20:96:50":42,"b:96:20:96:37:96:37:96:50":8,"s:99:10:99:Infinity":43,"b:99:22:99:38:99:38:99:55:99:55:99:Infinity":9,"s:100:10:100:Infinity":44,"b:100:22:100:38:100:38:100:55:100:55:100:Infinity":10,"s:101:10:101:Infinity":45,"b:101:23:101:40:101:40:101:58:101:58:101:Infinity":11,"s:103:20:103:Infinity":46,"s:104:20:104:Infinity":47,"s:105:21:105:Infinity":48,"s:107:34:107:36":49,"s:108:21:108:Infinity":50,"b:109:4:111:Infinity:undefined:undefined:undefined:undefined":12,"s:109:4:111:Infinity":51,"s:110:6:110:Infinity":52,"s:111:6:111:Infinity":53,"b:113:4:115:Infinity:undefined:undefined:undefined:undefined":13,"s:113:4:115:Infinity":54,"s:114:6:114:Infinity":55,"s:115:6:115:Infinity":56,"b:117:4:118:Infinity:undefined:undefined:undefined:undefined":14,"s:117:4:118:Infinity":57,"s:118:6:118:Infinity":58,"s:121:28:123:Infinity":59,"b:122:8:122:Infinity:123:8:123:Infinity":15,"s:126:22:126:Infinity":60,"b:127:4:131:Infinity:undefined:undefined:undefined:undefined":16,"s:127:4:131:Infinity":61,"s:128:24:128:Infinity":62,"b:129:6:131:Infinity:undefined:undefined:undefined:undefined":17,"s:129:6:131:Infinity":63,"s:130:14:130:70":64,"s:131:8:131:Infinity":65,"s:135:4:160:Infinity":66,"f:138:8:138:23":9,"s:139:10:139:Infinity":67,"b:140:10:140:Infinity:undefined:undefined:undefined:undefined":18,"s:140:10:140:Infinity":68,"s:140:28:140:Infinity":69,"b:145:25:145:52:145:52:145:Infinity":19,"b:146:27:146:59:146:59:146:Infinity":20,"b:155:9:155:Infinity:156:10:158:Infinity":21,"s:164:2:238:Infinity":70,"f:178:19:178:23":10,"s:179:14:181:Infinity":71,"f:180:23:180:27":11,"s:180:38:180:66":72,"b:189:10:230:11:230:10:236:9":22,"b:188:9:188:25:188:25:188:Infinity":23,"f:196:19:196:34":12,"s:196:34:196:72":73,"b:197:42:197:60:197:60:197:Infinity":24,"b:200:32:200:80:200:79:200:Infinity":25,"b:219:30:219:54:219:54:219:56":26,"f:219:58:219:63":13,"s:220:16:225:Infinity":74}}}
,"/home/samuel/Development/GTO-Wizard/frontend/src/contexts/SolutionContext.tsx": {"path":"/home/samuel/Development/GTO-Wizard/frontend/src/contexts/SolutionContext.tsx","statementMap":{"0":{"start":{"line":9,"column":6},"end":{"line":9,"column":81}},"1":{"start":{"line":11,"column":13},"end":{"line":37,"column":null}},"2":{"start":{"line":12,"column":27},"end":{"line":14,"column":null}},"3":{"start":{"line":13,"column":4},"end":{"line":13,"column":null}},"4":{"start":{"line":15,"column":8},"end":{"line":15,"column":32}},"5":{"start":{"line":18,"column":2},"end":{"line":24,"column":null}},"6":{"start":{"line":19,"column":4},"end":{"line":22,"column":null}},"7":{"start":{"line":20,"column":6},"end":{"line":20,"column":null}},"8":{"start":{"line":22,"column":6},"end":{"line":22,"column":null}},"9":{"start":{"line":27,"column":2},"end":{"line":32,"column":null}},"10":{"start":{"line":28,"column":18},"end":{"line":28,"column":46}},"11":{"start":{"line":29,"column":4},"end":{"line":30,"column":null}},"12":{"start":{"line":30,"column":6},"end":{"line":30,"column":null}},"13":{"start":{"line":34,"column":2},"end":{"line":37,"column":null}},"14":{"start":{"line":41,"column":13},"end":{"line":46,"column":null}},"15":{"start":{"line":42,"column":8},"end":{"line":42,"column":45}},"16":{"start":{"line":43,"column":2},"end":{"line":44,"column":null}},"17":{"start":{"line":44,"column":4},"end":{"line":44,"column":null}},"18":{"start":{"line":46,"column":2},"end":{"line":46,"column":null}}},"fnMap":{"0":{"name":"(anonymous_0)","decl":{"start":{"line":11,"column":13},"end":{"line":11,"column":74}},"loc":{"start":{"line":11,"column":91},"end":{"line":37,"column":null}},"line":11},"1":{"name":"(anonymous_1)","decl":{"start":{"line":12,"column":50},"end":{"line":12,"column":80}},"loc":{"start":{"line":12,"column":80},"end":{"line":14,"column":null}},"line":12},"2":{"name":"(anonymous_2)","decl":{"start":{"line":18,"column":2},"end":{"line":18,"column":18}},"loc":{"start":{"line":18,"column":18},"end":{"line":24,"column":6}},"line":18},"3":{"name":"(anonymous_3)","decl":{"start":{"line":27,"column":2},"end":{"line":27,"column":18}},"loc":{"start":{"line":27,"column":18},"end":{"line":32,"column":6}},"line":27},"4":{"name":"(anonymous_4)","decl":{"start":{"line":41,"column":13},"end":{"line":41,"column":33}},"loc":{"start":{"line":41,"column":33},"end":{"line":46,"column":null}},"line":41}},"branchMap":{"0":{"loc":{"start":{"line":19,"column":4},"end":{"line":22,"column":null}},"type":"if","locations":[{"start":{"line":19,"column":4},"end":{"line":22,"column":null}},{"start":{"line":21,"column":11},"end":{"line":22,"column":null}}],"line":19},"1":{"loc":{"start":{"line":29,"column":4},"end":{"line":30,"column":null}},"type":"if","locations":[{"start":{"line":29,"column":4},"end":{"line":30,"column":null}},{"start":{},"end":{}}],"line":29},"2":{"loc":{"start":{"line":29,"column":4},"end":{"line":29,"column":72}},"type":"binary-expr","locations":[{"start":{"line":29,"column":9},"end":{"line":29,"column":37}},{"start":{"line":29,"column":37},"end":{"line":29,"column":62}},{"start":{"line":29,"column":62},"end":{"line":29,"column":72}}],"line":29},"3":{"loc":{"start":{"line":43,"column":2},"end":{"line":44,"column":null}},"type":"if","locations":[{"start":{"line":43,"column":2},"end":{"line":44,"column":null}},{"start":{},"end":{}}],"line":43}},"s":{"0":1,"1":1,"2":3,"3":2,"4":3,"5":3,"6":3,"7":2,"8":1,"9":3,"10":2,"11":2,"12":0,"13":3,"14":1,"15":3,"16":3,"17":0,"18":3},"f":{"0":3,"1":2,"2":3,"3":2,"4":3},"b":{"0":[2,1],"1":[0,2],"2":[2,2,0],"3":[0,3]},"meta":{"lastBranch":4,"lastFunction":5,"lastStatement":19,"seen":{"s:9:6:9:81":0,"s:11:13:37:Infinity":1,"f:11:13:11:74":0,"s:12:27:14:Infinity":2,"f:12:50:12:80":1,"s:13:4:13:Infinity":3,"s:15:8:15:32":4,"s:18:2:24:Infinity":5,"f:18:2:18:18":2,"b:19:4:22:Infinity:21:11:22:Infinity":0,"s:19:4:22:Infinity":6,"s:20:6:20:Infinity":7,"s:22:6:22:Infinity":8,"s:27:2:32:Infinity":9,"f:27:2:27:18":3,"s:28:18:28:46":10,"b:29:4:30:Infinity:undefined:undefined:undefined:undefined":1,"s:29:4:30:Infinity":11,"b:29:9:29:37:29:37:29:62:29:62:29:72":2,"s:30:6:30:Infinity":12,"s:34:2:37:Infinity":13,"s:41:13:46:Infinity":14,"f:41:13:41:33":4,"s:42:8:42:45":15,"b:43:2:44:Infinity:undefined:undefined:undefined:undefined":3,"s:43:2:44:Infinity":16,"s:44:4:44:Infinity":17,"s:46:2:46:Infinity":18}}}
}
